2026-05-11 00:31:21 DEBUG PackageRelationshipCollection:307 - Parsing relationship: /xl/_rels/workbook.xml.rels
2026-05-11 00:31:21 DEBUG PackageRelationshipCollection:307 - Parsing relationship: /_rels/.rels
2026-05-11 00:31:22 DEBUG PackageRelationshipCollection:307 - Parsing relationship: /xl/_rels/workbook.xml.rels
2026-05-11 00:31:22 DEBUG PackageRelationshipCollection:307 - Parsing relationship: /_rels/.rels
2026-05-11 00:31:22 DEBUG PackageRelationshipCollection:307 - Parsing relationship: /xl/_rels/workbook.xml.rels
2026-05-11 00:31:22 DEBUG PackageRelationshipCollection:307 - Parsing relationship: /_rels/.rels
2026-05-11 00:31:22 DEBUG PackageRelationshipCollection:307 - Parsing relationship: /xl/_rels/workbook.xml.rels
2026-05-11 00:31:22 DEBUG PackageRelationshipCollection:307 - Parsing relationship: /_rels/.rels
2026-05-11 00:31:22 DEBUG PackageRelationshipCollection:307 - Parsing relationship: /xl/_rels/workbook.xml.rels
2026-05-11 00:31:22 DEBUG PackageRelationshipCollection:307 - Parsing relationship: /_rels/.rels
2026-05-11 00:31:22 DEBUG PackageRelationshipCollection:307 - Parsing relationship: /xl/_rels/workbook.xml.rels
2026-05-11 00:31:22 DEBUG PackageRelationshipCollection:307 - Parsing relationship: /_rels/.rels
2026-05-11 00:31:22 DEBUG PackageRelationshipCollection:307 - Parsing relationship: /xl/_rels/workbook.xml.rels
2026-05-11 00:31:22 DEBUG PackageRelationshipCollection:307 - Parsing relationship: /_rels/.rels
2026-05-11 00:31:22 DEBUG PackageRelationshipCollection:307 - Parsing relationship: /xl/_rels/workbook.xml.rels
2026-05-11 00:31:22 DEBUG PackageRelationshipCollection:307 - Parsing relationship: /_rels/.rels
2026-05-11 00:31:22 DEBUG PackageRelationshipCollection:307 - Parsing relationship: /xl/_rels/workbook.xml.rels
2026-05-11 00:31:22 DEBUG PackageRelationshipCollection:307 - Parsing relationship: /_rels/.rels
2026-05-11 00:31:22 DEBUG PackageRelationshipCollection:307 - Parsing relationship: /xl/_rels/workbook.xml.rels
2026-05-11 00:31:22 DEBUG PackageRelationshipCollection:307 - Parsing relationship: /_rels/.rels
2026-05-11 00:31:22 DEBUG PackageRelationshipCollection:307 - Parsing relationship: /xl/_rels/workbook.xml.rels
2026-05-11 00:31:22 DEBUG PackageRelationshipCollection:307 - Parsing relationship: /_rels/.rels
2026-05-11 00:31:22 DEBUG PackageRelationshipCollection:307 - Parsing relationship: /xl/_rels/workbook.xml.rels
2026-05-11 00:31:22 DEBUG PackageRelationshipCollection:307 - Parsing relationship: /_rels/.rels
2026-05-11 00:31:22 DEBUG PackageRelationshipCollection:307 - Parsing relationship: /xl/_rels/workbook.xml.rels
2026-05-11 00:31:22 DEBUG PackageRelationshipCollection:307 - Parsing relationship: /_rels/.rels
2026-05-11 00:31:22 DEBUG PackageRelationshipCollection:307 - Parsing relationship: /xl/_rels/workbook.xml.rels
2026-05-11 00:31:22 DEBUG PackageRelationshipCollection:307 - Parsing relationship: /_rels/.rels
2026-05-11 00:31:22 DEBUG PackageRelationshipCollection:307 - Parsing relationship: /xl/_rels/workbook.xml.rels
2026-05-11 00:31:22 DEBUG PackageRelationshipCollection:307 - Parsing relationship: /_rels/.rels
2026-05-11 00:31:22 DEBUG PackageRelationshipCollection:307 - Parsing relationship: /xl/_rels/workbook.xml.rels
2026-05-11 00:31:22 DEBUG PackageRelationshipCollection:307 - Parsing relationship: /_rels/.rels
2026-05-11 00:31:22 DEBUG PackageRelationshipCollection:307 - Parsing relationship: /xl/_rels/workbook.xml.rels
2026-05-11 00:31:22 DEBUG PackageRelationshipCollection:307 - Parsing relationship: /_rels/.rels
2026-05-11 00:31:22 DEBUG PackageRelationshipCollection:307 - Parsing relationship: /xl/_rels/workbook.xml.rels
2026-05-11 00:31:22 DEBUG PackageRelationshipCollection:307 - Parsing relationship: /_rels/.rels
2026-05-11 00:31:22 DEBUG PackageRelationshipCollection:307 - Parsing relationship: /xl/_rels/workbook.xml.rels
2026-05-11 00:31:22 DEBUG PackageRelationshipCollection:307 - Parsing relationship: /_rels/.rels
2026-05-11 00:31:22 DEBUG PackageRelationshipCollection:307 - Parsing relationship: /xl/_rels/workbook.xml.rels
2026-05-11 00:31:22 DEBUG PackageRelationshipCollection:307 - Parsing relationship: /_rels/.rels
2026-05-11 00:31:22 DEBUG PackageRelationshipCollection:307 - Parsing relationship: /xl/_rels/workbook.xml.rels
2026-05-11 00:31:22 DEBUG PackageRelationshipCollection:307 - Parsing relationship: /_rels/.rels
2026-05-11 00:31:22 DEBUG PackageRelationshipCollection:307 - Parsing relationship: /xl/_rels/workbook.xml.rels
2026-05-11 00:31:22 DEBUG PackageRelationshipCollection:307 - Parsing relationship: /_rels/.rels
2026-05-11 00:31:22 DEBUG PackageRelationshipCollection:307 - Parsing relationship: /xl/_rels/workbook.xml.rels
2026-05-11 00:31:22 DEBUG PackageRelationshipCollection:307 - Parsing relationship: /_rels/.rels
2026-05-11 00:31:22 DEBUG PackageRelationshipCollection:307 - Parsing relationship: /xl/_rels/workbook.xml.rels
2026-05-11 00:31:22 DEBUG PackageRelationshipCollection:307 - Parsing relationship: /_rels/.rels
2026-05-11 00:31:22 DEBUG PackageRelationshipCollection:307 - Parsing relationship: /xl/_rels/workbook.xml.rels
2026-05-11 00:31:22 DEBUG PackageRelationshipCollection:307 - Parsing relationship: /_rels/.rels
2026-05-11 00:31:22 DEBUG PackageRelationshipCollection:307 - Parsing relationship: /xl/_rels/workbook.xml.rels
2026-05-11 00:31:22 DEBUG PackageRelationshipCollection:307 - Parsing relationship: /_rels/.rels
2026-05-11 00:31:22 DEBUG PackageRelationshipCollection:307 - Parsing relationship: /xl/_rels/workbook.xml.rels
2026-05-11 00:31:22 DEBUG PackageRelationshipCollection:307 - Parsing relationship: /_rels/.rels
2026-05-11 00:31:22 DEBUG PackageRelationshipCollection:307 - Parsing relationship: /xl/_rels/workbook.xml.rels
2026-05-11 00:31:22 DEBUG PackageRelationshipCollection:307 - Parsing relationship: /_rels/.rels
2026-05-11 00:31:22 DEBUG PackageRelationshipCollection:307 - Parsing relationship: /xl/_rels/workbook.xml.rels
2026-05-11 00:31:22 DEBUG PackageRelationshipCollection:307 - Parsing relationship: /_rels/.rels
2026-05-11 00:31:22 DEBUG PackageRelationshipCollection:307 - Parsing relationship: /xl/_rels/workbook.xml.rels
2026-05-11 00:31:22 DEBUG PackageRelationshipCollection:307 - Parsing relationship: /_rels/.rels
2026-05-11 00:31:22 DEBUG PackageRelationshipCollection:307 - Parsing relationship: /xl/_rels/workbook.xml.rels
2026-05-11 00:31:22 DEBUG PackageRelationshipCollection:307 - Parsing relationship: /_rels/.rels
2026-05-11 00:31:22 DEBUG PackageRelationshipCollection:307 - Parsing relationship: /xl/_rels/workbook.xml.rels
2026-05-11 00:31:22 DEBUG PackageRelationshipCollection:307 - Parsing relationship: /_rels/.rels
2026-05-11 00:31:22 DEBUG PackageRelationshipCollection:307 - Parsing relationship: /xl/_rels/workbook.xml.rels
2026-05-11 00:31:22 DEBUG PackageRelationshipCollection:307 - Parsing relationship: /_rels/.rels
2026-05-11 00:31:22 DEBUG PackageRelationshipCollection:307 - Parsing relationship: /xl/_rels/workbook.xml.rels
2026-05-11 00:31:22 DEBUG PackageRelationshipCollection:307 - Parsing relationship: /_rels/.rels
2026-05-11 00:31:22 DEBUG PackageRelationshipCollection:307 - Parsing relationship: /xl/_rels/workbook.xml.rels
2026-05-11 00:31:22 DEBUG PackageRelationshipCollection:307 - Parsing relationship: /_rels/.rels
2026-05-11 00:31:22 DEBUG PackageRelationshipCollection:307 - Parsing relationship: /xl/_rels/workbook.xml.rels
2026-05-11 00:31:22 DEBUG PackageRelationshipCollection:307 - Parsing relationship: /_rels/.rels
2026-05-11 00:31:22 DEBUG PackageRelationshipCollection:307 - Parsing relationship: /xl/_rels/workbook.xml.rels
2026-05-11 00:31:22 DEBUG PackageRelationshipCollection:307 - Parsing relationship: /_rels/.rels
2026-05-11 00:31:22 DEBUG PackageRelationshipCollection:307 - Parsing relationship: /xl/_rels/workbook.xml.rels
2026-05-11 00:31:22 DEBUG PackageRelationshipCollection:307 - Parsing relationship: /_rels/.rels
2026-05-11 00:31:22 DEBUG PackageRelationshipCollection:307 - Parsing relationship: /xl/_rels/workbook.xml.rels
2026-05-11 00:31:22 DEBUG PackageRelationshipCollection:307 - Parsing relationship: /_rels/.rels
2026-05-11 00:31:22 DEBUG PackageRelationshipCollection:307 - Parsing relationship: /xl/_rels/workbook.xml.rels
2026-05-11 00:31:22 DEBUG PackageRelationshipCollection:307 - Parsing relationship: /_rels/.rels
2026-05-11 00:31:22 DEBUG PackageRelationshipCollection:307 - Parsing relationship: /xl/_rels/workbook.xml.rels
2026-05-11 00:31:22 DEBUG PackageRelationshipCollection:307 - Parsing relationship: /_rels/.rels
2026-05-11 00:31:22 DEBUG PackageRelationshipCollection:307 - Parsing relationship: /xl/_rels/workbook.xml.rels
2026-05-11 00:31:22 DEBUG PackageRelationshipCollection:307 - Parsing relationship: /_rels/.rels
2026-05-11 00:31:22 DEBUG PackageRelationshipCollection:307 - Parsing relationship: /xl/_rels/workbook.xml.rels
2026-05-11 00:31:22 DEBUG PackageRelationshipCollection:307 - Parsing relationship: /_rels/.rels
2026-05-11 00:31:22 DEBUG PackageRelationshipCollection:307 - Parsing relationship: /xl/_rels/workbook.xml.rels
2026-05-11 00:31:22 DEBUG PackageRelationshipCollection:307 - Parsing relationship: /_rels/.rels
2026-05-11 00:31:22 DEBUG PackageRelationshipCollection:307 - Parsing relationship: /xl/_rels/workbook.xml.rels
2026-05-11 00:31:22 DEBUG PackageRelationshipCollection:307 - Parsing relationship: /_rels/.rels
2026-05-11 00:31:22 DEBUG PackageRelationshipCollection:307 - Parsing relationship: /xl/_rels/workbook.xml.rels
2026-05-11 00:31:22 DEBUG PackageRelationshipCollection:307 - Parsing relationship: /_rels/.rels
2026-05-11 00:31:22 DEBUG DDAuthTests:31 - ------------Debuging--------------
2026-05-11 00:31:22 INFO  DDAuthTests:32 - ===== Setup Data Started =====
2026-05-11 00:31:23 INFO  DDAuthTests:38 - ************* Login User ***************
2026-05-11 00:31:26 INFO  DDAuthTests:46 - Request sent for user login
2026-05-11 00:31:26 INFO  DDAuthTests:49 - Validating response for user login.
2026-05-11 00:31:26 INFO  DDAuthTests:54 - ************* User logged  Successfully and token successfully.***************
2026-05-11 00:31:26 DEBUG DDAuthTests:31 - ------------Debuging--------------
2026-05-11 00:31:26 INFO  DDAuthTests:32 - ===== Setup Data Started =====
2026-05-11 00:31:26 INFO  DDAuthTests:38 - ************* Login User ***************
2026-05-11 00:31:28 INFO  DDAuthTests:46 - Request sent for user login
2026-05-11 00:31:28 INFO  DDAuthTests:49 - Validating response for user login.
2026-05-11 00:31:28 INFO  DDAuthTests:54 - ************* User logged  Successfully and token successfully.***************
2026-05-11 00:31:28 DEBUG DDAuthTests:31 - ------------Debuging--------------
2026-05-11 00:31:28 INFO  DDAuthTests:32 - ===== Setup Data Started =====
2026-05-11 00:31:28 INFO  DDAuthTests:38 - ************* Login User ***************
2026-05-11 00:31:29 INFO  DDAuthTests:46 - Request sent for user login
2026-05-11 00:31:29 INFO  DDAuthTests:49 - Validating response for user login.
2026-05-11 00:31:29 INFO  DDAuthTests:54 - ************* User logged  Successfully and token successfully.***************
2026-05-11 00:31:29 DEBUG DDAuthTests:31 - ------------Debuging--------------
2026-05-11 00:31:29 INFO  DDAuthTests:32 - ===== Setup Data Started =====
2026-05-11 00:31:29 INFO  DDAuthTests:38 - ************* Login User ***************
2026-05-11 00:31:31 INFO  DDAuthTests:46 - Request sent for user login
2026-05-11 00:31:31 INFO  DDAuthTests:49 - Validating response for user login.
2026-05-11 00:31:31 INFO  DDAuthTests:54 - ************* User logged  Successfully and token successfully.***************
2026-05-11 00:31:31 DEBUG DDAuthTests:31 - ------------Debuging--------------
2026-05-11 00:31:31 INFO  DDAuthTests:32 - ===== Setup Data Started =====
2026-05-11 00:31:31 INFO  DDAuthTests:38 - ************* Login User ***************
2026-05-11 00:31:33 INFO  DDAuthTests:46 - Request sent for user login
2026-05-11 00:31:33 INFO  DDAuthTests:49 - Validating response for user login.
2026-05-11 00:31:33 INFO  DDAuthTests:54 - ************* User logged  Successfully and token successfully.***************
2026-05-11 00:31:33 DEBUG DDAuthTests:31 - ------------Debuging--------------
2026-05-11 00:31:33 INFO  DDAuthTests:32 - ===== Setup Data Started =====
2026-05-11 00:31:33 INFO  DDAuthTests:38 - ************* Login User ***************
2026-05-11 00:31:34 INFO  DDAuthTests:46 - Request sent for user login
2026-05-11 00:31:34 INFO  DDAuthTests:49 - Validating response for user login.
2026-05-11 00:31:34 INFO  DDAuthTests:54 - ************* User logged  Successfully and token successfully.***************
2026-05-11 00:31:34 DEBUG DDAuthTests:31 - ------------Debuging--------------
2026-05-11 00:31:34 INFO  DDAuthTests:32 - ===== Setup Data Started =====
2026-05-11 00:31:34 INFO  DDAuthTests:38 - ************* Login User ***************
2026-05-11 00:31:36 INFO  DDAuthTests:46 - Request sent for user login
2026-05-11 00:31:36 INFO  DDAuthTests:49 - Validating response for user login.
2026-05-11 00:31:36 INFO  DDAuthTests:54 - ************* User logged  Successfully and token successfully.***************
2026-05-11 00:31:36 DEBUG DDAuthTests:31 - ------------Debuging--------------
2026-05-11 00:31:36 INFO  DDAuthTests:32 - ===== Setup Data Started =====
2026-05-11 00:31:36 INFO  DDAuthTests:38 - ************* Login User ***************
2026-05-11 00:31:37 INFO  DDAuthTests:46 - Request sent for user login
2026-05-11 00:31:37 INFO  DDAuthTests:49 - Validating response for user login.
2026-05-11 00:31:37 INFO  DDAuthTests:54 - ************* User logged  Successfully and token successfully.***************
2026-05-11 00:31:37 DEBUG DDAuthTests:31 - ------------Debuging--------------
2026-05-11 00:31:37 INFO  DDAuthTests:32 - ===== Setup Data Started =====
2026-05-11 00:31:37 INFO  DDAuthTests:38 - ************* Login User ***************
2026-05-11 00:31:39 INFO  DDAuthTests:46 - Request sent for user login
2026-05-11 00:31:39 INFO  DDAuthTests:49 - Validating response for user login.
2026-05-11 00:31:39 INFO  DDAuthTests:54 - ************* User logged  Successfully and token successfully.***************
2026-05-11 00:31:39 DEBUG DDAuthTests:31 - ------------Debuging--------------
2026-05-11 00:31:39 INFO  DDAuthTests:32 - ===== Setup Data Started =====
2026-05-11 00:31:39 INFO  DDAuthTests:38 - ************* Login User ***************
2026-05-11 00:31:41 INFO  DDAuthTests:46 - Request sent for user login
2026-05-11 00:31:41 INFO  DDAuthTests:49 - Validating response for user login.
2026-05-11 00:31:41 INFO  DDAuthTests:54 - ************* User logged  Successfully and token successfully.***************
2026-05-11 00:31:41 DEBUG DDAuthTests:31 - ------------Debuging--------------
2026-05-11 00:31:41 INFO  DDAuthTests:32 - ===== Setup Data Started =====
2026-05-11 00:31:41 INFO  DDAuthTests:38 - ************* Login User ***************
2026-05-11 00:31:42 INFO  DDAuthTests:46 - Request sent for user login
2026-05-11 00:31:42 INFO  DDAuthTests:49 - Validating response for user login.
2026-05-11 00:31:42 INFO  DDAuthTests:54 - ************* User logged  Successfully and token successfully.***************
2026-05-11 00:31:42 DEBUG DDAuthTests:31 - ------------Debuging--------------
2026-05-11 00:31:42 INFO  DDAuthTests:32 - ===== Setup Data Started =====
2026-05-11 00:31:42 INFO  DDAuthTests:38 - ************* Login User ***************
2026-05-11 00:31:44 INFO  DDAuthTests:46 - Request sent for user login
2026-05-11 00:31:44 INFO  DDAuthTests:49 - Validating response for user login.
2026-05-11 00:31:44 INFO  DDAuthTests:54 - ************* User logged  Successfully and token successfully.***************
2026-05-11 00:31:44 DEBUG DDAuthTests:31 - ------------Debuging--------------
2026-05-11 00:31:44 INFO  DDAuthTests:32 - ===== Setup Data Started =====
2026-05-11 00:31:44 INFO  DDAuthTests:38 - ************* Login User ***************
2026-05-11 00:31:45 INFO  DDAuthTests:46 - Request sent for user login
2026-05-11 00:31:45 INFO  DDAuthTests:49 - Validating response for user login.
2026-05-11 00:31:45 INFO  DDAuthTests:54 - ************* User logged  Successfully and token successfully.***************
2026-05-11 00:31:45 DEBUG DDAuthTests:31 - ------------Debuging--------------
2026-05-11 00:31:45 INFO  DDAuthTests:32 - ===== Setup Data Started =====
2026-05-11 00:31:45 INFO  DDAuthTests:38 - ************* Login User ***************
2026-05-11 00:31:47 INFO  DDAuthTests:46 - Request sent for user login
2026-05-11 00:31:47 INFO  DDAuthTests:49 - Validating response for user login.
2026-05-11 00:31:47 INFO  DDAuthTests:54 - ************* User logged  Successfully and token successfully.***************
2026-05-11 00:31:47 DEBUG DDAuthTests:31 - ------------Debuging--------------
2026-05-11 00:31:47 INFO  DDAuthTests:32 - ===== Setup Data Started =====
2026-05-11 00:31:47 INFO  DDAuthTests:38 - ************* Login User ***************
2026-05-11 00:31:48 INFO  DDAuthTests:46 - Request sent for user login
2026-05-11 00:31:48 INFO  DDAuthTests:49 - Validating response for user login.
2026-05-11 00:31:48 INFO  DDAuthTests:54 - ************* User logged  Successfully and token successfully.***************
2026-05-11 00:31:48 DEBUG DDAuthTests:31 - ------------Debuging--------------
2026-05-11 00:31:48 INFO  DDAuthTests:32 - ===== Setup Data Started =====
2026-05-11 00:31:48 INFO  DDAuthTests:38 - ************* Login User ***************
2026-05-11 00:31:50 INFO  DDAuthTests:46 - Request sent for user login
2026-05-11 00:31:50 INFO  DDAuthTests:49 - Validating response for user login.
2026-05-11 00:31:50 INFO  DDAuthTests:54 - ************* User logged  Successfully and token successfully.***************
2026-05-11 00:31:50 DEBUG DDAuthTests:31 - ------------Debuging--------------
2026-05-11 00:31:50 INFO  DDAuthTests:32 - ===== Setup Data Started =====
2026-05-11 00:31:50 INFO  DDAuthTests:38 - ************* Login User ***************
2026-05-11 00:31:52 INFO  DDAuthTests:46 - Request sent for user login
2026-05-11 00:31:52 INFO  DDAuthTests:49 - Validating response for user login.
2026-05-11 00:31:52 INFO  DDAuthTests:54 - ************* User logged  Successfully and token successfully.***************
2026-05-11 00:31:52 DEBUG DDAuthTests:31 - ------------Debuging--------------
2026-05-11 00:31:52 INFO  DDAuthTests:32 - ===== Setup Data Started =====
2026-05-11 00:31:52 INFO  DDAuthTests:38 - ************* Login User ***************
2026-05-11 00:31:53 INFO  DDAuthTests:46 - Request sent for user login
2026-05-11 00:31:53 INFO  DDAuthTests:49 - Validating response for user login.
2026-05-11 00:31:53 INFO  DDAuthTests:54 - ************* User logged  Successfully and token successfully.***************
2026-05-11 00:31:53 DEBUG DDAuthTests:31 - ------------Debuging--------------
2026-05-11 00:31:53 INFO  DDAuthTests:32 - ===== Setup Data Started =====
2026-05-11 00:31:53 INFO  DDAuthTests:38 - ************* Login User ***************
2026-05-11 00:31:55 INFO  DDAuthTests:46 - Request sent for user login
2026-05-11 00:31:55 INFO  DDAuthTests:49 - Validating response for user login.
2026-05-11 00:31:55 INFO  DDAuthTests:54 - ************* User logged  Successfully and token successfully.***************
2026-05-11 00:31:55 DEBUG DDAuthTests:31 - ------------Debuging--------------
2026-05-11 00:31:55 INFO  DDAuthTests:32 - ===== Setup Data Started =====
2026-05-11 00:31:55 INFO  DDAuthTests:38 - ************* Login User ***************
2026-05-11 00:31:56 INFO  DDAuthTests:46 - Request sent for user login
2026-05-11 00:31:56 INFO  DDAuthTests:49 - Validating response for user login.
2026-05-11 00:31:56 INFO  DDAuthTests:54 - ************* User logged  Successfully and token successfully.***************
2026-05-11 00:31:56 DEBUG DDAuthTests:31 - ------------Debuging--------------
2026-05-11 00:31:56 INFO  DDAuthTests:32 - ===== Setup Data Started =====
2026-05-11 00:31:56 INFO  DDAuthTests:38 - ************* Login User ***************
2026-05-11 00:31:58 INFO  DDAuthTests:46 - Request sent for user login
2026-05-11 00:31:58 INFO  DDAuthTests:49 - Validating response for user login.
2026-05-11 00:31:58 INFO  DDAuthTests:54 - ************* User logged  Successfully and token successfully.***************
2026-05-11 00:31:58 DEBUG DDAuthTests:31 - ------------Debuging--------------
2026-05-11 00:31:58 INFO  DDAuthTests:32 - ===== Setup Data Started =====
2026-05-11 00:31:58 INFO  DDAuthTests:38 - ************* Login User ***************
2026-05-11 00:32:00 INFO  DDAuthTests:46 - Request sent for user login
2026-05-11 00:32:00 INFO  DDAuthTests:49 - Validating response for user login.
2026-05-11 00:32:00 INFO  DDAuthTests:54 - ************* User logged  Successfully and token successfully.***************
2026-05-11 00:32:00 INFO  DDAuthTests:61 - ************* Response Json validate successfully ***************
2026-05-11 00:32:00 INFO  DDBookingTests:29 - ===== Booking Test Setup Started =====
2026-05-11 00:32:01 INFO  DDBookingTests:35 - Bearer Token Generated Successfully
2026-05-11 00:32:01 INFO  DDBookingTests:37 - ===== Booking Test Setup Completed =====
2026-05-11 00:32:01 DEBUG PackageRelationshipCollection:307 - Parsing relationship: /xl/_rels/workbook.xml.rels
2026-05-11 00:32:01 DEBUG PackageRelationshipCollection:307 - Parsing relationship: /_rels/.rels
2026-05-11 00:32:01 DEBUG PackageRelationshipCollection:307 - Parsing relationship: /xl/_rels/workbook.xml.rels
2026-05-11 00:32:01 DEBUG PackageRelationshipCollection:307 - Parsing relationship: /_rels/.rels
2026-05-11 00:32:01 DEBUG PackageRelationshipCollection:307 - Parsing relationship: /xl/_rels/workbook.xml.rels
2026-05-11 00:32:01 DEBUG PackageRelationshipCollection:307 - Parsing relationship: /_rels/.rels
2026-05-11 00:32:01 DEBUG PackageRelationshipCollection:307 - Parsing relationship: /xl/_rels/workbook.xml.rels
2026-05-11 00:32:01 DEBUG PackageRelationshipCollection:307 - Parsing relationship: /_rels/.rels
2026-05-11 00:32:01 DEBUG PackageRelationshipCollection:307 - Parsing relationship: /xl/_rels/workbook.xml.rels
2026-05-11 00:32:01 DEBUG PackageRelationshipCollection:307 - Parsing relationship: /_rels/.rels
2026-05-11 00:32:01 DEBUG PackageRelationshipCollection:307 - Parsing relationship: /xl/_rels/workbook.xml.rels
2026-05-11 00:32:01 DEBUG PackageRelationshipCollection:307 - Parsing relationship: /_rels/.rels
2026-05-11 00:32:01 DEBUG PackageRelationshipCollection:307 - Parsing relationship: /xl/_rels/workbook.xml.rels
2026-05-11 00:32:01 DEBUG PackageRelationshipCollection:307 - Parsing relationship: /_rels/.rels
2026-05-11 00:32:01 DEBUG PackageRelationshipCollection:307 - Parsing relationship: /xl/_rels/workbook.xml.rels
2026-05-11 00:32:01 DEBUG PackageRelationshipCollection:307 - Parsing relationship: /_rels/.rels
2026-05-11 00:32:01 DEBUG PackageRelationshipCollection:307 - Parsing relationship: /xl/_rels/workbook.xml.rels
2026-05-11 00:32:01 DEBUG PackageRelationshipCollection:307 - Parsing relationship: /_rels/.rels
2026-05-11 00:32:01 DEBUG PackageRelationshipCollection:307 - Parsing relationship: /xl/_rels/workbook.xml.rels
2026-05-11 00:32:01 DEBUG PackageRelationshipCollection:307 - Parsing relationship: /_rels/.rels
2026-05-11 00:32:01 DEBUG PackageRelationshipCollection:307 - Parsing relationship: /xl/_rels/workbook.xml.rels
2026-05-11 00:32:01 DEBUG PackageRelationshipCollection:307 - Parsing relationship: /_rels/.rels
2026-05-11 00:32:01 DEBUG PackageRelationshipCollection:307 - Parsing relationship: /xl/_rels/workbook.xml.rels
2026-05-11 00:32:01 DEBUG PackageRelationshipCollection:307 - Parsing relationship: /_rels/.rels
2026-05-11 00:32:01 DEBUG PackageRelationshipCollection:307 - Parsing relationship: /xl/_rels/workbook.xml.rels
2026-05-11 00:32:01 DEBUG PackageRelationshipCollection:307 - Parsing relationship: /_rels/.rels
2026-05-11 00:32:01 DEBUG PackageRelationshipCollection:307 - Parsing relationship: /xl/_rels/workbook.xml.rels
2026-05-11 00:32:01 DEBUG PackageRelationshipCollection:307 - Parsing relationship: /_rels/.rels
2026-05-11 00:32:02 DEBUG PackageRelationshipCollection:307 - Parsing relationship: /xl/_rels/workbook.xml.rels
2026-05-11 00:32:02 DEBUG PackageRelationshipCollection:307 - Parsing relationship: /_rels/.rels
2026-05-11 00:32:02 DEBUG PackageRelationshipCollection:307 - Parsing relationship: /xl/_rels/workbook.xml.rels
2026-05-11 00:32:02 DEBUG PackageRelationshipCollection:307 - Parsing relationship: /_rels/.rels
2026-05-11 00:32:02 DEBUG PackageRelationshipCollection:307 - Parsing relationship: /xl/_rels/workbook.xml.rels
2026-05-11 00:32:02 DEBUG PackageRelationshipCollection:307 - Parsing relationship: /_rels/.rels
2026-05-11 00:32:02 DEBUG PackageRelationshipCollection:307 - Parsing relationship: /xl/_rels/workbook.xml.rels
2026-05-11 00:32:02 DEBUG PackageRelationshipCollection:307 - Parsing relationship: /_rels/.rels
2026-05-11 00:32:02 DEBUG PackageRelationshipCollection:307 - Parsing relationship: /xl/_rels/workbook.xml.rels
2026-05-11 00:32:02 DEBUG PackageRelationshipCollection:307 - Parsing relationship: /_rels/.rels
2026-05-11 00:32:02 DEBUG PackageRelationshipCollection:307 - Parsing relationship: /xl/_rels/workbook.xml.rels
2026-05-11 00:32:02 DEBUG PackageRelationshipCollection:307 - Parsing relationship: /_rels/.rels
2026-05-11 00:32:02 DEBUG PackageRelationshipCollection:307 - Parsing relationship: /xl/_rels/workbook.xml.rels
2026-05-11 00:32:02 DEBUG PackageRelationshipCollection:307 - Parsing relationship: /_rels/.rels
2026-05-11 00:32:02 DEBUG PackageRelationshipCollection:307 - Parsing relationship: /xl/_rels/workbook.xml.rels
2026-05-11 00:32:02 DEBUG PackageRelationshipCollection:307 - Parsing relationship: /_rels/.rels
2026-05-11 00:32:02 DEBUG PackageRelationshipCollection:307 - Parsing relationship: /xl/_rels/workbook.xml.rels
2026-05-11 00:32:02 DEBUG PackageRelationshipCollection:307 - Parsing relationship: /_rels/.rels
2026-05-11 00:32:02 DEBUG PackageRelationshipCollection:307 - Parsing relationship: /xl/_rels/workbook.xml.rels
2026-05-11 00:32:02 DEBUG PackageRelationshipCollection:307 - Parsing relationship: /_rels/.rels
2026-05-11 00:32:02 DEBUG PackageRelationshipCollection:307 - Parsing relationship: /xl/_rels/workbook.xml.rels
2026-05-11 00:32:02 DEBUG PackageRelationshipCollection:307 - Parsing relationship: /_rels/.rels
2026-05-11 00:32:02 DEBUG PackageRelationshipCollection:307 - Parsing relationship: /xl/_rels/workbook.xml.rels
2026-05-11 00:32:02 DEBUG PackageRelationshipCollection:307 - Parsing relationship: /_rels/.rels
2026-05-11 00:32:02 DEBUG PackageRelationshipCollection:307 - Parsing relationship: /xl/_rels/workbook.xml.rels
2026-05-11 00:32:02 DEBUG PackageRelationshipCollection:307 - Parsing relationship: /_rels/.rels
2026-05-11 00:32:02 DEBUG PackageRelationshipCollection:307 - Parsing relationship: /xl/_rels/workbook.xml.rels
2026-05-11 00:32:02 DEBUG PackageRelationshipCollection:307 - Parsing relationship: /_rels/.rels
2026-05-11 00:32:02 DEBUG PackageRelationshipCollection:307 - Parsing relationship: /xl/_rels/workbook.xml.rels
2026-05-11 00:32:02 DEBUG PackageRelationshipCollection:307 - Parsing relationship: /_rels/.rels
2026-05-11 00:32:02 DEBUG PackageRelationshipCollection:307 - Parsing relationship: /xl/_rels/workbook.xml.rels
2026-05-11 00:32:02 DEBUG PackageRelationshipCollection:307 - Parsing relationship: /_rels/.rels
2026-05-11 00:32:02 DEBUG PackageRelationshipCollection:307 - Parsing relationship: /xl/_rels/workbook.xml.rels
2026-05-11 00:32:02 DEBUG PackageRelationshipCollection:307 - Parsing relationship: /_rels/.rels
2026-05-11 00:32:02 DEBUG PackageRelationshipCollection:307 - Parsing relationship: /xl/_rels/workbook.xml.rels
2026-05-11 00:32:02 DEBUG PackageRelationshipCollection:307 - Parsing relationship: /_rels/.rels
2026-05-11 00:32:02 DEBUG PackageRelationshipCollection:307 - Parsing relationship: /xl/_rels/workbook.xml.rels
2026-05-11 00:32:02 DEBUG PackageRelationshipCollection:307 - Parsing relationship: /_rels/.rels
2026-05-11 00:32:02 DEBUG PackageRelationshipCollection:307 - Parsing relationship: /xl/_rels/workbook.xml.rels
2026-05-11 00:32:02 DEBUG PackageRelationshipCollection:307 - Parsing relationship: /_rels/.rels
2026-05-11 00:32:02 DEBUG PackageRelationshipCollection:307 - Parsing relationship: /xl/_rels/workbook.xml.rels
2026-05-11 00:32:02 DEBUG PackageRelationshipCollection:307 - Parsing relationship: /_rels/.rels
2026-05-11 00:32:02 DEBUG PackageRelationshipCollection:307 - Parsing relationship: /xl/_rels/workbook.xml.rels
2026-05-11 00:32:02 DEBUG PackageRelationshipCollection:307 - Parsing relationship: /_rels/.rels
2026-05-11 00:32:02 DEBUG PackageRelationshipCollection:307 - Parsing relationship: /xl/_rels/workbook.xml.rels
2026-05-11 00:32:02 DEBUG PackageRelationshipCollection:307 - Parsing relationship: /_rels/.rels
2026-05-11 00:32:02 INFO  DDBookingTests:54 - ========== BOOKING CRUD TEST STARTED ==========
2026-05-11 00:32:02 INFO  DDBookingTests:77 - Payload Prepared Successfully
2026-05-11 00:32:03 INFO  DDBookingTests:94 - Booking Created Successfully
2026-05-11 00:32:03 INFO  DDBookingTests:95 - Booking ID: 463
2026-05-11 00:32:05 INFO  DDBookingTests:109 - Booking Read Successfully
2026-05-11 00:32:07 INFO  DDBookingTests:133 - Booking Updated Successfully
2026-05-11 00:32:08 INFO  DDBookingTests:147 - Booking Deleted Successfully
2026-05-11 00:32:08 INFO  DDBookingTests:149 - ========== BOOKING CRUD TEST COMPLETED ==========
2026-05-11 00:32:08 INFO  DDBookingTests:54 - ========== BOOKING CRUD TEST STARTED ==========
2026-05-11 00:32:08 INFO  DDBookingTests:77 - Payload Prepared Successfully
2026-05-11 00:32:10 INFO  DDBookingTests:94 - Booking Created Successfully
2026-05-11 00:32:10 INFO  DDBookingTests:95 - Booking ID: 520
2026-05-11 00:32:12 INFO  DDBookingTests:109 - Booking Read Successfully
2026-05-11 00:32:13 INFO  DDBookingTests:133 - Booking Updated Successfully
2026-05-11 00:32:15 INFO  DDBookingTests:147 - Booking Deleted Successfully
2026-05-11 00:32:15 INFO  DDBookingTests:149 - ========== BOOKING CRUD TEST COMPLETED ==========
2026-05-11 00:32:15 INFO  DDBookingTests:54 - ========== BOOKING CRUD TEST STARTED ==========
2026-05-11 00:32:15 INFO  DDBookingTests:77 - Payload Prepared Successfully
2026-05-11 00:32:17 INFO  DDBookingTests:94 - Booking Created Successfully
2026-05-11 00:32:17 INFO  DDBookingTests:95 - Booking ID: 580
2026-05-11 00:32:18 INFO  DDBookingTests:109 - Booking Read Successfully
2026-05-11 00:32:20 INFO  DDBookingTests:133 - Booking Updated Successfully
2026-05-11 00:32:21 INFO  DDBookingTests:147 - Booking Deleted Successfully
2026-05-11 00:32:21 INFO  DDBookingTests:149 - ========== BOOKING CRUD TEST COMPLETED ==========
2026-05-11 00:32:21 INFO  DDBookingTests:54 - ========== BOOKING CRUD TEST STARTED ==========
2026-05-11 00:32:21 INFO  DDBookingTests:77 - Payload Prepared Successfully
2026-05-11 00:32:23 INFO  DDBookingTests:94 - Booking Created Successfully
2026-05-11 00:32:23 INFO  DDBookingTests:95 - Booking ID: 649
2026-05-11 00:32:25 INFO  DDBookingTests:109 - Booking Read Successfully
2026-05-11 00:32:26 INFO  DDBookingTests:133 - Booking Updated Successfully
2026-05-11 00:32:28 INFO  DDBookingTests:147 - Booking Deleted Successfully
2026-05-11 00:32:28 INFO  DDBookingTests:149 - ========== BOOKING CRUD TEST COMPLETED ==========
2026-05-11 00:32:28 INFO  DDBookingTests:54 - ========== BOOKING CRUD TEST STARTED ==========
2026-05-11 00:32:28 INFO  DDBookingTests:77 - Payload Prepared Successfully
2026-05-11 00:32:30 INFO  DDBookingTests:94 - Booking Created Successfully
2026-05-11 00:32:30 INFO  DDBookingTests:95 - Booking ID: 706
2026-05-11 00:32:31 INFO  DDBookingTests:109 - Booking Read Successfully
2026-05-11 00:32:33 INFO  DDBookingTests:133 - Booking Updated Successfully
2026-05-11 00:32:35 INFO  DDBookingTests:147 - Booking Deleted Successfully
2026-05-11 00:32:35 INFO  DDBookingTests:149 - ========== BOOKING CRUD TEST COMPLETED ==========
