2026-05-11 00:30:32 INFO  DDBookingTests:29 - ===== Booking Test Setup Started =====
2026-05-11 00:30:36 INFO  DDBookingTests:35 - Bearer Token Generated Successfully
2026-05-11 00:30:36 INFO  DDBookingTests:37 - ===== Booking Test Setup Completed =====
2026-05-11 00:30:36 DEBUG PackageRelationshipCollection:307 - Parsing relationship: /xl/_rels/workbook.xml.rels
2026-05-11 00:30:36 DEBUG PackageRelationshipCollection:307 - Parsing relationship: /_rels/.rels
2026-05-11 00:30:36 DEBUG PackageRelationshipCollection:307 - Parsing relationship: /xl/_rels/workbook.xml.rels
2026-05-11 00:30:36 DEBUG PackageRelationshipCollection:307 - Parsing relationship: /_rels/.rels
2026-05-11 00:30:36 DEBUG PackageRelationshipCollection:307 - Parsing relationship: /xl/_rels/workbook.xml.rels
2026-05-11 00:30:36 DEBUG PackageRelationshipCollection:307 - Parsing relationship: /_rels/.rels
2026-05-11 00:30:36 DEBUG PackageRelationshipCollection:307 - Parsing relationship: /xl/_rels/workbook.xml.rels
2026-05-11 00:30:36 DEBUG PackageRelationshipCollection:307 - Parsing relationship: /_rels/.rels
2026-05-11 00:30:36 DEBUG PackageRelationshipCollection:307 - Parsing relationship: /xl/_rels/workbook.xml.rels
2026-05-11 00:30:36 DEBUG PackageRelationshipCollection:307 - Parsing relationship: /_rels/.rels
2026-05-11 00:30:36 DEBUG PackageRelationshipCollection:307 - Parsing relationship: /xl/_rels/workbook.xml.rels
2026-05-11 00:30:36 DEBUG PackageRelationshipCollection:307 - Parsing relationship: /_rels/.rels
2026-05-11 00:30:36 DEBUG PackageRelationshipCollection:307 - Parsing relationship: /xl/_rels/workbook.xml.rels
2026-05-11 00:30:36 DEBUG PackageRelationshipCollection:307 - Parsing relationship: /_rels/.rels
2026-05-11 00:30:36 DEBUG PackageRelationshipCollection:307 - Parsing relationship: /xl/_rels/workbook.xml.rels
2026-05-11 00:30:36 DEBUG PackageRelationshipCollection:307 - Parsing relationship: /_rels/.rels
2026-05-11 00:30:36 DEBUG PackageRelationshipCollection:307 - Parsing relationship: /xl/_rels/workbook.xml.rels
2026-05-11 00:30:36 DEBUG PackageRelationshipCollection:307 - Parsing relationship: /_rels/.rels
2026-05-11 00:30:36 DEBUG PackageRelationshipCollection:307 - Parsing relationship: /xl/_rels/workbook.xml.rels
2026-05-11 00:30:36 DEBUG PackageRelationshipCollection:307 - Parsing relationship: /_rels/.rels
2026-05-11 00:30:37 DEBUG PackageRelationshipCollection:307 - Parsing relationship: /xl/_rels/workbook.xml.rels
2026-05-11 00:30:37 DEBUG PackageRelationshipCollection:307 - Parsing relationship: /_rels/.rels
2026-05-11 00:30:37 DEBUG PackageRelationshipCollection:307 - Parsing relationship: /xl/_rels/workbook.xml.rels
2026-05-11 00:30:37 DEBUG PackageRelationshipCollection:307 - Parsing relationship: /_rels/.rels
2026-05-11 00:30:37 DEBUG PackageRelationshipCollection:307 - Parsing relationship: /xl/_rels/workbook.xml.rels
2026-05-11 00:30:37 DEBUG PackageRelationshipCollection:307 - Parsing relationship: /_rels/.rels
2026-05-11 00:30:37 DEBUG PackageRelationshipCollection:307 - Parsing relationship: /xl/_rels/workbook.xml.rels
2026-05-11 00:30:37 DEBUG PackageRelationshipCollection:307 - Parsing relationship: /_rels/.rels
2026-05-11 00:30:37 DEBUG PackageRelationshipCollection:307 - Parsing relationship: /xl/_rels/workbook.xml.rels
2026-05-11 00:30:37 DEBUG PackageRelationshipCollection:307 - Parsing relationship: /_rels/.rels
2026-05-11 00:30:37 DEBUG PackageRelationshipCollection:307 - Parsing relationship: /xl/_rels/workbook.xml.rels
2026-05-11 00:30:37 DEBUG PackageRelationshipCollection:307 - Parsing relationship: /_rels/.rels
2026-05-11 00:30:37 DEBUG PackageRelationshipCollection:307 - Parsing relationship: /xl/_rels/workbook.xml.rels
2026-05-11 00:30:37 DEBUG PackageRelationshipCollection:307 - Parsing relationship: /_rels/.rels
2026-05-11 00:30:37 DEBUG PackageRelationshipCollection:307 - Parsing relationship: /xl/_rels/workbook.xml.rels
2026-05-11 00:30:37 DEBUG PackageRelationshipCollection:307 - Parsing relationship: /_rels/.rels
2026-05-11 00:30:37 DEBUG PackageRelationshipCollection:307 - Parsing relationship: /xl/_rels/workbook.xml.rels
2026-05-11 00:30:37 DEBUG PackageRelationshipCollection:307 - Parsing relationship: /_rels/.rels
2026-05-11 00:30:37 DEBUG PackageRelationshipCollection:307 - Parsing relationship: /xl/_rels/workbook.xml.rels
2026-05-11 00:30:37 DEBUG PackageRelationshipCollection:307 - Parsing relationship: /_rels/.rels
2026-05-11 00:30:37 DEBUG PackageRelationshipCollection:307 - Parsing relationship: /xl/_rels/workbook.xml.rels
2026-05-11 00:30:37 DEBUG PackageRelationshipCollection:307 - Parsing relationship: /_rels/.rels
2026-05-11 00:30:37 DEBUG PackageRelationshipCollection:307 - Parsing relationship: /xl/_rels/workbook.xml.rels
2026-05-11 00:30:37 DEBUG PackageRelationshipCollection:307 - Parsing relationship: /_rels/.rels
2026-05-11 00:30:37 DEBUG PackageRelationshipCollection:307 - Parsing relationship: /xl/_rels/workbook.xml.rels
2026-05-11 00:30:37 DEBUG PackageRelationshipCollection:307 - Parsing relationship: /_rels/.rels
2026-05-11 00:30:37 DEBUG PackageRelationshipCollection:307 - Parsing relationship: /xl/_rels/workbook.xml.rels
2026-05-11 00:30:37 DEBUG PackageRelationshipCollection:307 - Parsing relationship: /_rels/.rels
2026-05-11 00:30:37 DEBUG PackageRelationshipCollection:307 - Parsing relationship: /xl/_rels/workbook.xml.rels
2026-05-11 00:30:37 DEBUG PackageRelationshipCollection:307 - Parsing relationship: /_rels/.rels
2026-05-11 00:30:37 DEBUG PackageRelationshipCollection:307 - Parsing relationship: /xl/_rels/workbook.xml.rels
2026-05-11 00:30:37 DEBUG PackageRelationshipCollection:307 - Parsing relationship: /_rels/.rels
2026-05-11 00:30:37 DEBUG PackageRelationshipCollection:307 - Parsing relationship: /xl/_rels/workbook.xml.rels
2026-05-11 00:30:37 DEBUG PackageRelationshipCollection:307 - Parsing relationship: /_rels/.rels
2026-05-11 00:30:37 DEBUG PackageRelationshipCollection:307 - Parsing relationship: /xl/_rels/workbook.xml.rels
2026-05-11 00:30:37 DEBUG PackageRelationshipCollection:307 - Parsing relationship: /_rels/.rels
2026-05-11 00:30:37 DEBUG PackageRelationshipCollection:307 - Parsing relationship: /xl/_rels/workbook.xml.rels
2026-05-11 00:30:37 DEBUG PackageRelationshipCollection:307 - Parsing relationship: /_rels/.rels
2026-05-11 00:30:37 DEBUG PackageRelationshipCollection:307 - Parsing relationship: /xl/_rels/workbook.xml.rels
2026-05-11 00:30:37 DEBUG PackageRelationshipCollection:307 - Parsing relationship: /_rels/.rels
2026-05-11 00:30:37 DEBUG PackageRelationshipCollection:307 - Parsing relationship: /xl/_rels/workbook.xml.rels
2026-05-11 00:30:37 DEBUG PackageRelationshipCollection:307 - Parsing relationship: /_rels/.rels
2026-05-11 00:30:37 DEBUG PackageRelationshipCollection:307 - Parsing relationship: /xl/_rels/workbook.xml.rels
2026-05-11 00:30:37 DEBUG PackageRelationshipCollection:307 - Parsing relationship: /_rels/.rels
2026-05-11 00:30:37 DEBUG PackageRelationshipCollection:307 - Parsing relationship: /xl/_rels/workbook.xml.rels
2026-05-11 00:30:37 DEBUG PackageRelationshipCollection:307 - Parsing relationship: /_rels/.rels
2026-05-11 00:30:37 DEBUG PackageRelationshipCollection:307 - Parsing relationship: /xl/_rels/workbook.xml.rels
2026-05-11 00:30:37 DEBUG PackageRelationshipCollection:307 - Parsing relationship: /_rels/.rels
2026-05-11 00:30:37 DEBUG PackageRelationshipCollection:307 - Parsing relationship: /xl/_rels/workbook.xml.rels
2026-05-11 00:30:37 DEBUG PackageRelationshipCollection:307 - Parsing relationship: /_rels/.rels
2026-05-11 00:30:37 DEBUG PackageRelationshipCollection:307 - Parsing relationship: /xl/_rels/workbook.xml.rels
2026-05-11 00:30:37 DEBUG PackageRelationshipCollection:307 - Parsing relationship: /_rels/.rels
2026-05-11 00:30:37 DEBUG PackageRelationshipCollection:307 - Parsing relationship: /xl/_rels/workbook.xml.rels
2026-05-11 00:30:37 DEBUG PackageRelationshipCollection:307 - Parsing relationship: /_rels/.rels
2026-05-11 00:30:37 INFO  DDBookingTests:54 - ========== BOOKING CRUD TEST STARTED ==========
2026-05-11 00:30:37 INFO  DDBookingTests:77 - Payload Prepared Successfully
2026-05-11 00:30:38 INFO  DDBookingTests:94 - Booking Created Successfully
2026-05-11 00:30:38 INFO  DDBookingTests:95 - Booking ID: 4796
2026-05-11 00:30:40 INFO  DDBookingTests:109 - Booking Read Successfully
2026-05-11 00:30:42 INFO  DDBookingTests:133 - Booking Updated Successfully
2026-05-11 00:30:43 INFO  DDBookingTests:147 - Booking Deleted Successfully
2026-05-11 00:30:43 INFO  DDBookingTests:149 - ========== BOOKING CRUD TEST COMPLETED ==========
2026-05-11 00:30:43 INFO  DDBookingTests:54 - ========== BOOKING CRUD TEST STARTED ==========
2026-05-11 00:30:43 INFO  DDBookingTests:77 - Payload Prepared Successfully
2026-05-11 00:30:45 INFO  DDBookingTests:94 - Booking Created Successfully
2026-05-11 00:30:45 INFO  DDBookingTests:95 - Booking ID: 4856
2026-05-11 00:30:46 INFO  DDBookingTests:109 - Booking Read Successfully
2026-05-11 00:30:48 INFO  DDBookingTests:133 - Booking Updated Successfully
2026-05-11 00:30:49 INFO  DDBookingTests:147 - Booking Deleted Successfully
2026-05-11 00:30:49 INFO  DDBookingTests:149 - ========== BOOKING CRUD TEST COMPLETED ==========
2026-05-11 00:30:49 INFO  DDBookingTests:54 - ========== BOOKING CRUD TEST STARTED ==========
2026-05-11 00:30:49 INFO  DDBookingTests:77 - Payload Prepared Successfully
2026-05-11 00:30:51 INFO  DDBookingTests:94 - Booking Created Successfully
2026-05-11 00:30:51 INFO  DDBookingTests:95 - Booking ID: 4914
2026-05-11 00:30:52 INFO  DDBookingTests:109 - Booking Read Successfully
2026-05-11 00:30:54 INFO  DDBookingTests:133 - Booking Updated Successfully
2026-05-11 00:30:56 INFO  DDBookingTests:147 - Booking Deleted Successfully
2026-05-11 00:30:56 INFO  DDBookingTests:149 - ========== BOOKING CRUD TEST COMPLETED ==========
2026-05-11 00:30:56 INFO  DDBookingTests:54 - ========== BOOKING CRUD TEST STARTED ==========
2026-05-11 00:30:56 INFO  DDBookingTests:77 - Payload Prepared Successfully
2026-05-11 00:30:57 INFO  DDBookingTests:94 - Booking Created Successfully
2026-05-11 00:30:57 INFO  DDBookingTests:95 - Booking ID: 4975
2026-05-11 00:30:59 INFO  DDBookingTests:109 - Booking Read Successfully
2026-05-11 00:31:00 INFO  DDBookingTests:133 - Booking Updated Successfully
2026-05-11 00:31:02 INFO  DDBookingTests:147 - Booking Deleted Successfully
2026-05-11 00:31:02 INFO  DDBookingTests:149 - ========== BOOKING CRUD TEST COMPLETED ==========
2026-05-11 00:31:02 INFO  DDBookingTests:54 - ========== BOOKING CRUD TEST STARTED ==========
2026-05-11 00:31:02 INFO  DDBookingTests:77 - Payload Prepared Successfully
2026-05-11 00:31:03 INFO  DDBookingTests:94 - Booking Created Successfully
2026-05-11 00:31:03 INFO  DDBookingTests:95 - Booking ID: 5028
2026-05-11 00:31:05 INFO  DDBookingTests:109 - Booking Read Successfully
2026-05-11 00:31:06 INFO  DDBookingTests:133 - Booking Updated Successfully
2026-05-11 00:31:08 INFO  DDBookingTests:147 - Booking Deleted Successfully
2026-05-11 00:31:08 INFO  DDBookingTests:149 - ========== BOOKING CRUD TEST COMPLETED ==========
