2026-05-11 00:21:39 DEBUG PackageRelationshipCollection:307 - Parsing relationship: /xl/_rels/workbook.xml.rels
2026-05-11 00:21:39 DEBUG PackageRelationshipCollection:307 - Parsing relationship: /_rels/.rels
2026-05-11 00:21:39 DEBUG PackageRelationshipCollection:307 - Parsing relationship: /xl/_rels/workbook.xml.rels
2026-05-11 00:21:39 DEBUG PackageRelationshipCollection:307 - Parsing relationship: /_rels/.rels
2026-05-11 00:21:39 DEBUG PackageRelationshipCollection:307 - Parsing relationship: /xl/_rels/workbook.xml.rels
2026-05-11 00:21:39 DEBUG PackageRelationshipCollection:307 - Parsing relationship: /_rels/.rels
2026-05-11 00:21:39 DEBUG PackageRelationshipCollection:307 - Parsing relationship: /xl/_rels/workbook.xml.rels
2026-05-11 00:21:39 DEBUG PackageRelationshipCollection:307 - Parsing relationship: /_rels/.rels
2026-05-11 00:21:39 DEBUG PackageRelationshipCollection:307 - Parsing relationship: /xl/_rels/workbook.xml.rels
2026-05-11 00:21:39 DEBUG PackageRelationshipCollection:307 - Parsing relationship: /_rels/.rels
2026-05-11 00:21:39 DEBUG PackageRelationshipCollection:307 - Parsing relationship: /xl/_rels/workbook.xml.rels
2026-05-11 00:21:39 DEBUG PackageRelationshipCollection:307 - Parsing relationship: /_rels/.rels
2026-05-11 00:21:39 DEBUG PackageRelationshipCollection:307 - Parsing relationship: /xl/_rels/workbook.xml.rels
2026-05-11 00:21:39 DEBUG PackageRelationshipCollection:307 - Parsing relationship: /_rels/.rels
2026-05-11 00:21:39 DEBUG PackageRelationshipCollection:307 - Parsing relationship: /xl/_rels/workbook.xml.rels
2026-05-11 00:21:39 DEBUG PackageRelationshipCollection:307 - Parsing relationship: /_rels/.rels
2026-05-11 00:21:39 DEBUG PackageRelationshipCollection:307 - Parsing relationship: /xl/_rels/workbook.xml.rels
2026-05-11 00:21:39 DEBUG PackageRelationshipCollection:307 - Parsing relationship: /_rels/.rels
2026-05-11 00:21:39 DEBUG PackageRelationshipCollection:307 - Parsing relationship: /xl/_rels/workbook.xml.rels
2026-05-11 00:21:39 DEBUG PackageRelationshipCollection:307 - Parsing relationship: /_rels/.rels
2026-05-11 00:21:39 DEBUG PackageRelationshipCollection:307 - Parsing relationship: /xl/_rels/workbook.xml.rels
2026-05-11 00:21:39 DEBUG PackageRelationshipCollection:307 - Parsing relationship: /_rels/.rels
2026-05-11 00:21:39 DEBUG PackageRelationshipCollection:307 - Parsing relationship: /xl/_rels/workbook.xml.rels
2026-05-11 00:21:39 DEBUG PackageRelationshipCollection:307 - Parsing relationship: /_rels/.rels
2026-05-11 00:21:39 DEBUG PackageRelationshipCollection:307 - Parsing relationship: /xl/_rels/workbook.xml.rels
2026-05-11 00:21:39 DEBUG PackageRelationshipCollection:307 - Parsing relationship: /_rels/.rels
2026-05-11 00:21:39 DEBUG PackageRelationshipCollection:307 - Parsing relationship: /xl/_rels/workbook.xml.rels
2026-05-11 00:21:39 DEBUG PackageRelationshipCollection:307 - Parsing relationship: /_rels/.rels
2026-05-11 00:21:39 DEBUG PackageRelationshipCollection:307 - Parsing relationship: /xl/_rels/workbook.xml.rels
2026-05-11 00:21:39 DEBUG PackageRelationshipCollection:307 - Parsing relationship: /_rels/.rels
2026-05-11 00:21:39 DEBUG PackageRelationshipCollection:307 - Parsing relationship: /xl/_rels/workbook.xml.rels
2026-05-11 00:21:39 DEBUG PackageRelationshipCollection:307 - Parsing relationship: /_rels/.rels
2026-05-11 00:21:39 DEBUG PackageRelationshipCollection:307 - Parsing relationship: /xl/_rels/workbook.xml.rels
2026-05-11 00:21:39 DEBUG PackageRelationshipCollection:307 - Parsing relationship: /_rels/.rels
2026-05-11 00:21:39 DEBUG PackageRelationshipCollection:307 - Parsing relationship: /xl/_rels/workbook.xml.rels
2026-05-11 00:21:39 DEBUG PackageRelationshipCollection:307 - Parsing relationship: /_rels/.rels
2026-05-11 00:21:39 DEBUG PackageRelationshipCollection:307 - Parsing relationship: /xl/_rels/workbook.xml.rels
2026-05-11 00:21:39 DEBUG PackageRelationshipCollection:307 - Parsing relationship: /_rels/.rels
2026-05-11 00:21:39 DEBUG PackageRelationshipCollection:307 - Parsing relationship: /xl/_rels/workbook.xml.rels
2026-05-11 00:21:39 DEBUG PackageRelationshipCollection:307 - Parsing relationship: /_rels/.rels
2026-05-11 00:21:39 DEBUG PackageRelationshipCollection:307 - Parsing relationship: /xl/_rels/workbook.xml.rels
2026-05-11 00:21:39 DEBUG PackageRelationshipCollection:307 - Parsing relationship: /_rels/.rels
2026-05-11 00:21:39 DEBUG PackageRelationshipCollection:307 - Parsing relationship: /xl/_rels/workbook.xml.rels
2026-05-11 00:21:39 DEBUG PackageRelationshipCollection:307 - Parsing relationship: /_rels/.rels
2026-05-11 00:21:39 DEBUG PackageRelationshipCollection:307 - Parsing relationship: /xl/_rels/workbook.xml.rels
2026-05-11 00:21:39 DEBUG PackageRelationshipCollection:307 - Parsing relationship: /_rels/.rels
2026-05-11 00:21:39 DEBUG PackageRelationshipCollection:307 - Parsing relationship: /xl/_rels/workbook.xml.rels
2026-05-11 00:21:39 DEBUG PackageRelationshipCollection:307 - Parsing relationship: /_rels/.rels
2026-05-11 00:21:39 DEBUG PackageRelationshipCollection:307 - Parsing relationship: /xl/_rels/workbook.xml.rels
2026-05-11 00:21:39 DEBUG PackageRelationshipCollection:307 - Parsing relationship: /_rels/.rels
2026-05-11 00:21:39 DEBUG PackageRelationshipCollection:307 - Parsing relationship: /xl/_rels/workbook.xml.rels
2026-05-11 00:21:39 DEBUG PackageRelationshipCollection:307 - Parsing relationship: /_rels/.rels
2026-05-11 00:21:39 DEBUG PackageRelationshipCollection:307 - Parsing relationship: /xl/_rels/workbook.xml.rels
2026-05-11 00:21:39 DEBUG PackageRelationshipCollection:307 - Parsing relationship: /_rels/.rels
2026-05-11 00:21:39 DEBUG PackageRelationshipCollection:307 - Parsing relationship: /xl/_rels/workbook.xml.rels
2026-05-11 00:21:39 DEBUG PackageRelationshipCollection:307 - Parsing relationship: /_rels/.rels
2026-05-11 00:21:39 DEBUG PackageRelationshipCollection:307 - Parsing relationship: /xl/_rels/workbook.xml.rels
2026-05-11 00:21:39 DEBUG PackageRelationshipCollection:307 - Parsing relationship: /_rels/.rels
2026-05-11 00:21:39 DEBUG PackageRelationshipCollection:307 - Parsing relationship: /xl/_rels/workbook.xml.rels
2026-05-11 00:21:39 DEBUG PackageRelationshipCollection:307 - Parsing relationship: /_rels/.rels
2026-05-11 00:21:39 DEBUG PackageRelationshipCollection:307 - Parsing relationship: /xl/_rels/workbook.xml.rels
2026-05-11 00:21:39 DEBUG PackageRelationshipCollection:307 - Parsing relationship: /_rels/.rels
2026-05-11 00:21:39 DEBUG PackageRelationshipCollection:307 - Parsing relationship: /xl/_rels/workbook.xml.rels
2026-05-11 00:21:39 DEBUG PackageRelationshipCollection:307 - Parsing relationship: /_rels/.rels
2026-05-11 00:21:39 DEBUG PackageRelationshipCollection:307 - Parsing relationship: /xl/_rels/workbook.xml.rels
2026-05-11 00:21:39 DEBUG PackageRelationshipCollection:307 - Parsing relationship: /_rels/.rels
2026-05-11 00:21:39 DEBUG PackageRelationshipCollection:307 - Parsing relationship: /xl/_rels/workbook.xml.rels
2026-05-11 00:21:39 DEBUG PackageRelationshipCollection:307 - Parsing relationship: /_rels/.rels
2026-05-11 00:21:39 DEBUG PackageRelationshipCollection:307 - Parsing relationship: /xl/_rels/workbook.xml.rels
2026-05-11 00:21:39 DEBUG PackageRelationshipCollection:307 - Parsing relationship: /_rels/.rels
2026-05-11 00:21:39 DEBUG PackageRelationshipCollection:307 - Parsing relationship: /xl/_rels/workbook.xml.rels
2026-05-11 00:21:39 DEBUG PackageRelationshipCollection:307 - Parsing relationship: /_rels/.rels
2026-05-11 00:21:39 DEBUG PackageRelationshipCollection:307 - Parsing relationship: /xl/_rels/workbook.xml.rels
2026-05-11 00:21:39 DEBUG PackageRelationshipCollection:307 - Parsing relationship: /_rels/.rels
2026-05-11 00:21:39 DEBUG PackageRelationshipCollection:307 - Parsing relationship: /xl/_rels/workbook.xml.rels
2026-05-11 00:21:39 DEBUG PackageRelationshipCollection:307 - Parsing relationship: /_rels/.rels
2026-05-11 00:21:39 DEBUG PackageRelationshipCollection:307 - Parsing relationship: /xl/_rels/workbook.xml.rels
2026-05-11 00:21:39 DEBUG PackageRelationshipCollection:307 - Parsing relationship: /_rels/.rels
2026-05-11 00:21:39 DEBUG PackageRelationshipCollection:307 - Parsing relationship: /xl/_rels/workbook.xml.rels
2026-05-11 00:21:39 DEBUG PackageRelationshipCollection:307 - Parsing relationship: /_rels/.rels
2026-05-11 00:21:39 DEBUG PackageRelationshipCollection:307 - Parsing relationship: /xl/_rels/workbook.xml.rels
2026-05-11 00:21:39 DEBUG PackageRelationshipCollection:307 - Parsing relationship: /_rels/.rels
2026-05-11 00:21:39 DEBUG PackageRelationshipCollection:307 - Parsing relationship: /xl/_rels/workbook.xml.rels
2026-05-11 00:21:39 DEBUG PackageRelationshipCollection:307 - Parsing relationship: /_rels/.rels
2026-05-11 00:21:39 DEBUG PackageRelationshipCollection:307 - Parsing relationship: /xl/_rels/workbook.xml.rels
2026-05-11 00:21:39 DEBUG PackageRelationshipCollection:307 - Parsing relationship: /_rels/.rels
2026-05-11 00:21:39 DEBUG PackageRelationshipCollection:307 - Parsing relationship: /xl/_rels/workbook.xml.rels
2026-05-11 00:21:39 DEBUG PackageRelationshipCollection:307 - Parsing relationship: /_rels/.rels
2026-05-11 00:21:39 DEBUG PackageRelationshipCollection:307 - Parsing relationship: /xl/_rels/workbook.xml.rels
2026-05-11 00:21:39 DEBUG PackageRelationshipCollection:307 - Parsing relationship: /_rels/.rels
2026-05-11 00:21:39 DEBUG PackageRelationshipCollection:307 - Parsing relationship: /xl/_rels/workbook.xml.rels
2026-05-11 00:21:39 DEBUG PackageRelationshipCollection:307 - Parsing relationship: /_rels/.rels
2026-05-11 00:21:40 DEBUG DDAuthTests:31 - ------------Debuging--------------
2026-05-11 00:21:40 INFO  DDAuthTests:32 - ===== Setup Data Started =====
2026-05-11 00:21:40 INFO  DDAuthTests:38 - ************* Login User ***************
2026-05-11 00:21:43 INFO  DDAuthTests:46 - Request sent for user login
2026-05-11 00:21:43 INFO  DDAuthTests:49 - Validating response for user login.
2026-05-11 00:21:43 INFO  DDAuthTests:54 - ************* User logged  Successfully and token successfully.***************
2026-05-11 00:21:43 DEBUG DDAuthTests:31 - ------------Debuging--------------
2026-05-11 00:21:43 INFO  DDAuthTests:32 - ===== Setup Data Started =====
2026-05-11 00:21:43 INFO  DDAuthTests:38 - ************* Login User ***************
2026-05-11 00:21:45 INFO  DDAuthTests:46 - Request sent for user login
2026-05-11 00:21:45 INFO  DDAuthTests:49 - Validating response for user login.
2026-05-11 00:21:45 INFO  DDAuthTests:54 - ************* User logged  Successfully and token successfully.***************
2026-05-11 00:21:45 DEBUG DDAuthTests:31 - ------------Debuging--------------
2026-05-11 00:21:45 INFO  DDAuthTests:32 - ===== Setup Data Started =====
2026-05-11 00:21:45 INFO  DDAuthTests:38 - ************* Login User ***************
2026-05-11 00:21:47 INFO  DDAuthTests:46 - Request sent for user login
2026-05-11 00:21:47 INFO  DDAuthTests:49 - Validating response for user login.
2026-05-11 00:21:47 INFO  DDAuthTests:54 - ************* User logged  Successfully and token successfully.***************
2026-05-11 00:21:47 DEBUG DDAuthTests:31 - ------------Debuging--------------
2026-05-11 00:21:47 INFO  DDAuthTests:32 - ===== Setup Data Started =====
2026-05-11 00:21:47 INFO  DDAuthTests:38 - ************* Login User ***************
2026-05-11 00:21:48 INFO  DDAuthTests:46 - Request sent for user login
2026-05-11 00:21:48 INFO  DDAuthTests:49 - Validating response for user login.
2026-05-11 00:21:48 INFO  DDAuthTests:54 - ************* User logged  Successfully and token successfully.***************
2026-05-11 00:21:48 DEBUG DDAuthTests:31 - ------------Debuging--------------
2026-05-11 00:21:48 INFO  DDAuthTests:32 - ===== Setup Data Started =====
2026-05-11 00:21:48 INFO  DDAuthTests:38 - ************* Login User ***************
2026-05-11 00:21:50 INFO  DDAuthTests:46 - Request sent for user login
2026-05-11 00:21:50 INFO  DDAuthTests:49 - Validating response for user login.
2026-05-11 00:21:50 INFO  DDAuthTests:54 - ************* User logged  Successfully and token successfully.***************
2026-05-11 00:21:50 DEBUG DDAuthTests:31 - ------------Debuging--------------
2026-05-11 00:21:50 INFO  DDAuthTests:32 - ===== Setup Data Started =====
2026-05-11 00:21:50 INFO  DDAuthTests:38 - ************* Login User ***************
2026-05-11 00:21:52 INFO  DDAuthTests:46 - Request sent for user login
2026-05-11 00:21:52 INFO  DDAuthTests:49 - Validating response for user login.
2026-05-11 00:21:52 INFO  DDAuthTests:54 - ************* User logged  Successfully and token successfully.***************
2026-05-11 00:21:52 DEBUG DDAuthTests:31 - ------------Debuging--------------
2026-05-11 00:21:52 INFO  DDAuthTests:32 - ===== Setup Data Started =====
2026-05-11 00:21:52 INFO  DDAuthTests:38 - ************* Login User ***************
2026-05-11 00:21:53 INFO  DDAuthTests:46 - Request sent for user login
2026-05-11 00:21:53 INFO  DDAuthTests:49 - Validating response for user login.
2026-05-11 00:21:54 INFO  DDAuthTests:54 - ************* User logged  Successfully and token successfully.***************
2026-05-11 00:21:54 DEBUG DDAuthTests:31 - ------------Debuging--------------
2026-05-11 00:21:54 INFO  DDAuthTests:32 - ===== Setup Data Started =====
2026-05-11 00:21:54 INFO  DDAuthTests:38 - ************* Login User ***************
2026-05-11 00:21:55 INFO  DDAuthTests:46 - Request sent for user login
2026-05-11 00:21:55 INFO  DDAuthTests:49 - Validating response for user login.
2026-05-11 00:21:55 INFO  DDAuthTests:54 - ************* User logged  Successfully and token successfully.***************
2026-05-11 00:21:55 DEBUG DDAuthTests:31 - ------------Debuging--------------
2026-05-11 00:21:55 INFO  DDAuthTests:32 - ===== Setup Data Started =====
2026-05-11 00:21:55 INFO  DDAuthTests:38 - ************* Login User ***************
2026-05-11 00:21:57 INFO  DDAuthTests:46 - Request sent for user login
2026-05-11 00:21:57 INFO  DDAuthTests:49 - Validating response for user login.
2026-05-11 00:21:57 INFO  DDAuthTests:54 - ************* User logged  Successfully and token successfully.***************
2026-05-11 00:21:57 DEBUG DDAuthTests:31 - ------------Debuging--------------
2026-05-11 00:21:57 INFO  DDAuthTests:32 - ===== Setup Data Started =====
2026-05-11 00:21:57 INFO  DDAuthTests:38 - ************* Login User ***************
2026-05-11 00:21:59 INFO  DDAuthTests:46 - Request sent for user login
2026-05-11 00:21:59 INFO  DDAuthTests:49 - Validating response for user login.
2026-05-11 00:21:59 INFO  DDAuthTests:54 - ************* User logged  Successfully and token successfully.***************
2026-05-11 00:21:59 DEBUG DDAuthTests:31 - ------------Debuging--------------
2026-05-11 00:21:59 INFO  DDAuthTests:32 - ===== Setup Data Started =====
2026-05-11 00:21:59 INFO  DDAuthTests:38 - ************* Login User ***************
2026-05-11 00:22:00 INFO  DDAuthTests:46 - Request sent for user login
2026-05-11 00:22:00 INFO  DDAuthTests:49 - Validating response for user login.
2026-05-11 00:22:00 INFO  DDAuthTests:54 - ************* User logged  Successfully and token successfully.***************
2026-05-11 00:22:00 DEBUG DDAuthTests:31 - ------------Debuging--------------
2026-05-11 00:22:00 INFO  DDAuthTests:32 - ===== Setup Data Started =====
2026-05-11 00:22:00 INFO  DDAuthTests:38 - ************* Login User ***************
2026-05-11 00:22:02 INFO  DDAuthTests:46 - Request sent for user login
2026-05-11 00:22:02 INFO  DDAuthTests:49 - Validating response for user login.
2026-05-11 00:22:02 INFO  DDAuthTests:54 - ************* User logged  Successfully and token successfully.***************
2026-05-11 00:22:02 DEBUG DDAuthTests:31 - ------------Debuging--------------
2026-05-11 00:22:02 INFO  DDAuthTests:32 - ===== Setup Data Started =====
2026-05-11 00:22:02 INFO  DDAuthTests:38 - ************* Login User ***************
2026-05-11 00:22:04 INFO  DDAuthTests:46 - Request sent for user login
2026-05-11 00:22:04 INFO  DDAuthTests:49 - Validating response for user login.
2026-05-11 00:22:04 INFO  DDAuthTests:54 - ************* User logged  Successfully and token successfully.***************
2026-05-11 00:22:04 DEBUG DDAuthTests:31 - ------------Debuging--------------
2026-05-11 00:22:04 INFO  DDAuthTests:32 - ===== Setup Data Started =====
2026-05-11 00:22:04 INFO  DDAuthTests:38 - ************* Login User ***************
2026-05-11 00:22:06 INFO  DDAuthTests:46 - Request sent for user login
2026-05-11 00:22:06 INFO  DDAuthTests:49 - Validating response for user login.
2026-05-11 00:22:06 INFO  DDAuthTests:54 - ************* User logged  Successfully and token successfully.***************
2026-05-11 00:22:06 DEBUG DDAuthTests:31 - ------------Debuging--------------
2026-05-11 00:22:06 INFO  DDAuthTests:32 - ===== Setup Data Started =====
2026-05-11 00:22:06 INFO  DDAuthTests:38 - ************* Login User ***************
2026-05-11 00:22:07 INFO  DDAuthTests:46 - Request sent for user login
2026-05-11 00:22:07 INFO  DDAuthTests:49 - Validating response for user login.
2026-05-11 00:22:07 INFO  DDAuthTests:54 - ************* User logged  Successfully and token successfully.***************
2026-05-11 00:22:07 DEBUG DDAuthTests:31 - ------------Debuging--------------
2026-05-11 00:22:07 INFO  DDAuthTests:32 - ===== Setup Data Started =====
2026-05-11 00:22:07 INFO  DDAuthTests:38 - ************* Login User ***************
2026-05-11 00:22:09 INFO  DDAuthTests:46 - Request sent for user login
2026-05-11 00:22:09 INFO  DDAuthTests:49 - Validating response for user login.
2026-05-11 00:22:09 INFO  DDAuthTests:54 - ************* User logged  Successfully and token successfully.***************
2026-05-11 00:22:09 DEBUG DDAuthTests:31 - ------------Debuging--------------
2026-05-11 00:22:09 INFO  DDAuthTests:32 - ===== Setup Data Started =====
2026-05-11 00:22:09 INFO  DDAuthTests:38 - ************* Login User ***************
2026-05-11 00:22:11 INFO  DDAuthTests:46 - Request sent for user login
2026-05-11 00:22:11 INFO  DDAuthTests:49 - Validating response for user login.
2026-05-11 00:22:11 INFO  DDAuthTests:54 - ************* User logged  Successfully and token successfully.***************
2026-05-11 00:22:11 DEBUG DDAuthTests:31 - ------------Debuging--------------
2026-05-11 00:22:11 INFO  DDAuthTests:32 - ===== Setup Data Started =====
2026-05-11 00:22:11 INFO  DDAuthTests:38 - ************* Login User ***************
2026-05-11 00:22:13 INFO  DDAuthTests:46 - Request sent for user login
2026-05-11 00:22:13 INFO  DDAuthTests:49 - Validating response for user login.
2026-05-11 00:22:13 INFO  DDAuthTests:54 - ************* User logged  Successfully and token successfully.***************
2026-05-11 00:22:13 DEBUG DDAuthTests:31 - ------------Debuging--------------
2026-05-11 00:22:13 INFO  DDAuthTests:32 - ===== Setup Data Started =====
2026-05-11 00:22:13 INFO  DDAuthTests:38 - ************* Login User ***************
2026-05-11 00:22:14 INFO  DDAuthTests:46 - Request sent for user login
2026-05-11 00:22:14 INFO  DDAuthTests:49 - Validating response for user login.
2026-05-11 00:22:14 INFO  DDAuthTests:54 - ************* User logged  Successfully and token successfully.***************
2026-05-11 00:22:14 DEBUG DDAuthTests:31 - ------------Debuging--------------
2026-05-11 00:22:14 INFO  DDAuthTests:32 - ===== Setup Data Started =====
2026-05-11 00:22:14 INFO  DDAuthTests:38 - ************* Login User ***************
2026-05-11 00:22:16 INFO  DDAuthTests:46 - Request sent for user login
2026-05-11 00:22:16 INFO  DDAuthTests:49 - Validating response for user login.
2026-05-11 00:22:16 INFO  DDAuthTests:54 - ************* User logged  Successfully and token successfully.***************
2026-05-11 00:22:16 DEBUG DDAuthTests:31 - ------------Debuging--------------
2026-05-11 00:22:16 INFO  DDAuthTests:32 - ===== Setup Data Started =====
2026-05-11 00:22:16 INFO  DDAuthTests:38 - ************* Login User ***************
2026-05-11 00:22:18 INFO  DDAuthTests:46 - Request sent for user login
2026-05-11 00:22:18 INFO  DDAuthTests:49 - Validating response for user login.
2026-05-11 00:22:18 INFO  DDAuthTests:54 - ************* User logged  Successfully and token successfully.***************
2026-05-11 00:22:18 DEBUG DDAuthTests:31 - ------------Debuging--------------
2026-05-11 00:22:18 INFO  DDAuthTests:32 - ===== Setup Data Started =====
2026-05-11 00:22:18 INFO  DDAuthTests:38 - ************* Login User ***************
2026-05-11 00:22:20 INFO  DDAuthTests:46 - Request sent for user login
2026-05-11 00:22:20 INFO  DDAuthTests:49 - Validating response for user login.
2026-05-11 00:22:20 INFO  DDAuthTests:54 - ************* User logged  Successfully and token successfully.***************
2026-05-11 00:22:20 INFO  DDAuthTests:61 - ************* Response Json validate successfully ***************
2026-05-11 00:22:20 INFO  DDBookingTests:29 - ===== Booking Test Setup Started =====
2026-05-11 00:22:21 INFO  DDBookingTests:35 - Bearer Token Generated Successfully
2026-05-11 00:22:21 INFO  DDBookingTests:37 - ===== Booking Test Setup Completed =====
2026-05-11 00:22:21 DEBUG PackageRelationshipCollection:307 - Parsing relationship: /xl/_rels/workbook.xml.rels
2026-05-11 00:22:21 DEBUG PackageRelationshipCollection:307 - Parsing relationship: /_rels/.rels
2026-05-11 00:22:21 DEBUG PackageRelationshipCollection:307 - Parsing relationship: /xl/_rels/workbook.xml.rels
2026-05-11 00:22:21 DEBUG PackageRelationshipCollection:307 - Parsing relationship: /_rels/.rels
2026-05-11 00:22:21 DEBUG PackageRelationshipCollection:307 - Parsing relationship: /xl/_rels/workbook.xml.rels
2026-05-11 00:22:21 DEBUG PackageRelationshipCollection:307 - Parsing relationship: /_rels/.rels
2026-05-11 00:22:21 DEBUG PackageRelationshipCollection:307 - Parsing relationship: /xl/_rels/workbook.xml.rels
2026-05-11 00:22:21 DEBUG PackageRelationshipCollection:307 - Parsing relationship: /_rels/.rels
2026-05-11 00:22:21 DEBUG PackageRelationshipCollection:307 - Parsing relationship: /xl/_rels/workbook.xml.rels
2026-05-11 00:22:21 DEBUG PackageRelationshipCollection:307 - Parsing relationship: /_rels/.rels
2026-05-11 00:22:22 DEBUG PackageRelationshipCollection:307 - Parsing relationship: /xl/_rels/workbook.xml.rels
2026-05-11 00:22:22 DEBUG PackageRelationshipCollection:307 - Parsing relationship: /_rels/.rels
2026-05-11 00:22:22 DEBUG PackageRelationshipCollection:307 - Parsing relationship: /xl/_rels/workbook.xml.rels
2026-05-11 00:22:22 DEBUG PackageRelationshipCollection:307 - Parsing relationship: /_rels/.rels
2026-05-11 00:22:22 DEBUG PackageRelationshipCollection:307 - Parsing relationship: /xl/_rels/workbook.xml.rels
2026-05-11 00:22:22 DEBUG PackageRelationshipCollection:307 - Parsing relationship: /_rels/.rels
2026-05-11 00:22:22 DEBUG PackageRelationshipCollection:307 - Parsing relationship: /xl/_rels/workbook.xml.rels
2026-05-11 00:22:22 DEBUG PackageRelationshipCollection:307 - Parsing relationship: /_rels/.rels
2026-05-11 00:22:22 DEBUG PackageRelationshipCollection:307 - Parsing relationship: /xl/_rels/workbook.xml.rels
2026-05-11 00:22:22 DEBUG PackageRelationshipCollection:307 - Parsing relationship: /_rels/.rels
2026-05-11 00:22:22 DEBUG PackageRelationshipCollection:307 - Parsing relationship: /xl/_rels/workbook.xml.rels
2026-05-11 00:22:22 DEBUG PackageRelationshipCollection:307 - Parsing relationship: /_rels/.rels
2026-05-11 00:22:22 DEBUG PackageRelationshipCollection:307 - Parsing relationship: /xl/_rels/workbook.xml.rels
2026-05-11 00:22:22 DEBUG PackageRelationshipCollection:307 - Parsing relationship: /_rels/.rels
2026-05-11 00:22:22 DEBUG PackageRelationshipCollection:307 - Parsing relationship: /xl/_rels/workbook.xml.rels
2026-05-11 00:22:22 DEBUG PackageRelationshipCollection:307 - Parsing relationship: /_rels/.rels
2026-05-11 00:22:22 DEBUG PackageRelationshipCollection:307 - Parsing relationship: /xl/_rels/workbook.xml.rels
2026-05-11 00:22:22 DEBUG PackageRelationshipCollection:307 - Parsing relationship: /_rels/.rels
2026-05-11 00:22:22 DEBUG PackageRelationshipCollection:307 - Parsing relationship: /xl/_rels/workbook.xml.rels
2026-05-11 00:22:22 DEBUG PackageRelationshipCollection:307 - Parsing relationship: /_rels/.rels
2026-05-11 00:22:22 DEBUG PackageRelationshipCollection:307 - Parsing relationship: /xl/_rels/workbook.xml.rels
2026-05-11 00:22:22 DEBUG PackageRelationshipCollection:307 - Parsing relationship: /_rels/.rels
2026-05-11 00:22:22 DEBUG PackageRelationshipCollection:307 - Parsing relationship: /xl/_rels/workbook.xml.rels
2026-05-11 00:22:22 DEBUG PackageRelationshipCollection:307 - Parsing relationship: /_rels/.rels
2026-05-11 00:22:22 DEBUG PackageRelationshipCollection:307 - Parsing relationship: /xl/_rels/workbook.xml.rels
2026-05-11 00:22:22 DEBUG PackageRelationshipCollection:307 - Parsing relationship: /_rels/.rels
2026-05-11 00:22:22 DEBUG PackageRelationshipCollection:307 - Parsing relationship: /xl/_rels/workbook.xml.rels
2026-05-11 00:22:22 DEBUG PackageRelationshipCollection:307 - Parsing relationship: /_rels/.rels
2026-05-11 00:22:22 DEBUG PackageRelationshipCollection:307 - Parsing relationship: /xl/_rels/workbook.xml.rels
2026-05-11 00:22:22 DEBUG PackageRelationshipCollection:307 - Parsing relationship: /_rels/.rels
2026-05-11 00:22:22 DEBUG PackageRelationshipCollection:307 - Parsing relationship: /xl/_rels/workbook.xml.rels
2026-05-11 00:22:22 DEBUG PackageRelationshipCollection:307 - Parsing relationship: /_rels/.rels
2026-05-11 00:22:22 DEBUG PackageRelationshipCollection:307 - Parsing relationship: /xl/_rels/workbook.xml.rels
2026-05-11 00:22:22 DEBUG PackageRelationshipCollection:307 - Parsing relationship: /_rels/.rels
2026-05-11 00:22:22 DEBUG PackageRelationshipCollection:307 - Parsing relationship: /xl/_rels/workbook.xml.rels
2026-05-11 00:22:22 DEBUG PackageRelationshipCollection:307 - Parsing relationship: /_rels/.rels
2026-05-11 00:22:22 DEBUG PackageRelationshipCollection:307 - Parsing relationship: /xl/_rels/workbook.xml.rels
2026-05-11 00:22:22 DEBUG PackageRelationshipCollection:307 - Parsing relationship: /_rels/.rels
2026-05-11 00:22:22 DEBUG PackageRelationshipCollection:307 - Parsing relationship: /xl/_rels/workbook.xml.rels
2026-05-11 00:22:22 DEBUG PackageRelationshipCollection:307 - Parsing relationship: /_rels/.rels
2026-05-11 00:22:22 DEBUG PackageRelationshipCollection:307 - Parsing relationship: /xl/_rels/workbook.xml.rels
2026-05-11 00:22:22 DEBUG PackageRelationshipCollection:307 - Parsing relationship: /_rels/.rels
2026-05-11 00:22:22 DEBUG PackageRelationshipCollection:307 - Parsing relationship: /xl/_rels/workbook.xml.rels
2026-05-11 00:22:22 DEBUG PackageRelationshipCollection:307 - Parsing relationship: /_rels/.rels
2026-05-11 00:22:22 DEBUG PackageRelationshipCollection:307 - Parsing relationship: /xl/_rels/workbook.xml.rels
2026-05-11 00:22:22 DEBUG PackageRelationshipCollection:307 - Parsing relationship: /_rels/.rels
2026-05-11 00:22:22 DEBUG PackageRelationshipCollection:307 - Parsing relationship: /xl/_rels/workbook.xml.rels
2026-05-11 00:22:22 DEBUG PackageRelationshipCollection:307 - Parsing relationship: /_rels/.rels
2026-05-11 00:22:22 DEBUG PackageRelationshipCollection:307 - Parsing relationship: /xl/_rels/workbook.xml.rels
2026-05-11 00:22:22 DEBUG PackageRelationshipCollection:307 - Parsing relationship: /_rels/.rels
2026-05-11 00:22:22 DEBUG PackageRelationshipCollection:307 - Parsing relationship: /xl/_rels/workbook.xml.rels
2026-05-11 00:22:22 DEBUG PackageRelationshipCollection:307 - Parsing relationship: /_rels/.rels
2026-05-11 00:22:22 DEBUG PackageRelationshipCollection:307 - Parsing relationship: /xl/_rels/workbook.xml.rels
2026-05-11 00:22:22 DEBUG PackageRelationshipCollection:307 - Parsing relationship: /_rels/.rels
2026-05-11 00:22:22 DEBUG PackageRelationshipCollection:307 - Parsing relationship: /xl/_rels/workbook.xml.rels
2026-05-11 00:22:22 DEBUG PackageRelationshipCollection:307 - Parsing relationship: /_rels/.rels
2026-05-11 00:22:22 DEBUG PackageRelationshipCollection:307 - Parsing relationship: /xl/_rels/workbook.xml.rels
2026-05-11 00:22:22 DEBUG PackageRelationshipCollection:307 - Parsing relationship: /_rels/.rels
2026-05-11 00:22:22 DEBUG PackageRelationshipCollection:307 - Parsing relationship: /xl/_rels/workbook.xml.rels
2026-05-11 00:22:22 DEBUG PackageRelationshipCollection:307 - Parsing relationship: /_rels/.rels
2026-05-11 00:22:22 DEBUG PackageRelationshipCollection:307 - Parsing relationship: /xl/_rels/workbook.xml.rels
2026-05-11 00:22:22 DEBUG PackageRelationshipCollection:307 - Parsing relationship: /_rels/.rels
2026-05-11 00:22:22 DEBUG PackageRelationshipCollection:307 - Parsing relationship: /xl/_rels/workbook.xml.rels
2026-05-11 00:22:22 DEBUG PackageRelationshipCollection:307 - Parsing relationship: /_rels/.rels
