2026-05-11 00:07:39 DEBUG PackageRelationshipCollection:307 - Parsing relationship: /xl/_rels/workbook.xml.rels
2026-05-11 00:07:39 DEBUG PackageRelationshipCollection:307 - Parsing relationship: /_rels/.rels
2026-05-11 00:07:39 DEBUG PackageRelationshipCollection:307 - Parsing relationship: /xl/_rels/workbook.xml.rels
2026-05-11 00:07:39 DEBUG PackageRelationshipCollection:307 - Parsing relationship: /_rels/.rels
2026-05-11 00:07:39 DEBUG PackageRelationshipCollection:307 - Parsing relationship: /xl/_rels/workbook.xml.rels
2026-05-11 00:07:39 DEBUG PackageRelationshipCollection:307 - Parsing relationship: /_rels/.rels
2026-05-11 00:07:39 DEBUG PackageRelationshipCollection:307 - Parsing relationship: /xl/_rels/workbook.xml.rels
2026-05-11 00:07:39 DEBUG PackageRelationshipCollection:307 - Parsing relationship: /_rels/.rels
2026-05-11 00:07:39 DEBUG PackageRelationshipCollection:307 - Parsing relationship: /xl/_rels/workbook.xml.rels
2026-05-11 00:07:39 DEBUG PackageRelationshipCollection:307 - Parsing relationship: /_rels/.rels
2026-05-11 00:07:39 DEBUG PackageRelationshipCollection:307 - Parsing relationship: /xl/_rels/workbook.xml.rels
2026-05-11 00:07:39 DEBUG PackageRelationshipCollection:307 - Parsing relationship: /_rels/.rels
2026-05-11 00:07:39 DEBUG PackageRelationshipCollection:307 - Parsing relationship: /xl/_rels/workbook.xml.rels
2026-05-11 00:07:39 DEBUG PackageRelationshipCollection:307 - Parsing relationship: /_rels/.rels
2026-05-11 00:07:39 DEBUG PackageRelationshipCollection:307 - Parsing relationship: /xl/_rels/workbook.xml.rels
2026-05-11 00:07:39 DEBUG PackageRelationshipCollection:307 - Parsing relationship: /_rels/.rels
2026-05-11 00:07:39 DEBUG PackageRelationshipCollection:307 - Parsing relationship: /xl/_rels/workbook.xml.rels
2026-05-11 00:07:39 DEBUG PackageRelationshipCollection:307 - Parsing relationship: /_rels/.rels
2026-05-11 00:07:39 DEBUG PackageRelationshipCollection:307 - Parsing relationship: /xl/_rels/workbook.xml.rels
2026-05-11 00:07:39 DEBUG PackageRelationshipCollection:307 - Parsing relationship: /_rels/.rels
2026-05-11 00:07:39 DEBUG PackageRelationshipCollection:307 - Parsing relationship: /xl/_rels/workbook.xml.rels
2026-05-11 00:07:39 DEBUG PackageRelationshipCollection:307 - Parsing relationship: /_rels/.rels
2026-05-11 00:07:39 DEBUG PackageRelationshipCollection:307 - Parsing relationship: /xl/_rels/workbook.xml.rels
2026-05-11 00:07:39 DEBUG PackageRelationshipCollection:307 - Parsing relationship: /_rels/.rels
2026-05-11 00:07:39 DEBUG PackageRelationshipCollection:307 - Parsing relationship: /xl/_rels/workbook.xml.rels
2026-05-11 00:07:39 DEBUG PackageRelationshipCollection:307 - Parsing relationship: /_rels/.rels
2026-05-11 00:07:39 DEBUG PackageRelationshipCollection:307 - Parsing relationship: /xl/_rels/workbook.xml.rels
2026-05-11 00:07:39 DEBUG PackageRelationshipCollection:307 - Parsing relationship: /_rels/.rels
2026-05-11 00:07:39 DEBUG PackageRelationshipCollection:307 - Parsing relationship: /xl/_rels/workbook.xml.rels
2026-05-11 00:07:39 DEBUG PackageRelationshipCollection:307 - Parsing relationship: /_rels/.rels
2026-05-11 00:07:39 DEBUG PackageRelationshipCollection:307 - Parsing relationship: /xl/_rels/workbook.xml.rels
2026-05-11 00:07:39 DEBUG PackageRelationshipCollection:307 - Parsing relationship: /_rels/.rels
2026-05-11 00:07:39 DEBUG PackageRelationshipCollection:307 - Parsing relationship: /xl/_rels/workbook.xml.rels
2026-05-11 00:07:39 DEBUG PackageRelationshipCollection:307 - Parsing relationship: /_rels/.rels
2026-05-11 00:07:39 DEBUG PackageRelationshipCollection:307 - Parsing relationship: /xl/_rels/workbook.xml.rels
2026-05-11 00:07:39 DEBUG PackageRelationshipCollection:307 - Parsing relationship: /_rels/.rels
2026-05-11 00:07:39 DEBUG PackageRelationshipCollection:307 - Parsing relationship: /xl/_rels/workbook.xml.rels
2026-05-11 00:07:39 DEBUG PackageRelationshipCollection:307 - Parsing relationship: /_rels/.rels
2026-05-11 00:07:39 DEBUG PackageRelationshipCollection:307 - Parsing relationship: /xl/_rels/workbook.xml.rels
2026-05-11 00:07:39 DEBUG PackageRelationshipCollection:307 - Parsing relationship: /_rels/.rels
2026-05-11 00:07:39 DEBUG PackageRelationshipCollection:307 - Parsing relationship: /xl/_rels/workbook.xml.rels
2026-05-11 00:07:39 DEBUG PackageRelationshipCollection:307 - Parsing relationship: /_rels/.rels
2026-05-11 00:07:39 DEBUG PackageRelationshipCollection:307 - Parsing relationship: /xl/_rels/workbook.xml.rels
2026-05-11 00:07:39 DEBUG PackageRelationshipCollection:307 - Parsing relationship: /_rels/.rels
2026-05-11 00:07:39 DEBUG PackageRelationshipCollection:307 - Parsing relationship: /xl/_rels/workbook.xml.rels
2026-05-11 00:07:39 DEBUG PackageRelationshipCollection:307 - Parsing relationship: /_rels/.rels
2026-05-11 00:07:39 DEBUG PackageRelationshipCollection:307 - Parsing relationship: /xl/_rels/workbook.xml.rels
2026-05-11 00:07:39 DEBUG PackageRelationshipCollection:307 - Parsing relationship: /_rels/.rels
2026-05-11 00:07:39 DEBUG PackageRelationshipCollection:307 - Parsing relationship: /xl/_rels/workbook.xml.rels
2026-05-11 00:07:39 DEBUG PackageRelationshipCollection:307 - Parsing relationship: /_rels/.rels
2026-05-11 00:07:39 DEBUG PackageRelationshipCollection:307 - Parsing relationship: /xl/_rels/workbook.xml.rels
2026-05-11 00:07:39 DEBUG PackageRelationshipCollection:307 - Parsing relationship: /_rels/.rels
2026-05-11 00:07:39 DEBUG PackageRelationshipCollection:307 - Parsing relationship: /xl/_rels/workbook.xml.rels
2026-05-11 00:07:39 DEBUG PackageRelationshipCollection:307 - Parsing relationship: /_rels/.rels
2026-05-11 00:07:40 DEBUG PackageRelationshipCollection:307 - Parsing relationship: /xl/_rels/workbook.xml.rels
2026-05-11 00:07:40 DEBUG PackageRelationshipCollection:307 - Parsing relationship: /_rels/.rels
2026-05-11 00:07:40 DEBUG PackageRelationshipCollection:307 - Parsing relationship: /xl/_rels/workbook.xml.rels
2026-05-11 00:07:40 DEBUG PackageRelationshipCollection:307 - Parsing relationship: /_rels/.rels
2026-05-11 00:07:40 DEBUG PackageRelationshipCollection:307 - Parsing relationship: /xl/_rels/workbook.xml.rels
2026-05-11 00:07:40 DEBUG PackageRelationshipCollection:307 - Parsing relationship: /_rels/.rels
2026-05-11 00:07:40 DEBUG PackageRelationshipCollection:307 - Parsing relationship: /xl/_rels/workbook.xml.rels
2026-05-11 00:07:40 DEBUG PackageRelationshipCollection:307 - Parsing relationship: /_rels/.rels
2026-05-11 00:07:40 DEBUG PackageRelationshipCollection:307 - Parsing relationship: /xl/_rels/workbook.xml.rels
2026-05-11 00:07:40 DEBUG PackageRelationshipCollection:307 - Parsing relationship: /_rels/.rels
2026-05-11 00:07:40 DEBUG PackageRelationshipCollection:307 - Parsing relationship: /xl/_rels/workbook.xml.rels
2026-05-11 00:07:40 DEBUG PackageRelationshipCollection:307 - Parsing relationship: /_rels/.rels
2026-05-11 00:07:40 DEBUG PackageRelationshipCollection:307 - Parsing relationship: /xl/_rels/workbook.xml.rels
2026-05-11 00:07:40 DEBUG PackageRelationshipCollection:307 - Parsing relationship: /_rels/.rels
2026-05-11 00:07:40 DEBUG PackageRelationshipCollection:307 - Parsing relationship: /xl/_rels/workbook.xml.rels
2026-05-11 00:07:40 DEBUG PackageRelationshipCollection:307 - Parsing relationship: /_rels/.rels
2026-05-11 00:07:40 DEBUG PackageRelationshipCollection:307 - Parsing relationship: /xl/_rels/workbook.xml.rels
2026-05-11 00:07:40 DEBUG PackageRelationshipCollection:307 - Parsing relationship: /_rels/.rels
2026-05-11 00:07:40 DEBUG PackageRelationshipCollection:307 - Parsing relationship: /xl/_rels/workbook.xml.rels
2026-05-11 00:07:40 DEBUG PackageRelationshipCollection:307 - Parsing relationship: /_rels/.rels
2026-05-11 00:07:40 DEBUG PackageRelationshipCollection:307 - Parsing relationship: /xl/_rels/workbook.xml.rels
2026-05-11 00:07:40 DEBUG PackageRelationshipCollection:307 - Parsing relationship: /_rels/.rels
2026-05-11 00:07:40 DEBUG PackageRelationshipCollection:307 - Parsing relationship: /xl/_rels/workbook.xml.rels
2026-05-11 00:07:40 DEBUG PackageRelationshipCollection:307 - Parsing relationship: /_rels/.rels
2026-05-11 00:07:40 DEBUG PackageRelationshipCollection:307 - Parsing relationship: /xl/_rels/workbook.xml.rels
2026-05-11 00:07:40 DEBUG PackageRelationshipCollection:307 - Parsing relationship: /_rels/.rels
2026-05-11 00:07:40 DEBUG PackageRelationshipCollection:307 - Parsing relationship: /xl/_rels/workbook.xml.rels
2026-05-11 00:07:40 DEBUG PackageRelationshipCollection:307 - Parsing relationship: /_rels/.rels
2026-05-11 00:07:40 DEBUG PackageRelationshipCollection:307 - Parsing relationship: /xl/_rels/workbook.xml.rels
2026-05-11 00:07:40 DEBUG PackageRelationshipCollection:307 - Parsing relationship: /_rels/.rels
2026-05-11 00:07:40 DEBUG PackageRelationshipCollection:307 - Parsing relationship: /xl/_rels/workbook.xml.rels
2026-05-11 00:07:40 DEBUG PackageRelationshipCollection:307 - Parsing relationship: /_rels/.rels
2026-05-11 00:07:40 DEBUG PackageRelationshipCollection:307 - Parsing relationship: /xl/_rels/workbook.xml.rels
2026-05-11 00:07:40 DEBUG PackageRelationshipCollection:307 - Parsing relationship: /_rels/.rels
2026-05-11 00:07:40 DEBUG PackageRelationshipCollection:307 - Parsing relationship: /xl/_rels/workbook.xml.rels
2026-05-11 00:07:40 DEBUG PackageRelationshipCollection:307 - Parsing relationship: /_rels/.rels
2026-05-11 00:07:40 DEBUG PackageRelationshipCollection:307 - Parsing relationship: /xl/_rels/workbook.xml.rels
2026-05-11 00:07:40 DEBUG PackageRelationshipCollection:307 - Parsing relationship: /_rels/.rels
2026-05-11 00:07:40 DEBUG DDAuthTests:31 - ------------Debuging--------------
2026-05-11 00:07:40 INFO  DDAuthTests:32 - ===== Setup Data Started =====
2026-05-11 00:07:40 INFO  DDAuthTests:38 - ************* Login User ***************
2026-05-11 00:07:41 DEBUG DDAuthTests:31 - ------------Debuging--------------
2026-05-11 00:07:41 INFO  DDAuthTests:32 - ===== Setup Data Started =====
2026-05-11 00:07:41 INFO  DDAuthTests:38 - ************* Login User ***************
2026-05-11 00:07:41 DEBUG DDAuthTests:31 - ------------Debuging--------------
2026-05-11 00:07:41 INFO  DDAuthTests:32 - ===== Setup Data Started =====
2026-05-11 00:07:41 INFO  DDAuthTests:38 - ************* Login User ***************
2026-05-11 00:07:41 DEBUG DDAuthTests:31 - ------------Debuging--------------
2026-05-11 00:07:41 INFO  DDAuthTests:32 - ===== Setup Data Started =====
2026-05-11 00:07:41 INFO  DDAuthTests:38 - ************* Login User ***************
2026-05-11 00:07:41 DEBUG DDAuthTests:31 - ------------Debuging--------------
2026-05-11 00:07:41 INFO  DDAuthTests:32 - ===== Setup Data Started =====
2026-05-11 00:07:41 INFO  DDAuthTests:38 - ************* Login User ***************
2026-05-11 00:07:41 DEBUG DDAuthTests:31 - ------------Debuging--------------
2026-05-11 00:07:41 INFO  DDAuthTests:32 - ===== Setup Data Started =====
2026-05-11 00:07:41 INFO  DDAuthTests:38 - ************* Login User ***************
2026-05-11 00:07:41 DEBUG DDAuthTests:31 - ------------Debuging--------------
2026-05-11 00:07:41 INFO  DDAuthTests:32 - ===== Setup Data Started =====
2026-05-11 00:07:41 INFO  DDAuthTests:38 - ************* Login User ***************
2026-05-11 00:07:41 DEBUG DDAuthTests:31 - ------------Debuging--------------
2026-05-11 00:07:41 INFO  DDAuthTests:32 - ===== Setup Data Started =====
2026-05-11 00:07:41 INFO  DDAuthTests:38 - ************* Login User ***************
2026-05-11 00:07:41 DEBUG DDAuthTests:31 - ------------Debuging--------------
2026-05-11 00:07:41 INFO  DDAuthTests:32 - ===== Setup Data Started =====
2026-05-11 00:07:41 INFO  DDAuthTests:38 - ************* Login User ***************
2026-05-11 00:07:41 DEBUG DDAuthTests:31 - ------------Debuging--------------
2026-05-11 00:07:41 INFO  DDAuthTests:32 - ===== Setup Data Started =====
2026-05-11 00:07:41 INFO  DDAuthTests:38 - ************* Login User ***************
2026-05-11 00:07:41 DEBUG DDAuthTests:31 - ------------Debuging--------------
2026-05-11 00:07:41 INFO  DDAuthTests:32 - ===== Setup Data Started =====
2026-05-11 00:07:41 INFO  DDAuthTests:38 - ************* Login User ***************
2026-05-11 00:07:41 DEBUG DDAuthTests:31 - ------------Debuging--------------
2026-05-11 00:07:41 INFO  DDAuthTests:32 - ===== Setup Data Started =====
2026-05-11 00:07:41 INFO  DDAuthTests:38 - ************* Login User ***************
2026-05-11 00:07:41 DEBUG DDAuthTests:31 - ------------Debuging--------------
2026-05-11 00:07:41 INFO  DDAuthTests:32 - ===== Setup Data Started =====
2026-05-11 00:07:41 INFO  DDAuthTests:38 - ************* Login User ***************
2026-05-11 00:07:41 DEBUG DDAuthTests:31 - ------------Debuging--------------
2026-05-11 00:07:41 INFO  DDAuthTests:32 - ===== Setup Data Started =====
2026-05-11 00:07:41 INFO  DDAuthTests:38 - ************* Login User ***************
2026-05-11 00:07:41 DEBUG DDAuthTests:31 - ------------Debuging--------------
2026-05-11 00:07:41 INFO  DDAuthTests:32 - ===== Setup Data Started =====
2026-05-11 00:07:41 INFO  DDAuthTests:38 - ************* Login User ***************
2026-05-11 00:07:41 DEBUG DDAuthTests:31 - ------------Debuging--------------
2026-05-11 00:07:41 INFO  DDAuthTests:32 - ===== Setup Data Started =====
2026-05-11 00:07:41 INFO  DDAuthTests:38 - ************* Login User ***************
2026-05-11 00:07:41 DEBUG DDAuthTests:31 - ------------Debuging--------------
2026-05-11 00:07:41 INFO  DDAuthTests:32 - ===== Setup Data Started =====
2026-05-11 00:07:41 INFO  DDAuthTests:38 - ************* Login User ***************
2026-05-11 00:07:41 DEBUG DDAuthTests:31 - ------------Debuging--------------
2026-05-11 00:07:41 INFO  DDAuthTests:32 - ===== Setup Data Started =====
2026-05-11 00:07:41 INFO  DDAuthTests:38 - ************* Login User ***************
2026-05-11 00:07:41 DEBUG DDAuthTests:31 - ------------Debuging--------------
2026-05-11 00:07:41 INFO  DDAuthTests:32 - ===== Setup Data Started =====
2026-05-11 00:07:41 INFO  DDAuthTests:38 - ************* Login User ***************
2026-05-11 00:07:41 DEBUG DDAuthTests:31 - ------------Debuging--------------
2026-05-11 00:07:41 INFO  DDAuthTests:32 - ===== Setup Data Started =====
2026-05-11 00:07:41 INFO  DDAuthTests:38 - ************* Login User ***************
2026-05-11 00:07:41 DEBUG DDAuthTests:31 - ------------Debuging--------------
2026-05-11 00:07:41 INFO  DDAuthTests:32 - ===== Setup Data Started =====
2026-05-11 00:07:41 INFO  DDAuthTests:38 - ************* Login User ***************
2026-05-11 00:07:41 DEBUG DDAuthTests:31 - ------------Debuging--------------
2026-05-11 00:07:41 INFO  DDAuthTests:32 - ===== Setup Data Started =====
2026-05-11 00:07:41 INFO  DDAuthTests:38 - ************* Login User ***************
