2026-05-11 00:56:01 INFO  DDAuthTests:37 - ===== Test Setup Completed =====
2026-05-11 00:56:01 DEBUG PackageRelationshipCollection:307 - Parsing relationship: /xl/_rels/workbook.xml.rels
2026-05-11 00:56:01 DEBUG PackageRelationshipCollection:307 - Parsing relationship: /_rels/.rels
2026-05-11 00:56:02 DEBUG PackageRelationshipCollection:307 - Parsing relationship: /xl/_rels/workbook.xml.rels
2026-05-11 00:56:02 DEBUG PackageRelationshipCollection:307 - Parsing relationship: /_rels/.rels
2026-05-11 00:56:02 DEBUG PackageRelationshipCollection:307 - Parsing relationship: /xl/_rels/workbook.xml.rels
2026-05-11 00:56:02 DEBUG PackageRelationshipCollection:307 - Parsing relationship: /_rels/.rels
2026-05-11 00:56:02 DEBUG PackageRelationshipCollection:307 - Parsing relationship: /xl/_rels/workbook.xml.rels
2026-05-11 00:56:02 DEBUG PackageRelationshipCollection:307 - Parsing relationship: /_rels/.rels
2026-05-11 00:56:02 DEBUG PackageRelationshipCollection:307 - Parsing relationship: /xl/_rels/workbook.xml.rels
2026-05-11 00:56:02 DEBUG PackageRelationshipCollection:307 - Parsing relationship: /_rels/.rels
2026-05-11 00:56:02 DEBUG PackageRelationshipCollection:307 - Parsing relationship: /xl/_rels/workbook.xml.rels
2026-05-11 00:56:02 DEBUG PackageRelationshipCollection:307 - Parsing relationship: /_rels/.rels
2026-05-11 00:56:02 DEBUG PackageRelationshipCollection:307 - Parsing relationship: /xl/_rels/workbook.xml.rels
2026-05-11 00:56:02 DEBUG PackageRelationshipCollection:307 - Parsing relationship: /_rels/.rels
2026-05-11 00:56:02 DEBUG PackageRelationshipCollection:307 - Parsing relationship: /xl/_rels/workbook.xml.rels
2026-05-11 00:56:02 DEBUG PackageRelationshipCollection:307 - Parsing relationship: /_rels/.rels
2026-05-11 00:56:02 DEBUG PackageRelationshipCollection:307 - Parsing relationship: /xl/_rels/workbook.xml.rels
2026-05-11 00:56:02 DEBUG PackageRelationshipCollection:307 - Parsing relationship: /_rels/.rels
2026-05-11 00:56:02 DEBUG PackageRelationshipCollection:307 - Parsing relationship: /xl/_rels/workbook.xml.rels
2026-05-11 00:56:02 DEBUG PackageRelationshipCollection:307 - Parsing relationship: /_rels/.rels
2026-05-11 00:56:02 DEBUG PackageRelationshipCollection:307 - Parsing relationship: /xl/_rels/workbook.xml.rels
2026-05-11 00:56:02 DEBUG PackageRelationshipCollection:307 - Parsing relationship: /_rels/.rels
2026-05-11 00:56:02 DEBUG PackageRelationshipCollection:307 - Parsing relationship: /xl/_rels/workbook.xml.rels
2026-05-11 00:56:02 DEBUG PackageRelationshipCollection:307 - Parsing relationship: /_rels/.rels
2026-05-11 00:56:02 DEBUG PackageRelationshipCollection:307 - Parsing relationship: /xl/_rels/workbook.xml.rels
2026-05-11 00:56:02 DEBUG PackageRelationshipCollection:307 - Parsing relationship: /_rels/.rels
2026-05-11 00:56:02 DEBUG PackageRelationshipCollection:307 - Parsing relationship: /xl/_rels/workbook.xml.rels
2026-05-11 00:56:02 DEBUG PackageRelationshipCollection:307 - Parsing relationship: /_rels/.rels
2026-05-11 00:56:02 DEBUG PackageRelationshipCollection:307 - Parsing relationship: /xl/_rels/workbook.xml.rels
2026-05-11 00:56:02 DEBUG PackageRelationshipCollection:307 - Parsing relationship: /_rels/.rels
2026-05-11 00:56:02 DEBUG PackageRelationshipCollection:307 - Parsing relationship: /xl/_rels/workbook.xml.rels
2026-05-11 00:56:02 DEBUG PackageRelationshipCollection:307 - Parsing relationship: /_rels/.rels
2026-05-11 00:56:02 DEBUG PackageRelationshipCollection:307 - Parsing relationship: /xl/_rels/workbook.xml.rels
2026-05-11 00:56:02 DEBUG PackageRelationshipCollection:307 - Parsing relationship: /_rels/.rels
2026-05-11 00:56:02 DEBUG PackageRelationshipCollection:307 - Parsing relationship: /xl/_rels/workbook.xml.rels
2026-05-11 00:56:02 DEBUG PackageRelationshipCollection:307 - Parsing relationship: /_rels/.rels
2026-05-11 00:56:02 DEBUG PackageRelationshipCollection:307 - Parsing relationship: /xl/_rels/workbook.xml.rels
2026-05-11 00:56:02 DEBUG PackageRelationshipCollection:307 - Parsing relationship: /_rels/.rels
2026-05-11 00:56:02 DEBUG PackageRelationshipCollection:307 - Parsing relationship: /xl/_rels/workbook.xml.rels
2026-05-11 00:56:02 DEBUG PackageRelationshipCollection:307 - Parsing relationship: /_rels/.rels
2026-05-11 00:56:02 DEBUG PackageRelationshipCollection:307 - Parsing relationship: /xl/_rels/workbook.xml.rels
2026-05-11 00:56:02 DEBUG PackageRelationshipCollection:307 - Parsing relationship: /_rels/.rels
2026-05-11 00:56:02 DEBUG PackageRelationshipCollection:307 - Parsing relationship: /xl/_rels/workbook.xml.rels
2026-05-11 00:56:02 DEBUG PackageRelationshipCollection:307 - Parsing relationship: /_rels/.rels
2026-05-11 00:56:02 DEBUG PackageRelationshipCollection:307 - Parsing relationship: /xl/_rels/workbook.xml.rels
2026-05-11 00:56:02 DEBUG PackageRelationshipCollection:307 - Parsing relationship: /_rels/.rels
2026-05-11 00:56:02 DEBUG PackageRelationshipCollection:307 - Parsing relationship: /xl/_rels/workbook.xml.rels
2026-05-11 00:56:02 DEBUG PackageRelationshipCollection:307 - Parsing relationship: /_rels/.rels
2026-05-11 00:56:02 DEBUG PackageRelationshipCollection:307 - Parsing relationship: /xl/_rels/workbook.xml.rels
2026-05-11 00:56:02 DEBUG PackageRelationshipCollection:307 - Parsing relationship: /_rels/.rels
2026-05-11 00:56:02 DEBUG PackageRelationshipCollection:307 - Parsing relationship: /xl/_rels/workbook.xml.rels
2026-05-11 00:56:02 DEBUG PackageRelationshipCollection:307 - Parsing relationship: /_rels/.rels
2026-05-11 00:56:02 DEBUG PackageRelationshipCollection:307 - Parsing relationship: /xl/_rels/workbook.xml.rels
2026-05-11 00:56:02 DEBUG PackageRelationshipCollection:307 - Parsing relationship: /_rels/.rels
2026-05-11 00:56:02 DEBUG PackageRelationshipCollection:307 - Parsing relationship: /xl/_rels/workbook.xml.rels
2026-05-11 00:56:02 DEBUG PackageRelationshipCollection:307 - Parsing relationship: /_rels/.rels
2026-05-11 00:56:02 DEBUG PackageRelationshipCollection:307 - Parsing relationship: /xl/_rels/workbook.xml.rels
2026-05-11 00:56:02 DEBUG PackageRelationshipCollection:307 - Parsing relationship: /_rels/.rels
2026-05-11 00:56:02 DEBUG PackageRelationshipCollection:307 - Parsing relationship: /xl/_rels/workbook.xml.rels
2026-05-11 00:56:02 DEBUG PackageRelationshipCollection:307 - Parsing relationship: /_rels/.rels
2026-05-11 00:56:02 DEBUG PackageRelationshipCollection:307 - Parsing relationship: /xl/_rels/workbook.xml.rels
2026-05-11 00:56:02 DEBUG PackageRelationshipCollection:307 - Parsing relationship: /_rels/.rels
2026-05-11 00:56:02 DEBUG PackageRelationshipCollection:307 - Parsing relationship: /xl/_rels/workbook.xml.rels
2026-05-11 00:56:02 DEBUG PackageRelationshipCollection:307 - Parsing relationship: /_rels/.rels
2026-05-11 00:56:02 DEBUG PackageRelationshipCollection:307 - Parsing relationship: /xl/_rels/workbook.xml.rels
2026-05-11 00:56:02 DEBUG PackageRelationshipCollection:307 - Parsing relationship: /_rels/.rels
2026-05-11 00:56:02 DEBUG PackageRelationshipCollection:307 - Parsing relationship: /xl/_rels/workbook.xml.rels
2026-05-11 00:56:02 DEBUG PackageRelationshipCollection:307 - Parsing relationship: /_rels/.rels
2026-05-11 00:56:02 DEBUG PackageRelationshipCollection:307 - Parsing relationship: /xl/_rels/workbook.xml.rels
2026-05-11 00:56:02 DEBUG PackageRelationshipCollection:307 - Parsing relationship: /_rels/.rels
2026-05-11 00:56:02 DEBUG PackageRelationshipCollection:307 - Parsing relationship: /xl/_rels/workbook.xml.rels
2026-05-11 00:56:02 DEBUG PackageRelationshipCollection:307 - Parsing relationship: /_rels/.rels
2026-05-11 00:56:02 DEBUG PackageRelationshipCollection:307 - Parsing relationship: /xl/_rels/workbook.xml.rels
2026-05-11 00:56:02 DEBUG PackageRelationshipCollection:307 - Parsing relationship: /_rels/.rels
2026-05-11 00:56:02 DEBUG PackageRelationshipCollection:307 - Parsing relationship: /xl/_rels/workbook.xml.rels
2026-05-11 00:56:02 DEBUG PackageRelationshipCollection:307 - Parsing relationship: /_rels/.rels
2026-05-11 00:56:02 DEBUG PackageRelationshipCollection:307 - Parsing relationship: /xl/_rels/workbook.xml.rels
2026-05-11 00:56:02 DEBUG PackageRelationshipCollection:307 - Parsing relationship: /_rels/.rels
2026-05-11 00:56:02 DEBUG PackageRelationshipCollection:307 - Parsing relationship: /xl/_rels/workbook.xml.rels
2026-05-11 00:56:02 DEBUG PackageRelationshipCollection:307 - Parsing relationship: /_rels/.rels
2026-05-11 00:56:03 DEBUG PackageRelationshipCollection:307 - Parsing relationship: /xl/_rels/workbook.xml.rels
2026-05-11 00:56:03 DEBUG PackageRelationshipCollection:307 - Parsing relationship: /_rels/.rels
2026-05-11 00:56:03 DEBUG PackageRelationshipCollection:307 - Parsing relationship: /xl/_rels/workbook.xml.rels
2026-05-11 00:56:03 DEBUG PackageRelationshipCollection:307 - Parsing relationship: /_rels/.rels
2026-05-11 00:56:03 DEBUG PackageRelationshipCollection:307 - Parsing relationship: /xl/_rels/workbook.xml.rels
2026-05-11 00:56:03 DEBUG PackageRelationshipCollection:307 - Parsing relationship: /_rels/.rels
2026-05-11 00:56:03 DEBUG PackageRelationshipCollection:307 - Parsing relationship: /xl/_rels/workbook.xml.rels
2026-05-11 00:56:03 DEBUG PackageRelationshipCollection:307 - Parsing relationship: /_rels/.rels
2026-05-11 00:56:03 DEBUG PackageRelationshipCollection:307 - Parsing relationship: /xl/_rels/workbook.xml.rels
2026-05-11 00:56:03 DEBUG PackageRelationshipCollection:307 - Parsing relationship: /_rels/.rels
2026-05-11 00:56:03 DEBUG PackageRelationshipCollection:307 - Parsing relationship: /xl/_rels/workbook.xml.rels
2026-05-11 00:56:03 DEBUG PackageRelationshipCollection:307 - Parsing relationship: /_rels/.rels
2026-05-11 00:56:03 INFO  DDAuthTests:44 - ************* Starting Login Test ***************
2026-05-11 00:56:05 INFO  DDAuthTests:84 - Token extracted successfully: null
2026-05-11 00:56:05 INFO  DDBookingTests:39 - Bearer Token Generated Successfully
2026-05-11 00:56:05 INFO  DDBookingTests:41 - ===== Booking Test Setup Completed =====
2026-05-11 00:56:05 DEBUG PackageRelationshipCollection:307 - Parsing relationship: /xl/_rels/workbook.xml.rels
2026-05-11 00:56:05 DEBUG PackageRelationshipCollection:307 - Parsing relationship: /_rels/.rels
2026-05-11 00:56:05 DEBUG PackageRelationshipCollection:307 - Parsing relationship: /xl/_rels/workbook.xml.rels
2026-05-11 00:56:05 DEBUG PackageRelationshipCollection:307 - Parsing relationship: /_rels/.rels
2026-05-11 00:56:05 DEBUG PackageRelationshipCollection:307 - Parsing relationship: /xl/_rels/workbook.xml.rels
2026-05-11 00:56:05 DEBUG PackageRelationshipCollection:307 - Parsing relationship: /_rels/.rels
2026-05-11 00:56:05 DEBUG PackageRelationshipCollection:307 - Parsing relationship: /xl/_rels/workbook.xml.rels
2026-05-11 00:56:05 DEBUG PackageRelationshipCollection:307 - Parsing relationship: /_rels/.rels
2026-05-11 00:56:05 DEBUG PackageRelationshipCollection:307 - Parsing relationship: /xl/_rels/workbook.xml.rels
2026-05-11 00:56:05 DEBUG PackageRelationshipCollection:307 - Parsing relationship: /_rels/.rels
2026-05-11 00:56:05 DEBUG PackageRelationshipCollection:307 - Parsing relationship: /xl/_rels/workbook.xml.rels
2026-05-11 00:56:05 DEBUG PackageRelationshipCollection:307 - Parsing relationship: /_rels/.rels
2026-05-11 00:56:05 DEBUG PackageRelationshipCollection:307 - Parsing relationship: /xl/_rels/workbook.xml.rels
2026-05-11 00:56:05 DEBUG PackageRelationshipCollection:307 - Parsing relationship: /_rels/.rels
2026-05-11 00:56:05 DEBUG PackageRelationshipCollection:307 - Parsing relationship: /xl/_rels/workbook.xml.rels
2026-05-11 00:56:05 DEBUG PackageRelationshipCollection:307 - Parsing relationship: /_rels/.rels
2026-05-11 00:56:05 DEBUG PackageRelationshipCollection:307 - Parsing relationship: /xl/_rels/workbook.xml.rels
2026-05-11 00:56:05 DEBUG PackageRelationshipCollection:307 - Parsing relationship: /_rels/.rels
2026-05-11 00:56:05 DEBUG PackageRelationshipCollection:307 - Parsing relationship: /xl/_rels/workbook.xml.rels
2026-05-11 00:56:05 DEBUG PackageRelationshipCollection:307 - Parsing relationship: /_rels/.rels
2026-05-11 00:56:05 DEBUG PackageRelationshipCollection:307 - Parsing relationship: /xl/_rels/workbook.xml.rels
2026-05-11 00:56:05 DEBUG PackageRelationshipCollection:307 - Parsing relationship: /_rels/.rels
2026-05-11 00:56:05 DEBUG PackageRelationshipCollection:307 - Parsing relationship: /xl/_rels/workbook.xml.rels
2026-05-11 00:56:05 DEBUG PackageRelationshipCollection:307 - Parsing relationship: /_rels/.rels
2026-05-11 00:56:05 DEBUG PackageRelationshipCollection:307 - Parsing relationship: /xl/_rels/workbook.xml.rels
2026-05-11 00:56:05 DEBUG PackageRelationshipCollection:307 - Parsing relationship: /_rels/.rels
2026-05-11 00:56:05 DEBUG PackageRelationshipCollection:307 - Parsing relationship: /xl/_rels/workbook.xml.rels
2026-05-11 00:56:05 DEBUG PackageRelationshipCollection:307 - Parsing relationship: /_rels/.rels
2026-05-11 00:56:05 DEBUG PackageRelationshipCollection:307 - Parsing relationship: /xl/_rels/workbook.xml.rels
2026-05-11 00:56:05 DEBUG PackageRelationshipCollection:307 - Parsing relationship: /_rels/.rels
2026-05-11 00:56:05 DEBUG PackageRelationshipCollection:307 - Parsing relationship: /xl/_rels/workbook.xml.rels
2026-05-11 00:56:05 DEBUG PackageRelationshipCollection:307 - Parsing relationship: /_rels/.rels
2026-05-11 00:56:05 DEBUG PackageRelationshipCollection:307 - Parsing relationship: /xl/_rels/workbook.xml.rels
2026-05-11 00:56:05 DEBUG PackageRelationshipCollection:307 - Parsing relationship: /_rels/.rels
2026-05-11 00:56:05 DEBUG PackageRelationshipCollection:307 - Parsing relationship: /xl/_rels/workbook.xml.rels
2026-05-11 00:56:05 DEBUG PackageRelationshipCollection:307 - Parsing relationship: /_rels/.rels
2026-05-11 00:56:05 DEBUG PackageRelationshipCollection:307 - Parsing relationship: /xl/_rels/workbook.xml.rels
2026-05-11 00:56:05 DEBUG PackageRelationshipCollection:307 - Parsing relationship: /_rels/.rels
2026-05-11 00:56:05 DEBUG PackageRelationshipCollection:307 - Parsing relationship: /xl/_rels/workbook.xml.rels
2026-05-11 00:56:05 DEBUG PackageRelationshipCollection:307 - Parsing relationship: /_rels/.rels
2026-05-11 00:56:05 DEBUG PackageRelationshipCollection:307 - Parsing relationship: /xl/_rels/workbook.xml.rels
2026-05-11 00:56:05 DEBUG PackageRelationshipCollection:307 - Parsing relationship: /_rels/.rels
2026-05-11 00:56:05 DEBUG PackageRelationshipCollection:307 - Parsing relationship: /xl/_rels/workbook.xml.rels
2026-05-11 00:56:05 DEBUG PackageRelationshipCollection:307 - Parsing relationship: /_rels/.rels
2026-05-11 00:56:05 DEBUG PackageRelationshipCollection:307 - Parsing relationship: /xl/_rels/workbook.xml.rels
2026-05-11 00:56:05 DEBUG PackageRelationshipCollection:307 - Parsing relationship: /_rels/.rels
2026-05-11 00:56:05 DEBUG PackageRelationshipCollection:307 - Parsing relationship: /xl/_rels/workbook.xml.rels
2026-05-11 00:56:05 DEBUG PackageRelationshipCollection:307 - Parsing relationship: /_rels/.rels
2026-05-11 00:56:05 DEBUG PackageRelationshipCollection:307 - Parsing relationship: /xl/_rels/workbook.xml.rels
2026-05-11 00:56:05 DEBUG PackageRelationshipCollection:307 - Parsing relationship: /_rels/.rels
2026-05-11 00:56:05 INFO  DDAuthTests:44 - ************* Starting Login Test ***************
2026-05-11 00:56:05 DEBUG PackageRelationshipCollection:307 - Parsing relationship: /xl/_rels/workbook.xml.rels
2026-05-11 00:56:05 DEBUG PackageRelationshipCollection:307 - Parsing relationship: /_rels/.rels
2026-05-11 00:56:05 DEBUG PackageRelationshipCollection:307 - Parsing relationship: /xl/_rels/workbook.xml.rels
2026-05-11 00:56:05 DEBUG PackageRelationshipCollection:307 - Parsing relationship: /_rels/.rels
2026-05-11 00:56:05 DEBUG PackageRelationshipCollection:307 - Parsing relationship: /xl/_rels/workbook.xml.rels
2026-05-11 00:56:05 DEBUG PackageRelationshipCollection:307 - Parsing relationship: /_rels/.rels
2026-05-11 00:56:06 DEBUG PackageRelationshipCollection:307 - Parsing relationship: /xl/_rels/workbook.xml.rels
2026-05-11 00:56:06 DEBUG PackageRelationshipCollection:307 - Parsing relationship: /_rels/.rels
2026-05-11 00:56:06 DEBUG PackageRelationshipCollection:307 - Parsing relationship: /xl/_rels/workbook.xml.rels
2026-05-11 00:56:06 DEBUG PackageRelationshipCollection:307 - Parsing relationship: /_rels/.rels
2026-05-11 00:56:06 DEBUG PackageRelationshipCollection:307 - Parsing relationship: /xl/_rels/workbook.xml.rels
2026-05-11 00:56:06 DEBUG PackageRelationshipCollection:307 - Parsing relationship: /_rels/.rels
2026-05-11 00:56:06 DEBUG PackageRelationshipCollection:307 - Parsing relationship: /xl/_rels/workbook.xml.rels
2026-05-11 00:56:06 DEBUG PackageRelationshipCollection:307 - Parsing relationship: /_rels/.rels
2026-05-11 00:56:06 DEBUG PackageRelationshipCollection:307 - Parsing relationship: /xl/_rels/workbook.xml.rels
2026-05-11 00:56:06 DEBUG PackageRelationshipCollection:307 - Parsing relationship: /_rels/.rels
2026-05-11 00:56:06 DEBUG PackageRelationshipCollection:307 - Parsing relationship: /xl/_rels/workbook.xml.rels
2026-05-11 00:56:06 DEBUG PackageRelationshipCollection:307 - Parsing relationship: /_rels/.rels
2026-05-11 00:56:06 DEBUG PackageRelationshipCollection:307 - Parsing relationship: /xl/_rels/workbook.xml.rels
2026-05-11 00:56:06 DEBUG PackageRelationshipCollection:307 - Parsing relationship: /_rels/.rels
2026-05-11 00:56:06 DEBUG PackageRelationshipCollection:307 - Parsing relationship: /xl/_rels/workbook.xml.rels
2026-05-11 00:56:06 DEBUG PackageRelationshipCollection:307 - Parsing relationship: /_rels/.rels
2026-05-11 00:56:06 DEBUG PackageRelationshipCollection:307 - Parsing relationship: /xl/_rels/workbook.xml.rels
2026-05-11 00:56:06 DEBUG PackageRelationshipCollection:307 - Parsing relationship: /_rels/.rels
2026-05-11 00:56:06 INFO  DDBookingTests:58 - ========== BOOKING CRUD TEST STARTED ==========
2026-05-11 00:56:06 INFO  DDBookingTests:106 - Payload Prepared Successfully
2026-05-11 00:56:07 INFO  DDAuthTests:84 - Token extracted successfully: null
2026-05-11 00:56:07 INFO  DDAuthTests:44 - ************* Starting Login Test ***************
2026-05-11 00:56:07 INFO  DDBookingTests:122 - Booking Created Successfully. ID: 2510
2026-05-11 00:56:09 INFO  DDAuthTests:84 - Token extracted successfully: null
2026-05-11 00:56:09 INFO  DDAuthTests:44 - ************* Starting Login Test ***************
2026-05-11 00:56:09 INFO  DDBookingTests:136 - Booking Read Successfully
2026-05-11 00:56:10 INFO  DDAuthTests:84 - Token extracted successfully: null
2026-05-11 00:56:10 INFO  DDAuthTests:44 - ************* Starting Login Test ***************
2026-05-11 00:56:10 INFO  DDBookingTests:161 - Booking Updated Successfully
2026-05-11 00:56:12 INFO  DDAuthTests:84 - Token extracted successfully: null
2026-05-11 00:56:12 INFO  DDAuthTests:44 - ************* Starting Login Test ***************
2026-05-11 00:56:12 INFO  DDBookingTests:176 - Booking Deleted Successfully
2026-05-11 00:56:12 INFO  DDBookingTests:73 - ========== BOOKING CRUD TEST COMPLETED ==========
2026-05-11 00:56:12 INFO  DDBookingTests:58 - ========== BOOKING CRUD TEST STARTED ==========
2026-05-11 00:56:12 INFO  DDBookingTests:106 - Payload Prepared Successfully
2026-05-11 00:56:13 INFO  DDAuthTests:84 - Token extracted successfully: null
2026-05-11 00:56:13 INFO  DDAuthTests:44 - ************* Starting Login Test ***************
2026-05-11 00:56:13 INFO  DDBookingTests:122 - Booking Created Successfully. ID: 2561
2026-05-11 00:56:15 INFO  DDAuthTests:84 - Token extracted successfully: null
2026-05-11 00:56:15 INFO  DDAuthTests:44 - ************* Starting Login Test ***************
2026-05-11 00:56:15 INFO  DDBookingTests:136 - Booking Read Successfully
2026-05-11 00:56:16 INFO  DDAuthTests:84 - Token extracted successfully: null
2026-05-11 00:56:16 INFO  DDAuthTests:44 - ************* Starting Login Test ***************
2026-05-11 00:56:16 INFO  DDBookingTests:161 - Booking Updated Successfully
2026-05-11 00:56:18 INFO  DDAuthTests:84 - Token extracted successfully: null
2026-05-11 00:56:18 INFO  DDAuthTests:44 - ************* Starting Login Test ***************
2026-05-11 00:56:18 INFO  DDBookingTests:176 - Booking Deleted Successfully
2026-05-11 00:56:18 INFO  DDBookingTests:73 - ========== BOOKING CRUD TEST COMPLETED ==========
2026-05-11 00:56:18 INFO  DDBookingTests:58 - ========== BOOKING CRUD TEST STARTED ==========
2026-05-11 00:56:18 INFO  DDBookingTests:106 - Payload Prepared Successfully
2026-05-11 00:56:19 INFO  DDAuthTests:84 - Token extracted successfully: null
2026-05-11 00:56:19 INFO  DDAuthTests:44 - ************* Starting Login Test ***************
2026-05-11 00:56:20 INFO  DDBookingTests:122 - Booking Created Successfully. ID: 2614
2026-05-11 00:56:21 INFO  DDAuthTests:84 - Token extracted successfully: null
2026-05-11 00:56:21 INFO  DDAuthTests:44 - ************* Starting Login Test ***************
2026-05-11 00:56:21 INFO  DDBookingTests:136 - Booking Read Successfully
2026-05-11 00:56:22 INFO  DDAuthTests:84 - Token extracted successfully: null
2026-05-11 00:56:22 INFO  DDAuthTests:44 - ************* Starting Login Test ***************
2026-05-11 00:56:23 INFO  DDBookingTests:161 - Booking Updated Successfully
2026-05-11 00:56:24 INFO  DDAuthTests:84 - Token extracted successfully: null
2026-05-11 00:56:24 INFO  DDAuthTests:44 - ************* Starting Login Test ***************
2026-05-11 00:56:24 INFO  DDBookingTests:176 - Booking Deleted Successfully
2026-05-11 00:56:24 INFO  DDBookingTests:73 - ========== BOOKING CRUD TEST COMPLETED ==========
2026-05-11 00:56:24 INFO  DDBookingTests:58 - ========== BOOKING CRUD TEST STARTED ==========
2026-05-11 00:56:24 INFO  DDBookingTests:106 - Payload Prepared Successfully
2026-05-11 00:56:26 INFO  DDAuthTests:84 - Token extracted successfully: null
2026-05-11 00:56:26 INFO  DDAuthTests:44 - ************* Starting Login Test ***************
2026-05-11 00:56:26 INFO  DDBookingTests:122 - Booking Created Successfully. ID: 2673
2026-05-11 00:56:27 INFO  DDAuthTests:84 - Token extracted successfully: null
2026-05-11 00:56:27 INFO  DDAuthTests:44 - ************* Starting Login Test ***************
2026-05-11 00:56:27 INFO  DDBookingTests:136 - Booking Read Successfully
2026-05-11 00:56:29 INFO  DDAuthTests:84 - Token extracted successfully: null
2026-05-11 00:56:29 INFO  DDAuthTests:44 - ************* Starting Login Test ***************
2026-05-11 00:56:29 INFO  DDBookingTests:161 - Booking Updated Successfully
2026-05-11 00:56:30 INFO  DDAuthTests:84 - Token extracted successfully: null
2026-05-11 00:56:30 INFO  DDAuthTests:44 - ************* Starting Login Test ***************
2026-05-11 00:56:30 INFO  DDBookingTests:176 - Booking Deleted Successfully
2026-05-11 00:56:30 INFO  DDBookingTests:73 - ========== BOOKING CRUD TEST COMPLETED ==========
2026-05-11 00:56:30 INFO  DDBookingTests:58 - ========== BOOKING CRUD TEST STARTED ==========
2026-05-11 00:56:30 INFO  DDBookingTests:106 - Payload Prepared Successfully
2026-05-11 00:56:32 INFO  DDAuthTests:84 - Token extracted successfully: null
2026-05-11 00:56:32 INFO  DDAuthTests:44 - ************* Starting Login Test ***************
2026-05-11 00:56:32 INFO  DDBookingTests:122 - Booking Created Successfully. ID: 2720
2026-05-11 00:56:33 INFO  DDAuthTests:84 - Token extracted successfully: null
2026-05-11 00:56:33 INFO  DDAuthTests:44 - ************* Starting Login Test ***************
2026-05-11 00:56:33 INFO  DDBookingTests:136 - Booking Read Successfully
2026-05-11 00:56:35 INFO  DDAuthTests:84 - Token extracted successfully: null
2026-05-11 00:56:35 INFO  DDAuthTests:44 - ************* Starting Login Test ***************
2026-05-11 00:56:35 INFO  DDBookingTests:161 - Booking Updated Successfully
2026-05-11 00:56:36 INFO  DDAuthTests:84 - Token extracted successfully: null
2026-05-11 00:56:36 INFO  DDAuthTests:44 - ************* Starting Login Test ***************
2026-05-11 00:56:36 INFO  DDBookingTests:176 - Booking Deleted Successfully
2026-05-11 00:56:36 INFO  DDBookingTests:73 - ========== BOOKING CRUD TEST COMPLETED ==========
2026-05-11 00:56:38 INFO  DDAuthTests:84 - Token extracted successfully: be1ebc2031ece6b
2026-05-11 00:56:38 INFO  DDAuthTests:56 - ************* Login Test Completed Successfully ***************
