2026-05-11 00:35:53 DEBUG PackageRelationshipCollection:307 - Parsing relationship: /xl/_rels/workbook.xml.rels
2026-05-11 00:35:53 DEBUG PackageRelationshipCollection:307 - Parsing relationship: /_rels/.rels
2026-05-11 00:35:53 DEBUG PackageRelationshipCollection:307 - Parsing relationship: /xl/_rels/workbook.xml.rels
2026-05-11 00:35:53 DEBUG PackageRelationshipCollection:307 - Parsing relationship: /_rels/.rels
2026-05-11 00:35:53 DEBUG PackageRelationshipCollection:307 - Parsing relationship: /xl/_rels/workbook.xml.rels
2026-05-11 00:35:53 DEBUG PackageRelationshipCollection:307 - Parsing relationship: /_rels/.rels
2026-05-11 00:35:54 DEBUG PackageRelationshipCollection:307 - Parsing relationship: /xl/_rels/workbook.xml.rels
2026-05-11 00:35:54 DEBUG PackageRelationshipCollection:307 - Parsing relationship: /_rels/.rels
2026-05-11 00:35:54 DEBUG PackageRelationshipCollection:307 - Parsing relationship: /xl/_rels/workbook.xml.rels
2026-05-11 00:35:54 DEBUG PackageRelationshipCollection:307 - Parsing relationship: /_rels/.rels
2026-05-11 00:35:54 DEBUG PackageRelationshipCollection:307 - Parsing relationship: /xl/_rels/workbook.xml.rels
2026-05-11 00:35:54 DEBUG PackageRelationshipCollection:307 - Parsing relationship: /_rels/.rels
2026-05-11 00:35:54 DEBUG PackageRelationshipCollection:307 - Parsing relationship: /xl/_rels/workbook.xml.rels
2026-05-11 00:35:54 DEBUG PackageRelationshipCollection:307 - Parsing relationship: /_rels/.rels
2026-05-11 00:35:54 DEBUG PackageRelationshipCollection:307 - Parsing relationship: /xl/_rels/workbook.xml.rels
2026-05-11 00:35:54 DEBUG PackageRelationshipCollection:307 - Parsing relationship: /_rels/.rels
2026-05-11 00:35:54 DEBUG PackageRelationshipCollection:307 - Parsing relationship: /xl/_rels/workbook.xml.rels
2026-05-11 00:35:54 DEBUG PackageRelationshipCollection:307 - Parsing relationship: /_rels/.rels
2026-05-11 00:35:54 DEBUG PackageRelationshipCollection:307 - Parsing relationship: /xl/_rels/workbook.xml.rels
2026-05-11 00:35:54 DEBUG PackageRelationshipCollection:307 - Parsing relationship: /_rels/.rels
2026-05-11 00:35:54 DEBUG PackageRelationshipCollection:307 - Parsing relationship: /xl/_rels/workbook.xml.rels
2026-05-11 00:35:54 DEBUG PackageRelationshipCollection:307 - Parsing relationship: /_rels/.rels
2026-05-11 00:35:54 DEBUG PackageRelationshipCollection:307 - Parsing relationship: /xl/_rels/workbook.xml.rels
2026-05-11 00:35:54 DEBUG PackageRelationshipCollection:307 - Parsing relationship: /_rels/.rels
2026-05-11 00:35:54 DEBUG PackageRelationshipCollection:307 - Parsing relationship: /xl/_rels/workbook.xml.rels
2026-05-11 00:35:54 DEBUG PackageRelationshipCollection:307 - Parsing relationship: /_rels/.rels
2026-05-11 00:35:54 DEBUG PackageRelationshipCollection:307 - Parsing relationship: /xl/_rels/workbook.xml.rels
2026-05-11 00:35:54 DEBUG PackageRelationshipCollection:307 - Parsing relationship: /_rels/.rels
2026-05-11 00:35:54 DEBUG PackageRelationshipCollection:307 - Parsing relationship: /xl/_rels/workbook.xml.rels
2026-05-11 00:35:54 DEBUG PackageRelationshipCollection:307 - Parsing relationship: /_rels/.rels
2026-05-11 00:35:54 DEBUG PackageRelationshipCollection:307 - Parsing relationship: /xl/_rels/workbook.xml.rels
2026-05-11 00:35:54 DEBUG PackageRelationshipCollection:307 - Parsing relationship: /_rels/.rels
2026-05-11 00:35:54 DEBUG PackageRelationshipCollection:307 - Parsing relationship: /xl/_rels/workbook.xml.rels
2026-05-11 00:35:54 DEBUG PackageRelationshipCollection:307 - Parsing relationship: /_rels/.rels
2026-05-11 00:35:54 DEBUG PackageRelationshipCollection:307 - Parsing relationship: /xl/_rels/workbook.xml.rels
2026-05-11 00:35:54 DEBUG PackageRelationshipCollection:307 - Parsing relationship: /_rels/.rels
2026-05-11 00:35:54 DEBUG PackageRelationshipCollection:307 - Parsing relationship: /xl/_rels/workbook.xml.rels
2026-05-11 00:35:54 DEBUG PackageRelationshipCollection:307 - Parsing relationship: /_rels/.rels
2026-05-11 00:35:54 DEBUG PackageRelationshipCollection:307 - Parsing relationship: /xl/_rels/workbook.xml.rels
2026-05-11 00:35:54 DEBUG PackageRelationshipCollection:307 - Parsing relationship: /_rels/.rels
2026-05-11 00:35:54 DEBUG PackageRelationshipCollection:307 - Parsing relationship: /xl/_rels/workbook.xml.rels
2026-05-11 00:35:54 DEBUG PackageRelationshipCollection:307 - Parsing relationship: /_rels/.rels
2026-05-11 00:35:54 DEBUG PackageRelationshipCollection:307 - Parsing relationship: /xl/_rels/workbook.xml.rels
2026-05-11 00:35:54 DEBUG PackageRelationshipCollection:307 - Parsing relationship: /_rels/.rels
2026-05-11 00:35:54 DEBUG PackageRelationshipCollection:307 - Parsing relationship: /xl/_rels/workbook.xml.rels
2026-05-11 00:35:54 DEBUG PackageRelationshipCollection:307 - Parsing relationship: /_rels/.rels
2026-05-11 00:35:54 DEBUG PackageRelationshipCollection:307 - Parsing relationship: /xl/_rels/workbook.xml.rels
2026-05-11 00:35:54 DEBUG PackageRelationshipCollection:307 - Parsing relationship: /_rels/.rels
2026-05-11 00:35:54 DEBUG PackageRelationshipCollection:307 - Parsing relationship: /xl/_rels/workbook.xml.rels
2026-05-11 00:35:54 DEBUG PackageRelationshipCollection:307 - Parsing relationship: /_rels/.rels
2026-05-11 00:35:54 DEBUG PackageRelationshipCollection:307 - Parsing relationship: /xl/_rels/workbook.xml.rels
2026-05-11 00:35:54 DEBUG PackageRelationshipCollection:307 - Parsing relationship: /_rels/.rels
2026-05-11 00:35:54 DEBUG PackageRelationshipCollection:307 - Parsing relationship: /xl/_rels/workbook.xml.rels
2026-05-11 00:35:54 DEBUG PackageRelationshipCollection:307 - Parsing relationship: /_rels/.rels
2026-05-11 00:35:54 DEBUG PackageRelationshipCollection:307 - Parsing relationship: /xl/_rels/workbook.xml.rels
2026-05-11 00:35:54 DEBUG PackageRelationshipCollection:307 - Parsing relationship: /_rels/.rels
2026-05-11 00:35:54 DEBUG PackageRelationshipCollection:307 - Parsing relationship: /xl/_rels/workbook.xml.rels
2026-05-11 00:35:54 DEBUG PackageRelationshipCollection:307 - Parsing relationship: /_rels/.rels
2026-05-11 00:35:54 DEBUG PackageRelationshipCollection:307 - Parsing relationship: /xl/_rels/workbook.xml.rels
2026-05-11 00:35:54 DEBUG PackageRelationshipCollection:307 - Parsing relationship: /_rels/.rels
2026-05-11 00:35:54 DEBUG PackageRelationshipCollection:307 - Parsing relationship: /xl/_rels/workbook.xml.rels
2026-05-11 00:35:54 DEBUG PackageRelationshipCollection:307 - Parsing relationship: /_rels/.rels
2026-05-11 00:35:54 DEBUG PackageRelationshipCollection:307 - Parsing relationship: /xl/_rels/workbook.xml.rels
2026-05-11 00:35:54 DEBUG PackageRelationshipCollection:307 - Parsing relationship: /_rels/.rels
2026-05-11 00:35:54 DEBUG PackageRelationshipCollection:307 - Parsing relationship: /xl/_rels/workbook.xml.rels
2026-05-11 00:35:54 DEBUG PackageRelationshipCollection:307 - Parsing relationship: /_rels/.rels
2026-05-11 00:35:54 DEBUG PackageRelationshipCollection:307 - Parsing relationship: /xl/_rels/workbook.xml.rels
2026-05-11 00:35:54 DEBUG PackageRelationshipCollection:307 - Parsing relationship: /_rels/.rels
2026-05-11 00:35:55 DEBUG PackageRelationshipCollection:307 - Parsing relationship: /xl/_rels/workbook.xml.rels
2026-05-11 00:35:55 DEBUG PackageRelationshipCollection:307 - Parsing relationship: /_rels/.rels
2026-05-11 00:35:55 DEBUG PackageRelationshipCollection:307 - Parsing relationship: /xl/_rels/workbook.xml.rels
2026-05-11 00:35:55 DEBUG PackageRelationshipCollection:307 - Parsing relationship: /_rels/.rels
2026-05-11 00:35:55 DEBUG PackageRelationshipCollection:307 - Parsing relationship: /xl/_rels/workbook.xml.rels
2026-05-11 00:35:55 DEBUG PackageRelationshipCollection:307 - Parsing relationship: /_rels/.rels
2026-05-11 00:35:55 DEBUG PackageRelationshipCollection:307 - Parsing relationship: /xl/_rels/workbook.xml.rels
2026-05-11 00:35:55 DEBUG PackageRelationshipCollection:307 - Parsing relationship: /_rels/.rels
2026-05-11 00:35:55 DEBUG PackageRelationshipCollection:307 - Parsing relationship: /xl/_rels/workbook.xml.rels
2026-05-11 00:35:55 DEBUG PackageRelationshipCollection:307 - Parsing relationship: /_rels/.rels
2026-05-11 00:35:55 DEBUG PackageRelationshipCollection:307 - Parsing relationship: /xl/_rels/workbook.xml.rels
2026-05-11 00:35:55 DEBUG PackageRelationshipCollection:307 - Parsing relationship: /_rels/.rels
2026-05-11 00:35:55 DEBUG PackageRelationshipCollection:307 - Parsing relationship: /xl/_rels/workbook.xml.rels
2026-05-11 00:35:55 DEBUG PackageRelationshipCollection:307 - Parsing relationship: /_rels/.rels
2026-05-11 00:35:55 DEBUG PackageRelationshipCollection:307 - Parsing relationship: /xl/_rels/workbook.xml.rels
2026-05-11 00:35:55 DEBUG PackageRelationshipCollection:307 - Parsing relationship: /_rels/.rels
2026-05-11 00:35:55 DEBUG PackageRelationshipCollection:307 - Parsing relationship: /xl/_rels/workbook.xml.rels
2026-05-11 00:35:55 DEBUG PackageRelationshipCollection:307 - Parsing relationship: /_rels/.rels
2026-05-11 00:35:55 DEBUG PackageRelationshipCollection:307 - Parsing relationship: /xl/_rels/workbook.xml.rels
2026-05-11 00:35:55 DEBUG PackageRelationshipCollection:307 - Parsing relationship: /_rels/.rels
2026-05-11 00:35:55 DEBUG PackageRelationshipCollection:307 - Parsing relationship: /xl/_rels/workbook.xml.rels
2026-05-11 00:35:55 DEBUG PackageRelationshipCollection:307 - Parsing relationship: /_rels/.rels
2026-05-11 00:35:55 DEBUG PackageRelationshipCollection:307 - Parsing relationship: /xl/_rels/workbook.xml.rels
2026-05-11 00:35:55 DEBUG PackageRelationshipCollection:307 - Parsing relationship: /_rels/.rels
2026-05-11 00:35:55 DEBUG DDAuthTests:31 - ------------Debuging--------------
2026-05-11 00:35:55 INFO  DDAuthTests:32 - ===== Setup Data Started =====
2026-05-11 00:35:55 INFO  DDAuthTests:38 - ************* Login User ***************
2026-05-11 00:35:58 INFO  DDAuthTests:46 - Request sent for user login
2026-05-11 00:35:58 INFO  DDAuthTests:49 - Validating response for user login.
2026-05-11 00:35:59 INFO  DDAuthTests:54 - ************* User logged  Successfully and token successfully.***************
2026-05-11 00:35:59 INFO  DDBookingTests:35 - Bearer Token Generated Successfully
2026-05-11 00:35:59 INFO  DDBookingTests:37 - ===== Booking Test Setup Completed =====
2026-05-11 00:35:59 DEBUG PackageRelationshipCollection:307 - Parsing relationship: /xl/_rels/workbook.xml.rels
2026-05-11 00:35:59 DEBUG PackageRelationshipCollection:307 - Parsing relationship: /_rels/.rels
2026-05-11 00:35:59 DEBUG PackageRelationshipCollection:307 - Parsing relationship: /xl/_rels/workbook.xml.rels
2026-05-11 00:35:59 DEBUG PackageRelationshipCollection:307 - Parsing relationship: /_rels/.rels
2026-05-11 00:35:59 DEBUG PackageRelationshipCollection:307 - Parsing relationship: /xl/_rels/workbook.xml.rels
2026-05-11 00:35:59 DEBUG PackageRelationshipCollection:307 - Parsing relationship: /_rels/.rels
2026-05-11 00:35:59 DEBUG PackageRelationshipCollection:307 - Parsing relationship: /xl/_rels/workbook.xml.rels
2026-05-11 00:35:59 DEBUG PackageRelationshipCollection:307 - Parsing relationship: /_rels/.rels
2026-05-11 00:35:59 DEBUG PackageRelationshipCollection:307 - Parsing relationship: /xl/_rels/workbook.xml.rels
2026-05-11 00:35:59 DEBUG PackageRelationshipCollection:307 - Parsing relationship: /_rels/.rels
2026-05-11 00:35:59 DEBUG PackageRelationshipCollection:307 - Parsing relationship: /xl/_rels/workbook.xml.rels
2026-05-11 00:35:59 DEBUG PackageRelationshipCollection:307 - Parsing relationship: /_rels/.rels
2026-05-11 00:35:59 DEBUG PackageRelationshipCollection:307 - Parsing relationship: /xl/_rels/workbook.xml.rels
2026-05-11 00:35:59 DEBUG PackageRelationshipCollection:307 - Parsing relationship: /_rels/.rels
2026-05-11 00:35:59 DEBUG PackageRelationshipCollection:307 - Parsing relationship: /xl/_rels/workbook.xml.rels
2026-05-11 00:35:59 DEBUG PackageRelationshipCollection:307 - Parsing relationship: /_rels/.rels
2026-05-11 00:35:59 DEBUG PackageRelationshipCollection:307 - Parsing relationship: /xl/_rels/workbook.xml.rels
2026-05-11 00:35:59 DEBUG PackageRelationshipCollection:307 - Parsing relationship: /_rels/.rels
2026-05-11 00:35:59 DEBUG PackageRelationshipCollection:307 - Parsing relationship: /xl/_rels/workbook.xml.rels
2026-05-11 00:35:59 DEBUG PackageRelationshipCollection:307 - Parsing relationship: /_rels/.rels
2026-05-11 00:35:59 DEBUG PackageRelationshipCollection:307 - Parsing relationship: /xl/_rels/workbook.xml.rels
2026-05-11 00:35:59 DEBUG PackageRelationshipCollection:307 - Parsing relationship: /_rels/.rels
2026-05-11 00:35:59 DEBUG PackageRelationshipCollection:307 - Parsing relationship: /xl/_rels/workbook.xml.rels
2026-05-11 00:35:59 DEBUG PackageRelationshipCollection:307 - Parsing relationship: /_rels/.rels
2026-05-11 00:35:59 DEBUG PackageRelationshipCollection:307 - Parsing relationship: /xl/_rels/workbook.xml.rels
2026-05-11 00:35:59 DEBUG PackageRelationshipCollection:307 - Parsing relationship: /_rels/.rels
2026-05-11 00:35:59 DEBUG PackageRelationshipCollection:307 - Parsing relationship: /xl/_rels/workbook.xml.rels
2026-05-11 00:35:59 DEBUG PackageRelationshipCollection:307 - Parsing relationship: /_rels/.rels
2026-05-11 00:35:59 DEBUG PackageRelationshipCollection:307 - Parsing relationship: /xl/_rels/workbook.xml.rels
2026-05-11 00:35:59 DEBUG PackageRelationshipCollection:307 - Parsing relationship: /_rels/.rels
2026-05-11 00:35:59 DEBUG PackageRelationshipCollection:307 - Parsing relationship: /xl/_rels/workbook.xml.rels
2026-05-11 00:35:59 DEBUG PackageRelationshipCollection:307 - Parsing relationship: /_rels/.rels
2026-05-11 00:35:59 DEBUG PackageRelationshipCollection:307 - Parsing relationship: /xl/_rels/workbook.xml.rels
2026-05-11 00:35:59 DEBUG PackageRelationshipCollection:307 - Parsing relationship: /_rels/.rels
2026-05-11 00:35:59 DEBUG PackageRelationshipCollection:307 - Parsing relationship: /xl/_rels/workbook.xml.rels
2026-05-11 00:35:59 DEBUG PackageRelationshipCollection:307 - Parsing relationship: /_rels/.rels
2026-05-11 00:35:59 DEBUG PackageRelationshipCollection:307 - Parsing relationship: /xl/_rels/workbook.xml.rels
2026-05-11 00:35:59 DEBUG PackageRelationshipCollection:307 - Parsing relationship: /_rels/.rels
2026-05-11 00:35:59 DEBUG PackageRelationshipCollection:307 - Parsing relationship: /xl/_rels/workbook.xml.rels
2026-05-11 00:35:59 DEBUG PackageRelationshipCollection:307 - Parsing relationship: /_rels/.rels
2026-05-11 00:35:59 DEBUG PackageRelationshipCollection:307 - Parsing relationship: /xl/_rels/workbook.xml.rels
2026-05-11 00:35:59 DEBUG PackageRelationshipCollection:307 - Parsing relationship: /_rels/.rels
2026-05-11 00:35:59 DEBUG PackageRelationshipCollection:307 - Parsing relationship: /xl/_rels/workbook.xml.rels
2026-05-11 00:35:59 DEBUG PackageRelationshipCollection:307 - Parsing relationship: /_rels/.rels
2026-05-11 00:35:59 DEBUG PackageRelationshipCollection:307 - Parsing relationship: /xl/_rels/workbook.xml.rels
2026-05-11 00:35:59 DEBUG PackageRelationshipCollection:307 - Parsing relationship: /_rels/.rels
2026-05-11 00:35:59 DEBUG PackageRelationshipCollection:307 - Parsing relationship: /xl/_rels/workbook.xml.rels
2026-05-11 00:35:59 DEBUG PackageRelationshipCollection:307 - Parsing relationship: /_rels/.rels
2026-05-11 00:35:59 DEBUG PackageRelationshipCollection:307 - Parsing relationship: /xl/_rels/workbook.xml.rels
2026-05-11 00:35:59 DEBUG PackageRelationshipCollection:307 - Parsing relationship: /_rels/.rels
2026-05-11 00:35:59 DEBUG PackageRelationshipCollection:307 - Parsing relationship: /xl/_rels/workbook.xml.rels
2026-05-11 00:35:59 DEBUG PackageRelationshipCollection:307 - Parsing relationship: /_rels/.rels
2026-05-11 00:35:59 DEBUG PackageRelationshipCollection:307 - Parsing relationship: /xl/_rels/workbook.xml.rels
2026-05-11 00:35:59 DEBUG PackageRelationshipCollection:307 - Parsing relationship: /_rels/.rels
2026-05-11 00:35:59 DEBUG PackageRelationshipCollection:307 - Parsing relationship: /xl/_rels/workbook.xml.rels
2026-05-11 00:35:59 DEBUG PackageRelationshipCollection:307 - Parsing relationship: /_rels/.rels
2026-05-11 00:35:59 DEBUG PackageRelationshipCollection:307 - Parsing relationship: /xl/_rels/workbook.xml.rels
2026-05-11 00:35:59 DEBUG PackageRelationshipCollection:307 - Parsing relationship: /_rels/.rels
2026-05-11 00:35:59 DEBUG PackageRelationshipCollection:307 - Parsing relationship: /xl/_rels/workbook.xml.rels
2026-05-11 00:35:59 DEBUG PackageRelationshipCollection:307 - Parsing relationship: /_rels/.rels
2026-05-11 00:35:59 DEBUG DDAuthTests:31 - ------------Debuging--------------
2026-05-11 00:35:59 INFO  DDAuthTests:32 - ===== Setup Data Started =====
2026-05-11 00:35:59 INFO  DDAuthTests:38 - ************* Login User ***************
2026-05-11 00:35:59 DEBUG PackageRelationshipCollection:307 - Parsing relationship: /xl/_rels/workbook.xml.rels
2026-05-11 00:35:59 DEBUG PackageRelationshipCollection:307 - Parsing relationship: /_rels/.rels
2026-05-11 00:35:59 DEBUG PackageRelationshipCollection:307 - Parsing relationship: /xl/_rels/workbook.xml.rels
2026-05-11 00:35:59 DEBUG PackageRelationshipCollection:307 - Parsing relationship: /_rels/.rels
2026-05-11 00:35:59 DEBUG PackageRelationshipCollection:307 - Parsing relationship: /xl/_rels/workbook.xml.rels
2026-05-11 00:35:59 DEBUG PackageRelationshipCollection:307 - Parsing relationship: /_rels/.rels
2026-05-11 00:35:59 DEBUG PackageRelationshipCollection:307 - Parsing relationship: /xl/_rels/workbook.xml.rels
2026-05-11 00:35:59 DEBUG PackageRelationshipCollection:307 - Parsing relationship: /_rels/.rels
2026-05-11 00:35:59 DEBUG PackageRelationshipCollection:307 - Parsing relationship: /xl/_rels/workbook.xml.rels
2026-05-11 00:35:59 DEBUG PackageRelationshipCollection:307 - Parsing relationship: /_rels/.rels
2026-05-11 00:35:59 DEBUG PackageRelationshipCollection:307 - Parsing relationship: /xl/_rels/workbook.xml.rels
2026-05-11 00:35:59 DEBUG PackageRelationshipCollection:307 - Parsing relationship: /_rels/.rels
2026-05-11 00:35:59 DEBUG PackageRelationshipCollection:307 - Parsing relationship: /xl/_rels/workbook.xml.rels
2026-05-11 00:35:59 DEBUG PackageRelationshipCollection:307 - Parsing relationship: /_rels/.rels
2026-05-11 00:35:59 INFO  DDBookingTests:54 - ========== BOOKING CRUD TEST STARTED ==========
2026-05-11 00:35:59 INFO  DDBookingTests:77 - Payload Prepared Successfully
2026-05-11 00:36:01 INFO  DDAuthTests:46 - Request sent for user login
2026-05-11 00:36:01 INFO  DDAuthTests:49 - Validating response for user login.
2026-05-11 00:36:01 INFO  DDAuthTests:54 - ************* User logged  Successfully and token successfully.***************
2026-05-11 00:36:01 DEBUG DDAuthTests:31 - ------------Debuging--------------
2026-05-11 00:36:01 INFO  DDAuthTests:32 - ===== Setup Data Started =====
2026-05-11 00:36:01 INFO  DDAuthTests:38 - ************* Login User ***************
2026-05-11 00:36:01 INFO  DDBookingTests:94 - Booking Created Successfully
2026-05-11 00:36:01 INFO  DDBookingTests:95 - Booking ID: 2614
2026-05-11 00:36:02 INFO  DDAuthTests:46 - Request sent for user login
2026-05-11 00:36:02 INFO  DDAuthTests:49 - Validating response for user login.
2026-05-11 00:36:02 INFO  DDAuthTests:54 - ************* User logged  Successfully and token successfully.***************
2026-05-11 00:36:02 DEBUG DDAuthTests:31 - ------------Debuging--------------
2026-05-11 00:36:02 INFO  DDAuthTests:32 - ===== Setup Data Started =====
2026-05-11 00:36:02 INFO  DDAuthTests:38 - ************* Login User ***************
2026-05-11 00:36:02 INFO  DDBookingTests:109 - Booking Read Successfully
2026-05-11 00:36:04 INFO  DDAuthTests:46 - Request sent for user login
2026-05-11 00:36:04 INFO  DDAuthTests:49 - Validating response for user login.
2026-05-11 00:36:04 INFO  DDAuthTests:54 - ************* User logged  Successfully and token successfully.***************
2026-05-11 00:36:04 DEBUG DDAuthTests:31 - ------------Debuging--------------
2026-05-11 00:36:04 INFO  DDAuthTests:32 - ===== Setup Data Started =====
2026-05-11 00:36:04 INFO  DDAuthTests:38 - ************* Login User ***************
2026-05-11 00:36:04 INFO  DDBookingTests:133 - Booking Updated Successfully
2026-05-11 00:36:06 INFO  DDBookingTests:147 - Booking Deleted Successfully
2026-05-11 00:36:06 INFO  DDBookingTests:149 - ========== BOOKING CRUD TEST COMPLETED ==========
2026-05-11 00:36:06 INFO  DDBookingTests:54 - ========== BOOKING CRUD TEST STARTED ==========
2026-05-11 00:36:06 INFO  DDBookingTests:77 - Payload Prepared Successfully
2026-05-11 00:36:06 INFO  DDAuthTests:46 - Request sent for user login
2026-05-11 00:36:06 INFO  DDAuthTests:49 - Validating response for user login.
2026-05-11 00:36:06 INFO  DDAuthTests:54 - ************* User logged  Successfully and token successfully.***************
2026-05-11 00:36:06 DEBUG DDAuthTests:31 - ------------Debuging--------------
2026-05-11 00:36:06 INFO  DDAuthTests:32 - ===== Setup Data Started =====
2026-05-11 00:36:06 INFO  DDAuthTests:38 - ************* Login User ***************
2026-05-11 00:36:07 INFO  DDBookingTests:94 - Booking Created Successfully
2026-05-11 00:36:07 INFO  DDBookingTests:95 - Booking ID: 2664
2026-05-11 00:36:07 INFO  DDAuthTests:46 - Request sent for user login
2026-05-11 00:36:07 INFO  DDAuthTests:49 - Validating response for user login.
2026-05-11 00:36:07 INFO  DDAuthTests:54 - ************* User logged  Successfully and token successfully.***************
2026-05-11 00:36:07 DEBUG DDAuthTests:31 - ------------Debuging--------------
2026-05-11 00:36:07 INFO  DDAuthTests:32 - ===== Setup Data Started =====
2026-05-11 00:36:07 INFO  DDAuthTests:38 - ************* Login User ***************
2026-05-11 00:36:09 INFO  DDBookingTests:109 - Booking Read Successfully
2026-05-11 00:36:09 INFO  DDAuthTests:46 - Request sent for user login
2026-05-11 00:36:09 INFO  DDAuthTests:49 - Validating response for user login.
2026-05-11 00:36:09 INFO  DDAuthTests:54 - ************* User logged  Successfully and token successfully.***************
2026-05-11 00:36:09 DEBUG DDAuthTests:31 - ------------Debuging--------------
2026-05-11 00:36:09 INFO  DDAuthTests:32 - ===== Setup Data Started =====
2026-05-11 00:36:09 INFO  DDAuthTests:38 - ************* Login User ***************
2026-05-11 00:36:10 INFO  DDBookingTests:133 - Booking Updated Successfully
2026-05-11 00:36:10 INFO  DDAuthTests:46 - Request sent for user login
2026-05-11 00:36:10 INFO  DDAuthTests:49 - Validating response for user login.
2026-05-11 00:36:11 INFO  DDAuthTests:54 - ************* User logged  Successfully and token successfully.***************
2026-05-11 00:36:11 DEBUG DDAuthTests:31 - ------------Debuging--------------
2026-05-11 00:36:11 INFO  DDAuthTests:32 - ===== Setup Data Started =====
2026-05-11 00:36:11 INFO  DDAuthTests:38 - ************* Login User ***************
2026-05-11 00:36:12 INFO  DDBookingTests:147 - Booking Deleted Successfully
2026-05-11 00:36:12 INFO  DDBookingTests:149 - ========== BOOKING CRUD TEST COMPLETED ==========
2026-05-11 00:36:12 INFO  DDBookingTests:54 - ========== BOOKING CRUD TEST STARTED ==========
2026-05-11 00:36:12 INFO  DDBookingTests:77 - Payload Prepared Successfully
2026-05-11 00:36:12 INFO  DDAuthTests:46 - Request sent for user login
2026-05-11 00:36:12 INFO  DDAuthTests:49 - Validating response for user login.
2026-05-11 00:36:12 INFO  DDAuthTests:54 - ************* User logged  Successfully and token successfully.***************
2026-05-11 00:36:12 DEBUG DDAuthTests:31 - ------------Debuging--------------
2026-05-11 00:36:12 INFO  DDAuthTests:32 - ===== Setup Data Started =====
2026-05-11 00:36:12 INFO  DDAuthTests:38 - ************* Login User ***************
2026-05-11 00:36:13 INFO  DDBookingTests:94 - Booking Created Successfully
2026-05-11 00:36:13 INFO  DDBookingTests:95 - Booking ID: 2721
2026-05-11 00:36:14 INFO  DDAuthTests:46 - Request sent for user login
2026-05-11 00:36:14 INFO  DDAuthTests:49 - Validating response for user login.
2026-05-11 00:36:14 INFO  DDAuthTests:54 - ************* User logged  Successfully and token successfully.***************
2026-05-11 00:36:14 DEBUG DDAuthTests:31 - ------------Debuging--------------
2026-05-11 00:36:14 INFO  DDAuthTests:32 - ===== Setup Data Started =====
2026-05-11 00:36:14 INFO  DDAuthTests:38 - ************* Login User ***************
2026-05-11 00:36:15 INFO  DDBookingTests:109 - Booking Read Successfully
2026-05-11 00:36:15 INFO  DDAuthTests:46 - Request sent for user login
2026-05-11 00:36:15 INFO  DDAuthTests:49 - Validating response for user login.
2026-05-11 00:36:15 INFO  DDAuthTests:54 - ************* User logged  Successfully and token successfully.***************
2026-05-11 00:36:15 DEBUG DDAuthTests:31 - ------------Debuging--------------
2026-05-11 00:36:15 INFO  DDAuthTests:32 - ===== Setup Data Started =====
2026-05-11 00:36:15 INFO  DDAuthTests:38 - ************* Login User ***************
2026-05-11 00:36:17 INFO  DDBookingTests:133 - Booking Updated Successfully
2026-05-11 00:36:17 INFO  DDAuthTests:46 - Request sent for user login
2026-05-11 00:36:17 INFO  DDAuthTests:49 - Validating response for user login.
2026-05-11 00:36:17 INFO  DDAuthTests:54 - ************* User logged  Successfully and token successfully.***************
2026-05-11 00:36:17 DEBUG DDAuthTests:31 - ------------Debuging--------------
2026-05-11 00:36:17 INFO  DDAuthTests:32 - ===== Setup Data Started =====
2026-05-11 00:36:17 INFO  DDAuthTests:38 - ************* Login User ***************
2026-05-11 00:36:18 INFO  DDBookingTests:147 - Booking Deleted Successfully
2026-05-11 00:36:18 INFO  DDBookingTests:149 - ========== BOOKING CRUD TEST COMPLETED ==========
2026-05-11 00:36:18 INFO  DDBookingTests:54 - ========== BOOKING CRUD TEST STARTED ==========
2026-05-11 00:36:18 INFO  DDBookingTests:77 - Payload Prepared Successfully
2026-05-11 00:36:19 INFO  DDAuthTests:46 - Request sent for user login
2026-05-11 00:36:19 INFO  DDAuthTests:49 - Validating response for user login.
2026-05-11 00:36:19 INFO  DDAuthTests:54 - ************* User logged  Successfully and token successfully.***************
2026-05-11 00:36:19 DEBUG DDAuthTests:31 - ------------Debuging--------------
2026-05-11 00:36:19 INFO  DDAuthTests:32 - ===== Setup Data Started =====
2026-05-11 00:36:19 INFO  DDAuthTests:38 - ************* Login User ***************
2026-05-11 00:36:20 INFO  DDBookingTests:94 - Booking Created Successfully
2026-05-11 00:36:20 INFO  DDBookingTests:95 - Booking ID: 2776
2026-05-11 00:36:20 INFO  DDAuthTests:46 - Request sent for user login
2026-05-11 00:36:20 INFO  DDAuthTests:49 - Validating response for user login.
2026-05-11 00:36:20 INFO  DDAuthTests:54 - ************* User logged  Successfully and token successfully.***************
2026-05-11 00:36:20 DEBUG DDAuthTests:31 - ------------Debuging--------------
2026-05-11 00:36:20 INFO  DDAuthTests:32 - ===== Setup Data Started =====
2026-05-11 00:36:20 INFO  DDAuthTests:38 - ************* Login User ***************
2026-05-11 00:36:22 INFO  DDBookingTests:109 - Booking Read Successfully
2026-05-11 00:36:22 INFO  DDAuthTests:46 - Request sent for user login
2026-05-11 00:36:22 INFO  DDAuthTests:49 - Validating response for user login.
2026-05-11 00:36:22 INFO  DDAuthTests:54 - ************* User logged  Successfully and token successfully.***************
2026-05-11 00:36:22 DEBUG DDAuthTests:31 - ------------Debuging--------------
2026-05-11 00:36:22 INFO  DDAuthTests:32 - ===== Setup Data Started =====
2026-05-11 00:36:22 INFO  DDAuthTests:38 - ************* Login User ***************
2026-05-11 00:36:23 INFO  DDBookingTests:133 - Booking Updated Successfully
2026-05-11 00:36:24 INFO  DDAuthTests:46 - Request sent for user login
2026-05-11 00:36:24 INFO  DDAuthTests:49 - Validating response for user login.
2026-05-11 00:36:24 INFO  DDAuthTests:54 - ************* User logged  Successfully and token successfully.***************
2026-05-11 00:36:24 DEBUG DDAuthTests:31 - ------------Debuging--------------
2026-05-11 00:36:24 INFO  DDAuthTests:32 - ===== Setup Data Started =====
2026-05-11 00:36:24 INFO  DDAuthTests:38 - ************* Login User ***************
2026-05-11 00:36:25 INFO  DDBookingTests:147 - Booking Deleted Successfully
2026-05-11 00:36:25 INFO  DDBookingTests:149 - ========== BOOKING CRUD TEST COMPLETED ==========
2026-05-11 00:36:25 INFO  DDBookingTests:54 - ========== BOOKING CRUD TEST STARTED ==========
2026-05-11 00:36:25 INFO  DDBookingTests:77 - Payload Prepared Successfully
2026-05-11 00:36:26 INFO  DDAuthTests:46 - Request sent for user login
2026-05-11 00:36:26 INFO  DDAuthTests:49 - Validating response for user login.
2026-05-11 00:36:26 INFO  DDAuthTests:54 - ************* User logged  Successfully and token successfully.***************
2026-05-11 00:36:26 DEBUG DDAuthTests:31 - ------------Debuging--------------
2026-05-11 00:36:26 INFO  DDAuthTests:32 - ===== Setup Data Started =====
2026-05-11 00:36:26 INFO  DDAuthTests:38 - ************* Login User ***************
2026-05-11 00:36:27 INFO  DDBookingTests:94 - Booking Created Successfully
2026-05-11 00:36:27 INFO  DDBookingTests:95 - Booking ID: 2831
2026-05-11 00:36:27 INFO  DDAuthTests:46 - Request sent for user login
2026-05-11 00:36:27 INFO  DDAuthTests:49 - Validating response for user login.
2026-05-11 00:36:27 INFO  DDAuthTests:54 - ************* User logged  Successfully and token successfully.***************
2026-05-11 00:36:27 DEBUG DDAuthTests:31 - ------------Debuging--------------
2026-05-11 00:36:27 INFO  DDAuthTests:32 - ===== Setup Data Started =====
2026-05-11 00:36:27 INFO  DDAuthTests:38 - ************* Login User ***************
2026-05-11 00:36:29 INFO  DDBookingTests:109 - Booking Read Successfully
2026-05-11 00:36:29 INFO  DDAuthTests:46 - Request sent for user login
2026-05-11 00:36:29 INFO  DDAuthTests:49 - Validating response for user login.
2026-05-11 00:36:29 INFO  DDAuthTests:54 - ************* User logged  Successfully and token successfully.***************
2026-05-11 00:36:29 DEBUG DDAuthTests:31 - ------------Debuging--------------
2026-05-11 00:36:29 INFO  DDAuthTests:32 - ===== Setup Data Started =====
2026-05-11 00:36:29 INFO  DDAuthTests:38 - ************* Login User ***************
2026-05-11 00:36:30 INFO  DDBookingTests:133 - Booking Updated Successfully
2026-05-11 00:36:31 INFO  DDAuthTests:46 - Request sent for user login
2026-05-11 00:36:31 INFO  DDAuthTests:49 - Validating response for user login.
2026-05-11 00:36:31 INFO  DDAuthTests:54 - ************* User logged  Successfully and token successfully.***************
2026-05-11 00:36:31 DEBUG DDAuthTests:31 - ------------Debuging--------------
2026-05-11 00:36:31 INFO  DDAuthTests:32 - ===== Setup Data Started =====
2026-05-11 00:36:31 INFO  DDAuthTests:38 - ************* Login User ***************
2026-05-11 00:36:32 INFO  DDBookingTests:147 - Booking Deleted Successfully
2026-05-11 00:36:32 INFO  DDBookingTests:149 - ========== BOOKING CRUD TEST COMPLETED ==========
2026-05-11 00:36:32 INFO  DDAuthTests:46 - Request sent for user login
2026-05-11 00:36:32 INFO  DDAuthTests:49 - Validating response for user login.
2026-05-11 00:36:32 INFO  DDAuthTests:54 - ************* User logged  Successfully and token successfully.***************
2026-05-11 00:36:32 DEBUG DDAuthTests:31 - ------------Debuging--------------
2026-05-11 00:36:32 INFO  DDAuthTests:32 - ===== Setup Data Started =====
2026-05-11 00:36:32 INFO  DDAuthTests:38 - ************* Login User ***************
2026-05-11 00:36:34 INFO  DDAuthTests:46 - Request sent for user login
2026-05-11 00:36:34 INFO  DDAuthTests:49 - Validating response for user login.
2026-05-11 00:36:34 INFO  DDAuthTests:54 - ************* User logged  Successfully and token successfully.***************
2026-05-11 00:36:34 INFO  DDAuthTests:61 - ************* Response Json validate successfully ***************
