2026-05-11 09:33:42 INFO  DDAuthTests:37 - ===== Test Setup Completed =====
2026-05-11 09:33:42 DEBUG PackageRelationshipCollection:307 - Parsing relationship: /xl/_rels/workbook.xml.rels
2026-05-11 09:33:42 DEBUG PackageRelationshipCollection:307 - Parsing relationship: /_rels/.rels
2026-05-11 09:33:43 DEBUG PackageRelationshipCollection:307 - Parsing relationship: /xl/_rels/workbook.xml.rels
2026-05-11 09:33:43 DEBUG PackageRelationshipCollection:307 - Parsing relationship: /_rels/.rels
2026-05-11 09:33:43 DEBUG PackageRelationshipCollection:307 - Parsing relationship: /xl/_rels/workbook.xml.rels
2026-05-11 09:33:43 DEBUG PackageRelationshipCollection:307 - Parsing relationship: /_rels/.rels
2026-05-11 09:33:43 DEBUG PackageRelationshipCollection:307 - Parsing relationship: /xl/_rels/workbook.xml.rels
2026-05-11 09:33:43 DEBUG PackageRelationshipCollection:307 - Parsing relationship: /_rels/.rels
2026-05-11 09:33:43 DEBUG PackageRelationshipCollection:307 - Parsing relationship: /xl/_rels/workbook.xml.rels
2026-05-11 09:33:43 DEBUG PackageRelationshipCollection:307 - Parsing relationship: /_rels/.rels
2026-05-11 09:33:43 DEBUG PackageRelationshipCollection:307 - Parsing relationship: /xl/_rels/workbook.xml.rels
2026-05-11 09:33:43 DEBUG PackageRelationshipCollection:307 - Parsing relationship: /_rels/.rels
2026-05-11 09:33:43 DEBUG PackageRelationshipCollection:307 - Parsing relationship: /xl/_rels/workbook.xml.rels
2026-05-11 09:33:43 DEBUG PackageRelationshipCollection:307 - Parsing relationship: /_rels/.rels
2026-05-11 09:33:43 DEBUG PackageRelationshipCollection:307 - Parsing relationship: /xl/_rels/workbook.xml.rels
2026-05-11 09:33:43 DEBUG PackageRelationshipCollection:307 - Parsing relationship: /_rels/.rels
2026-05-11 09:33:43 DEBUG PackageRelationshipCollection:307 - Parsing relationship: /xl/_rels/workbook.xml.rels
2026-05-11 09:33:43 DEBUG PackageRelationshipCollection:307 - Parsing relationship: /_rels/.rels
2026-05-11 09:33:43 DEBUG PackageRelationshipCollection:307 - Parsing relationship: /xl/_rels/workbook.xml.rels
2026-05-11 09:33:43 DEBUG PackageRelationshipCollection:307 - Parsing relationship: /_rels/.rels
2026-05-11 09:33:43 DEBUG PackageRelationshipCollection:307 - Parsing relationship: /xl/_rels/workbook.xml.rels
2026-05-11 09:33:43 DEBUG PackageRelationshipCollection:307 - Parsing relationship: /_rels/.rels
2026-05-11 09:33:43 DEBUG PackageRelationshipCollection:307 - Parsing relationship: /xl/_rels/workbook.xml.rels
2026-05-11 09:33:43 DEBUG PackageRelationshipCollection:307 - Parsing relationship: /_rels/.rels
2026-05-11 09:33:43 DEBUG PackageRelationshipCollection:307 - Parsing relationship: /xl/_rels/workbook.xml.rels
2026-05-11 09:33:43 DEBUG PackageRelationshipCollection:307 - Parsing relationship: /_rels/.rels
2026-05-11 09:33:43 DEBUG PackageRelationshipCollection:307 - Parsing relationship: /xl/_rels/workbook.xml.rels
2026-05-11 09:33:43 DEBUG PackageRelationshipCollection:307 - Parsing relationship: /_rels/.rels
2026-05-11 09:33:43 DEBUG PackageRelationshipCollection:307 - Parsing relationship: /xl/_rels/workbook.xml.rels
2026-05-11 09:33:43 DEBUG PackageRelationshipCollection:307 - Parsing relationship: /_rels/.rels
2026-05-11 09:33:43 DEBUG PackageRelationshipCollection:307 - Parsing relationship: /xl/_rels/workbook.xml.rels
2026-05-11 09:33:43 DEBUG PackageRelationshipCollection:307 - Parsing relationship: /_rels/.rels
2026-05-11 09:33:43 DEBUG PackageRelationshipCollection:307 - Parsing relationship: /xl/_rels/workbook.xml.rels
2026-05-11 09:33:43 DEBUG PackageRelationshipCollection:307 - Parsing relationship: /_rels/.rels
2026-05-11 09:33:43 DEBUG PackageRelationshipCollection:307 - Parsing relationship: /xl/_rels/workbook.xml.rels
2026-05-11 09:33:43 DEBUG PackageRelationshipCollection:307 - Parsing relationship: /_rels/.rels
2026-05-11 09:33:43 DEBUG PackageRelationshipCollection:307 - Parsing relationship: /xl/_rels/workbook.xml.rels
2026-05-11 09:33:43 DEBUG PackageRelationshipCollection:307 - Parsing relationship: /_rels/.rels
2026-05-11 09:33:43 DEBUG PackageRelationshipCollection:307 - Parsing relationship: /xl/_rels/workbook.xml.rels
2026-05-11 09:33:43 DEBUG PackageRelationshipCollection:307 - Parsing relationship: /_rels/.rels
2026-05-11 09:33:43 DEBUG PackageRelationshipCollection:307 - Parsing relationship: /xl/_rels/workbook.xml.rels
2026-05-11 09:33:43 DEBUG PackageRelationshipCollection:307 - Parsing relationship: /_rels/.rels
2026-05-11 09:33:43 DEBUG PackageRelationshipCollection:307 - Parsing relationship: /xl/_rels/workbook.xml.rels
2026-05-11 09:33:43 DEBUG PackageRelationshipCollection:307 - Parsing relationship: /_rels/.rels
2026-05-11 09:33:43 DEBUG PackageRelationshipCollection:307 - Parsing relationship: /xl/_rels/workbook.xml.rels
2026-05-11 09:33:43 DEBUG PackageRelationshipCollection:307 - Parsing relationship: /_rels/.rels
2026-05-11 09:33:43 DEBUG PackageRelationshipCollection:307 - Parsing relationship: /xl/_rels/workbook.xml.rels
2026-05-11 09:33:43 DEBUG PackageRelationshipCollection:307 - Parsing relationship: /_rels/.rels
2026-05-11 09:33:43 DEBUG PackageRelationshipCollection:307 - Parsing relationship: /xl/_rels/workbook.xml.rels
2026-05-11 09:33:43 DEBUG PackageRelationshipCollection:307 - Parsing relationship: /_rels/.rels
2026-05-11 09:33:43 DEBUG PackageRelationshipCollection:307 - Parsing relationship: /xl/_rels/workbook.xml.rels
2026-05-11 09:33:43 DEBUG PackageRelationshipCollection:307 - Parsing relationship: /_rels/.rels
2026-05-11 09:33:43 DEBUG PackageRelationshipCollection:307 - Parsing relationship: /xl/_rels/workbook.xml.rels
2026-05-11 09:33:43 DEBUG PackageRelationshipCollection:307 - Parsing relationship: /_rels/.rels
2026-05-11 09:33:43 DEBUG PackageRelationshipCollection:307 - Parsing relationship: /xl/_rels/workbook.xml.rels
2026-05-11 09:33:43 DEBUG PackageRelationshipCollection:307 - Parsing relationship: /_rels/.rels
2026-05-11 09:33:43 DEBUG PackageRelationshipCollection:307 - Parsing relationship: /xl/_rels/workbook.xml.rels
2026-05-11 09:33:43 DEBUG PackageRelationshipCollection:307 - Parsing relationship: /_rels/.rels
2026-05-11 09:33:43 DEBUG PackageRelationshipCollection:307 - Parsing relationship: /xl/_rels/workbook.xml.rels
2026-05-11 09:33:43 DEBUG PackageRelationshipCollection:307 - Parsing relationship: /_rels/.rels
2026-05-11 09:33:43 DEBUG PackageRelationshipCollection:307 - Parsing relationship: /xl/_rels/workbook.xml.rels
2026-05-11 09:33:43 DEBUG PackageRelationshipCollection:307 - Parsing relationship: /_rels/.rels
2026-05-11 09:33:43 DEBUG PackageRelationshipCollection:307 - Parsing relationship: /xl/_rels/workbook.xml.rels
2026-05-11 09:33:43 DEBUG PackageRelationshipCollection:307 - Parsing relationship: /_rels/.rels
2026-05-11 09:33:43 DEBUG PackageRelationshipCollection:307 - Parsing relationship: /xl/_rels/workbook.xml.rels
2026-05-11 09:33:43 DEBUG PackageRelationshipCollection:307 - Parsing relationship: /_rels/.rels
2026-05-11 09:33:43 DEBUG PackageRelationshipCollection:307 - Parsing relationship: /xl/_rels/workbook.xml.rels
2026-05-11 09:33:43 DEBUG PackageRelationshipCollection:307 - Parsing relationship: /_rels/.rels
2026-05-11 09:33:43 DEBUG PackageRelationshipCollection:307 - Parsing relationship: /xl/_rels/workbook.xml.rels
2026-05-11 09:33:43 DEBUG PackageRelationshipCollection:307 - Parsing relationship: /_rels/.rels
2026-05-11 09:33:43 DEBUG PackageRelationshipCollection:307 - Parsing relationship: /xl/_rels/workbook.xml.rels
2026-05-11 09:33:43 DEBUG PackageRelationshipCollection:307 - Parsing relationship: /_rels/.rels
2026-05-11 09:33:43 DEBUG PackageRelationshipCollection:307 - Parsing relationship: /xl/_rels/workbook.xml.rels
2026-05-11 09:33:43 DEBUG PackageRelationshipCollection:307 - Parsing relationship: /_rels/.rels
2026-05-11 09:33:43 DEBUG PackageRelationshipCollection:307 - Parsing relationship: /xl/_rels/workbook.xml.rels
2026-05-11 09:33:43 DEBUG PackageRelationshipCollection:307 - Parsing relationship: /_rels/.rels
2026-05-11 09:33:43 DEBUG PackageRelationshipCollection:307 - Parsing relationship: /xl/_rels/workbook.xml.rels
2026-05-11 09:33:43 DEBUG PackageRelationshipCollection:307 - Parsing relationship: /_rels/.rels
2026-05-11 09:33:44 DEBUG PackageRelationshipCollection:307 - Parsing relationship: /xl/_rels/workbook.xml.rels
2026-05-11 09:33:44 DEBUG PackageRelationshipCollection:307 - Parsing relationship: /_rels/.rels
2026-05-11 09:33:44 DEBUG PackageRelationshipCollection:307 - Parsing relationship: /xl/_rels/workbook.xml.rels
2026-05-11 09:33:44 DEBUG PackageRelationshipCollection:307 - Parsing relationship: /_rels/.rels
2026-05-11 09:33:44 DEBUG PackageRelationshipCollection:307 - Parsing relationship: /xl/_rels/workbook.xml.rels
2026-05-11 09:33:44 DEBUG PackageRelationshipCollection:307 - Parsing relationship: /_rels/.rels
2026-05-11 09:33:44 DEBUG PackageRelationshipCollection:307 - Parsing relationship: /xl/_rels/workbook.xml.rels
2026-05-11 09:33:44 DEBUG PackageRelationshipCollection:307 - Parsing relationship: /_rels/.rels
2026-05-11 09:33:44 DEBUG PackageRelationshipCollection:307 - Parsing relationship: /xl/_rels/workbook.xml.rels
2026-05-11 09:33:44 DEBUG PackageRelationshipCollection:307 - Parsing relationship: /_rels/.rels
2026-05-11 09:33:44 DEBUG PackageRelationshipCollection:307 - Parsing relationship: /xl/_rels/workbook.xml.rels
2026-05-11 09:33:44 DEBUG PackageRelationshipCollection:307 - Parsing relationship: /_rels/.rels
2026-05-11 09:33:44 DEBUG PackageRelationshipCollection:307 - Parsing relationship: /xl/_rels/workbook.xml.rels
2026-05-11 09:33:44 DEBUG PackageRelationshipCollection:307 - Parsing relationship: /_rels/.rels
2026-05-11 09:33:44 INFO  DDAuthTests:44 - ************* Starting Login Test ***************
2026-05-11 09:33:46 INFO  DDAuthTests:84 - Token extracted successfully: null
2026-05-11 09:33:46 INFO  DDBookingTests:39 - Bearer Token Generated Successfully
2026-05-11 09:33:46 INFO  DDBookingTests:41 - ===== Booking Test Setup Completed =====
2026-05-11 09:33:46 DEBUG PackageRelationshipCollection:307 - Parsing relationship: /xl/_rels/workbook.xml.rels
2026-05-11 09:33:46 DEBUG PackageRelationshipCollection:307 - Parsing relationship: /_rels/.rels
2026-05-11 09:33:46 DEBUG PackageRelationshipCollection:307 - Parsing relationship: /xl/_rels/workbook.xml.rels
2026-05-11 09:33:46 DEBUG PackageRelationshipCollection:307 - Parsing relationship: /_rels/.rels
2026-05-11 09:33:46 DEBUG PackageRelationshipCollection:307 - Parsing relationship: /xl/_rels/workbook.xml.rels
2026-05-11 09:33:46 DEBUG PackageRelationshipCollection:307 - Parsing relationship: /_rels/.rels
2026-05-11 09:33:46 DEBUG PackageRelationshipCollection:307 - Parsing relationship: /xl/_rels/workbook.xml.rels
2026-05-11 09:33:46 DEBUG PackageRelationshipCollection:307 - Parsing relationship: /_rels/.rels
2026-05-11 09:33:46 DEBUG PackageRelationshipCollection:307 - Parsing relationship: /xl/_rels/workbook.xml.rels
2026-05-11 09:33:46 DEBUG PackageRelationshipCollection:307 - Parsing relationship: /_rels/.rels
2026-05-11 09:33:46 DEBUG PackageRelationshipCollection:307 - Parsing relationship: /xl/_rels/workbook.xml.rels
2026-05-11 09:33:46 DEBUG PackageRelationshipCollection:307 - Parsing relationship: /_rels/.rels
2026-05-11 09:33:46 DEBUG PackageRelationshipCollection:307 - Parsing relationship: /xl/_rels/workbook.xml.rels
2026-05-11 09:33:46 DEBUG PackageRelationshipCollection:307 - Parsing relationship: /_rels/.rels
2026-05-11 09:33:46 DEBUG PackageRelationshipCollection:307 - Parsing relationship: /xl/_rels/workbook.xml.rels
2026-05-11 09:33:46 DEBUG PackageRelationshipCollection:307 - Parsing relationship: /_rels/.rels
2026-05-11 09:33:46 DEBUG PackageRelationshipCollection:307 - Parsing relationship: /xl/_rels/workbook.xml.rels
2026-05-11 09:33:46 DEBUG PackageRelationshipCollection:307 - Parsing relationship: /_rels/.rels
2026-05-11 09:33:46 DEBUG PackageRelationshipCollection:307 - Parsing relationship: /xl/_rels/workbook.xml.rels
2026-05-11 09:33:46 DEBUG PackageRelationshipCollection:307 - Parsing relationship: /_rels/.rels
2026-05-11 09:33:46 DEBUG PackageRelationshipCollection:307 - Parsing relationship: /xl/_rels/workbook.xml.rels
2026-05-11 09:33:46 DEBUG PackageRelationshipCollection:307 - Parsing relationship: /_rels/.rels
2026-05-11 09:33:46 DEBUG PackageRelationshipCollection:307 - Parsing relationship: /xl/_rels/workbook.xml.rels
2026-05-11 09:33:46 DEBUG PackageRelationshipCollection:307 - Parsing relationship: /_rels/.rels
2026-05-11 09:33:46 DEBUG PackageRelationshipCollection:307 - Parsing relationship: /xl/_rels/workbook.xml.rels
2026-05-11 09:33:46 DEBUG PackageRelationshipCollection:307 - Parsing relationship: /_rels/.rels
2026-05-11 09:33:46 DEBUG PackageRelationshipCollection:307 - Parsing relationship: /xl/_rels/workbook.xml.rels
2026-05-11 09:33:46 DEBUG PackageRelationshipCollection:307 - Parsing relationship: /_rels/.rels
2026-05-11 09:33:46 DEBUG PackageRelationshipCollection:307 - Parsing relationship: /xl/_rels/workbook.xml.rels
2026-05-11 09:33:46 DEBUG PackageRelationshipCollection:307 - Parsing relationship: /_rels/.rels
2026-05-11 09:33:46 DEBUG PackageRelationshipCollection:307 - Parsing relationship: /xl/_rels/workbook.xml.rels
2026-05-11 09:33:46 DEBUG PackageRelationshipCollection:307 - Parsing relationship: /_rels/.rels
2026-05-11 09:33:46 DEBUG PackageRelationshipCollection:307 - Parsing relationship: /xl/_rels/workbook.xml.rels
2026-05-11 09:33:46 DEBUG PackageRelationshipCollection:307 - Parsing relationship: /_rels/.rels
2026-05-11 09:33:46 DEBUG PackageRelationshipCollection:307 - Parsing relationship: /xl/_rels/workbook.xml.rels
2026-05-11 09:33:46 DEBUG PackageRelationshipCollection:307 - Parsing relationship: /_rels/.rels
2026-05-11 09:33:46 DEBUG PackageRelationshipCollection:307 - Parsing relationship: /xl/_rels/workbook.xml.rels
2026-05-11 09:33:46 DEBUG PackageRelationshipCollection:307 - Parsing relationship: /_rels/.rels
2026-05-11 09:33:46 DEBUG PackageRelationshipCollection:307 - Parsing relationship: /xl/_rels/workbook.xml.rels
2026-05-11 09:33:46 DEBUG PackageRelationshipCollection:307 - Parsing relationship: /_rels/.rels
2026-05-11 09:33:46 DEBUG PackageRelationshipCollection:307 - Parsing relationship: /xl/_rels/workbook.xml.rels
2026-05-11 09:33:46 DEBUG PackageRelationshipCollection:307 - Parsing relationship: /_rels/.rels
2026-05-11 09:33:46 DEBUG PackageRelationshipCollection:307 - Parsing relationship: /xl/_rels/workbook.xml.rels
2026-05-11 09:33:46 DEBUG PackageRelationshipCollection:307 - Parsing relationship: /_rels/.rels
2026-05-11 09:33:46 DEBUG PackageRelationshipCollection:307 - Parsing relationship: /xl/_rels/workbook.xml.rels
2026-05-11 09:33:46 DEBUG PackageRelationshipCollection:307 - Parsing relationship: /_rels/.rels
2026-05-11 09:33:46 DEBUG PackageRelationshipCollection:307 - Parsing relationship: /xl/_rels/workbook.xml.rels
2026-05-11 09:33:46 DEBUG PackageRelationshipCollection:307 - Parsing relationship: /_rels/.rels
2026-05-11 09:33:46 DEBUG PackageRelationshipCollection:307 - Parsing relationship: /xl/_rels/workbook.xml.rels
2026-05-11 09:33:46 DEBUG PackageRelationshipCollection:307 - Parsing relationship: /_rels/.rels
2026-05-11 09:33:46 DEBUG PackageRelationshipCollection:307 - Parsing relationship: /xl/_rels/workbook.xml.rels
2026-05-11 09:33:46 DEBUG PackageRelationshipCollection:307 - Parsing relationship: /_rels/.rels
2026-05-11 09:33:46 DEBUG PackageRelationshipCollection:307 - Parsing relationship: /xl/_rels/workbook.xml.rels
2026-05-11 09:33:46 DEBUG PackageRelationshipCollection:307 - Parsing relationship: /_rels/.rels
2026-05-11 09:33:46 DEBUG PackageRelationshipCollection:307 - Parsing relationship: /xl/_rels/workbook.xml.rels
2026-05-11 09:33:46 DEBUG PackageRelationshipCollection:307 - Parsing relationship: /_rels/.rels
2026-05-11 09:33:46 DEBUG PackageRelationshipCollection:307 - Parsing relationship: /xl/_rels/workbook.xml.rels
2026-05-11 09:33:46 DEBUG PackageRelationshipCollection:307 - Parsing relationship: /_rels/.rels
2026-05-11 09:33:46 DEBUG PackageRelationshipCollection:307 - Parsing relationship: /xl/_rels/workbook.xml.rels
2026-05-11 09:33:46 DEBUG PackageRelationshipCollection:307 - Parsing relationship: /_rels/.rels
2026-05-11 09:33:46 DEBUG PackageRelationshipCollection:307 - Parsing relationship: /xl/_rels/workbook.xml.rels
2026-05-11 09:33:46 DEBUG PackageRelationshipCollection:307 - Parsing relationship: /_rels/.rels
2026-05-11 09:33:46 INFO  DDAuthTests:44 - ************* Starting Login Test ***************
2026-05-11 09:33:46 DEBUG PackageRelationshipCollection:307 - Parsing relationship: /xl/_rels/workbook.xml.rels
2026-05-11 09:33:46 DEBUG PackageRelationshipCollection:307 - Parsing relationship: /_rels/.rels
2026-05-11 09:33:46 DEBUG PackageRelationshipCollection:307 - Parsing relationship: /xl/_rels/workbook.xml.rels
2026-05-11 09:33:46 DEBUG PackageRelationshipCollection:307 - Parsing relationship: /_rels/.rels
2026-05-11 09:33:46 DEBUG PackageRelationshipCollection:307 - Parsing relationship: /xl/_rels/workbook.xml.rels
2026-05-11 09:33:46 DEBUG PackageRelationshipCollection:307 - Parsing relationship: /_rels/.rels
2026-05-11 09:33:46 DEBUG PackageRelationshipCollection:307 - Parsing relationship: /xl/_rels/workbook.xml.rels
2026-05-11 09:33:46 DEBUG PackageRelationshipCollection:307 - Parsing relationship: /_rels/.rels
2026-05-11 09:33:46 DEBUG PackageRelationshipCollection:307 - Parsing relationship: /xl/_rels/workbook.xml.rels
2026-05-11 09:33:46 DEBUG PackageRelationshipCollection:307 - Parsing relationship: /_rels/.rels
2026-05-11 09:33:46 DEBUG PackageRelationshipCollection:307 - Parsing relationship: /xl/_rels/workbook.xml.rels
2026-05-11 09:33:46 DEBUG PackageRelationshipCollection:307 - Parsing relationship: /_rels/.rels
2026-05-11 09:33:46 INFO  DDBookingTests:58 - ========== BOOKING CRUD TEST STARTED ==========
2026-05-11 09:33:46 INFO  DDBookingTests:106 - Payload Prepared Successfully
2026-05-11 09:33:47 INFO  DDAuthTests:84 - Token extracted successfully: null
2026-05-11 09:33:47 INFO  DDAuthTests:44 - ************* Starting Login Test ***************
2026-05-11 09:33:48 INFO  DDBookingTests:122 - Booking Created Successfully. ID: 1056
2026-05-11 09:33:49 INFO  DDAuthTests:84 - Token extracted successfully: null
2026-05-11 09:33:49 INFO  DDAuthTests:44 - ************* Starting Login Test ***************
2026-05-11 09:33:49 INFO  DDBookingTests:136 - Booking Read Successfully
2026-05-11 09:33:50 INFO  DDBookingTests:161 - Booking Updated Successfully
2026-05-11 09:33:50 INFO  DDAuthTests:84 - Token extracted successfully: null
2026-05-11 09:33:50 INFO  DDAuthTests:44 - ************* Starting Login Test ***************
2026-05-11 09:33:52 INFO  DDBookingTests:176 - Booking Deleted Successfully
2026-05-11 09:33:52 INFO  DDBookingTests:73 - ========== BOOKING CRUD TEST COMPLETED ==========
2026-05-11 09:33:52 INFO  DDBookingTests:58 - ========== BOOKING CRUD TEST STARTED ==========
2026-05-11 09:33:52 INFO  DDBookingTests:106 - Payload Prepared Successfully
2026-05-11 09:33:52 INFO  DDAuthTests:84 - Token extracted successfully: null
2026-05-11 09:33:52 INFO  DDAuthTests:44 - ************* Starting Login Test ***************
2026-05-11 09:33:53 INFO  DDBookingTests:122 - Booking Created Successfully. ID: 1101
2026-05-11 09:33:53 INFO  DDAuthTests:84 - Token extracted successfully: null
2026-05-11 09:33:53 INFO  DDAuthTests:44 - ************* Starting Login Test ***************
2026-05-11 09:33:54 INFO  DDBookingTests:136 - Booking Read Successfully
2026-05-11 09:33:55 INFO  DDAuthTests:84 - Token extracted successfully: null
2026-05-11 09:33:55 INFO  DDAuthTests:44 - ************* Starting Login Test ***************
2026-05-11 09:33:56 INFO  DDBookingTests:161 - Booking Updated Successfully
2026-05-11 09:33:56 INFO  DDAuthTests:84 - Token extracted successfully: null
2026-05-11 09:33:56 INFO  DDAuthTests:44 - ************* Starting Login Test ***************
2026-05-11 09:33:57 INFO  DDBookingTests:176 - Booking Deleted Successfully
2026-05-11 09:33:57 INFO  DDBookingTests:73 - ========== BOOKING CRUD TEST COMPLETED ==========
2026-05-11 09:33:57 INFO  DDBookingTests:58 - ========== BOOKING CRUD TEST STARTED ==========
2026-05-11 09:33:57 INFO  DDBookingTests:106 - Payload Prepared Successfully
2026-05-11 09:33:57 INFO  DDAuthTests:84 - Token extracted successfully: null
2026-05-11 09:33:57 INFO  DDAuthTests:44 - ************* Starting Login Test ***************
2026-05-11 09:33:59 INFO  DDBookingTests:122 - Booking Created Successfully. ID: 1147
2026-05-11 09:33:59 INFO  DDAuthTests:84 - Token extracted successfully: null
2026-05-11 09:33:59 INFO  DDAuthTests:44 - ************* Starting Login Test ***************
2026-05-11 09:34:00 INFO  DDBookingTests:136 - Booking Read Successfully
2026-05-11 09:34:00 INFO  DDAuthTests:84 - Token extracted successfully: null
2026-05-11 09:34:00 INFO  DDAuthTests:44 - ************* Starting Login Test ***************
2026-05-11 09:34:01 INFO  DDBookingTests:161 - Booking Updated Successfully
2026-05-11 09:34:02 INFO  DDAuthTests:84 - Token extracted successfully: null
2026-05-11 09:34:02 INFO  DDAuthTests:44 - ************* Starting Login Test ***************
2026-05-11 09:34:03 INFO  DDBookingTests:176 - Booking Deleted Successfully
2026-05-11 09:34:03 INFO  DDBookingTests:73 - ========== BOOKING CRUD TEST COMPLETED ==========
2026-05-11 09:34:03 INFO  DDBookingTests:58 - ========== BOOKING CRUD TEST STARTED ==========
2026-05-11 09:34:03 INFO  DDBookingTests:106 - Payload Prepared Successfully
2026-05-11 09:34:03 INFO  DDAuthTests:84 - Token extracted successfully: null
2026-05-11 09:34:03 INFO  DDAuthTests:44 - ************* Starting Login Test ***************
2026-05-11 09:34:04 INFO  DDBookingTests:122 - Booking Created Successfully. ID: 1203
2026-05-11 09:34:04 INFO  DDAuthTests:84 - Token extracted successfully: null
2026-05-11 09:34:04 INFO  DDAuthTests:44 - ************* Starting Login Test ***************
2026-05-11 09:34:06 INFO  DDBookingTests:136 - Booking Read Successfully
2026-05-11 09:34:06 INFO  DDAuthTests:84 - Token extracted successfully: null
2026-05-11 09:34:06 INFO  DDAuthTests:44 - ************* Starting Login Test ***************
2026-05-11 09:34:07 INFO  DDBookingTests:161 - Booking Updated Successfully
2026-05-11 09:34:07 INFO  DDAuthTests:84 - Token extracted successfully: null
2026-05-11 09:34:07 INFO  DDAuthTests:44 - ************* Starting Login Test ***************
2026-05-11 09:34:08 INFO  DDBookingTests:176 - Booking Deleted Successfully
2026-05-11 09:34:08 INFO  DDBookingTests:73 - ========== BOOKING CRUD TEST COMPLETED ==========
2026-05-11 09:34:08 INFO  DDBookingTests:58 - ========== BOOKING CRUD TEST STARTED ==========
2026-05-11 09:34:08 INFO  DDBookingTests:106 - Payload Prepared Successfully
2026-05-11 09:34:09 INFO  DDAuthTests:84 - Token extracted successfully: null
2026-05-11 09:34:09 INFO  DDAuthTests:44 - ************* Starting Login Test ***************
2026-05-11 09:34:10 INFO  DDBookingTests:122 - Booking Created Successfully. ID: 1250
2026-05-11 09:34:10 INFO  DDAuthTests:84 - Token extracted successfully: null
2026-05-11 09:34:10 INFO  DDAuthTests:44 - ************* Starting Login Test ***************
2026-05-11 09:34:11 INFO  DDBookingTests:136 - Booking Read Successfully
2026-05-11 09:34:12 INFO  DDAuthTests:84 - Token extracted successfully: null
2026-05-11 09:34:12 INFO  DDAuthTests:44 - ************* Starting Login Test ***************
2026-05-11 09:34:13 INFO  DDBookingTests:161 - Booking Updated Successfully
2026-05-11 09:34:13 INFO  DDAuthTests:84 - Token extracted successfully: null
2026-05-11 09:34:13 INFO  DDAuthTests:44 - ************* Starting Login Test ***************
2026-05-11 09:34:14 INFO  DDBookingTests:176 - Booking Deleted Successfully
2026-05-11 09:34:14 INFO  DDBookingTests:73 - ========== BOOKING CRUD TEST COMPLETED ==========
2026-05-11 09:34:14 INFO  DDAuthTests:84 - Token extracted successfully: null
2026-05-11 09:34:14 INFO  DDAuthTests:44 - ************* Starting Login Test ***************
2026-05-11 09:34:16 INFO  DDAuthTests:84 - Token extracted successfully: 0d84b62f6a15f3e
2026-05-11 09:34:16 INFO  DDAuthTests:56 - ************* Login Test Completed Successfully ***************
