2026-05-11 00:09:56 DEBUG PackageRelationshipCollection:307 - Parsing relationship: /xl/_rels/workbook.xml.rels
2026-05-11 00:09:56 DEBUG PackageRelationshipCollection:307 - Parsing relationship: /_rels/.rels
2026-05-11 00:09:57 DEBUG PackageRelationshipCollection:307 - Parsing relationship: /xl/_rels/workbook.xml.rels
2026-05-11 00:09:57 DEBUG PackageRelationshipCollection:307 - Parsing relationship: /_rels/.rels
2026-05-11 00:09:57 DEBUG PackageRelationshipCollection:307 - Parsing relationship: /xl/_rels/workbook.xml.rels
2026-05-11 00:09:57 DEBUG PackageRelationshipCollection:307 - Parsing relationship: /_rels/.rels
2026-05-11 00:09:57 DEBUG PackageRelationshipCollection:307 - Parsing relationship: /xl/_rels/workbook.xml.rels
2026-05-11 00:09:57 DEBUG PackageRelationshipCollection:307 - Parsing relationship: /_rels/.rels
2026-05-11 00:09:57 DEBUG PackageRelationshipCollection:307 - Parsing relationship: /xl/_rels/workbook.xml.rels
2026-05-11 00:09:57 DEBUG PackageRelationshipCollection:307 - Parsing relationship: /_rels/.rels
2026-05-11 00:09:57 DEBUG PackageRelationshipCollection:307 - Parsing relationship: /xl/_rels/workbook.xml.rels
2026-05-11 00:09:57 DEBUG PackageRelationshipCollection:307 - Parsing relationship: /_rels/.rels
2026-05-11 00:09:57 DEBUG PackageRelationshipCollection:307 - Parsing relationship: /xl/_rels/workbook.xml.rels
2026-05-11 00:09:57 DEBUG PackageRelationshipCollection:307 - Parsing relationship: /_rels/.rels
2026-05-11 00:09:57 DEBUG PackageRelationshipCollection:307 - Parsing relationship: /xl/_rels/workbook.xml.rels
2026-05-11 00:09:57 DEBUG PackageRelationshipCollection:307 - Parsing relationship: /_rels/.rels
2026-05-11 00:09:57 DEBUG PackageRelationshipCollection:307 - Parsing relationship: /xl/_rels/workbook.xml.rels
2026-05-11 00:09:57 DEBUG PackageRelationshipCollection:307 - Parsing relationship: /_rels/.rels
2026-05-11 00:09:57 DEBUG PackageRelationshipCollection:307 - Parsing relationship: /xl/_rels/workbook.xml.rels
2026-05-11 00:09:57 DEBUG PackageRelationshipCollection:307 - Parsing relationship: /_rels/.rels
2026-05-11 00:09:57 DEBUG PackageRelationshipCollection:307 - Parsing relationship: /xl/_rels/workbook.xml.rels
2026-05-11 00:09:57 DEBUG PackageRelationshipCollection:307 - Parsing relationship: /_rels/.rels
2026-05-11 00:09:57 DEBUG PackageRelationshipCollection:307 - Parsing relationship: /xl/_rels/workbook.xml.rels
2026-05-11 00:09:57 DEBUG PackageRelationshipCollection:307 - Parsing relationship: /_rels/.rels
2026-05-11 00:09:57 DEBUG PackageRelationshipCollection:307 - Parsing relationship: /xl/_rels/workbook.xml.rels
2026-05-11 00:09:57 DEBUG PackageRelationshipCollection:307 - Parsing relationship: /_rels/.rels
2026-05-11 00:09:57 DEBUG PackageRelationshipCollection:307 - Parsing relationship: /xl/_rels/workbook.xml.rels
2026-05-11 00:09:57 DEBUG PackageRelationshipCollection:307 - Parsing relationship: /_rels/.rels
2026-05-11 00:09:57 DEBUG PackageRelationshipCollection:307 - Parsing relationship: /xl/_rels/workbook.xml.rels
2026-05-11 00:09:57 DEBUG PackageRelationshipCollection:307 - Parsing relationship: /_rels/.rels
2026-05-11 00:09:57 DEBUG PackageRelationshipCollection:307 - Parsing relationship: /xl/_rels/workbook.xml.rels
2026-05-11 00:09:57 DEBUG PackageRelationshipCollection:307 - Parsing relationship: /_rels/.rels
2026-05-11 00:09:57 DEBUG PackageRelationshipCollection:307 - Parsing relationship: /xl/_rels/workbook.xml.rels
2026-05-11 00:09:57 DEBUG PackageRelationshipCollection:307 - Parsing relationship: /_rels/.rels
2026-05-11 00:09:57 DEBUG PackageRelationshipCollection:307 - Parsing relationship: /xl/_rels/workbook.xml.rels
2026-05-11 00:09:57 DEBUG PackageRelationshipCollection:307 - Parsing relationship: /_rels/.rels
2026-05-11 00:09:57 DEBUG PackageRelationshipCollection:307 - Parsing relationship: /xl/_rels/workbook.xml.rels
2026-05-11 00:09:57 DEBUG PackageRelationshipCollection:307 - Parsing relationship: /_rels/.rels
2026-05-11 00:09:57 DEBUG PackageRelationshipCollection:307 - Parsing relationship: /xl/_rels/workbook.xml.rels
2026-05-11 00:09:57 DEBUG PackageRelationshipCollection:307 - Parsing relationship: /_rels/.rels
2026-05-11 00:09:57 DEBUG PackageRelationshipCollection:307 - Parsing relationship: /xl/_rels/workbook.xml.rels
2026-05-11 00:09:57 DEBUG PackageRelationshipCollection:307 - Parsing relationship: /_rels/.rels
2026-05-11 00:09:57 DEBUG PackageRelationshipCollection:307 - Parsing relationship: /xl/_rels/workbook.xml.rels
2026-05-11 00:09:57 DEBUG PackageRelationshipCollection:307 - Parsing relationship: /_rels/.rels
2026-05-11 00:09:57 DEBUG PackageRelationshipCollection:307 - Parsing relationship: /xl/_rels/workbook.xml.rels
2026-05-11 00:09:57 DEBUG PackageRelationshipCollection:307 - Parsing relationship: /_rels/.rels
2026-05-11 00:09:57 DEBUG PackageRelationshipCollection:307 - Parsing relationship: /xl/_rels/workbook.xml.rels
2026-05-11 00:09:57 DEBUG PackageRelationshipCollection:307 - Parsing relationship: /_rels/.rels
2026-05-11 00:09:57 DEBUG PackageRelationshipCollection:307 - Parsing relationship: /xl/_rels/workbook.xml.rels
2026-05-11 00:09:57 DEBUG PackageRelationshipCollection:307 - Parsing relationship: /_rels/.rels
2026-05-11 00:09:57 DEBUG PackageRelationshipCollection:307 - Parsing relationship: /xl/_rels/workbook.xml.rels
2026-05-11 00:09:57 DEBUG PackageRelationshipCollection:307 - Parsing relationship: /_rels/.rels
2026-05-11 00:09:57 DEBUG PackageRelationshipCollection:307 - Parsing relationship: /xl/_rels/workbook.xml.rels
2026-05-11 00:09:57 DEBUG PackageRelationshipCollection:307 - Parsing relationship: /_rels/.rels
2026-05-11 00:09:57 DEBUG PackageRelationshipCollection:307 - Parsing relationship: /xl/_rels/workbook.xml.rels
2026-05-11 00:09:57 DEBUG PackageRelationshipCollection:307 - Parsing relationship: /_rels/.rels
2026-05-11 00:09:57 DEBUG PackageRelationshipCollection:307 - Parsing relationship: /xl/_rels/workbook.xml.rels
2026-05-11 00:09:57 DEBUG PackageRelationshipCollection:307 - Parsing relationship: /_rels/.rels
2026-05-11 00:09:57 DEBUG PackageRelationshipCollection:307 - Parsing relationship: /xl/_rels/workbook.xml.rels
2026-05-11 00:09:57 DEBUG PackageRelationshipCollection:307 - Parsing relationship: /_rels/.rels
2026-05-11 00:09:57 DEBUG PackageRelationshipCollection:307 - Parsing relationship: /xl/_rels/workbook.xml.rels
2026-05-11 00:09:57 DEBUG PackageRelationshipCollection:307 - Parsing relationship: /_rels/.rels
2026-05-11 00:09:57 DEBUG PackageRelationshipCollection:307 - Parsing relationship: /xl/_rels/workbook.xml.rels
2026-05-11 00:09:57 DEBUG PackageRelationshipCollection:307 - Parsing relationship: /_rels/.rels
2026-05-11 00:09:57 DEBUG PackageRelationshipCollection:307 - Parsing relationship: /xl/_rels/workbook.xml.rels
2026-05-11 00:09:57 DEBUG PackageRelationshipCollection:307 - Parsing relationship: /_rels/.rels
2026-05-11 00:09:57 DEBUG PackageRelationshipCollection:307 - Parsing relationship: /xl/_rels/workbook.xml.rels
2026-05-11 00:09:57 DEBUG PackageRelationshipCollection:307 - Parsing relationship: /_rels/.rels
2026-05-11 00:09:57 DEBUG PackageRelationshipCollection:307 - Parsing relationship: /xl/_rels/workbook.xml.rels
2026-05-11 00:09:57 DEBUG PackageRelationshipCollection:307 - Parsing relationship: /_rels/.rels
2026-05-11 00:09:57 DEBUG PackageRelationshipCollection:307 - Parsing relationship: /xl/_rels/workbook.xml.rels
2026-05-11 00:09:57 DEBUG PackageRelationshipCollection:307 - Parsing relationship: /_rels/.rels
2026-05-11 00:09:57 DEBUG PackageRelationshipCollection:307 - Parsing relationship: /xl/_rels/workbook.xml.rels
2026-05-11 00:09:57 DEBUG PackageRelationshipCollection:307 - Parsing relationship: /_rels/.rels
2026-05-11 00:09:57 DEBUG PackageRelationshipCollection:307 - Parsing relationship: /xl/_rels/workbook.xml.rels
2026-05-11 00:09:57 DEBUG PackageRelationshipCollection:307 - Parsing relationship: /_rels/.rels
2026-05-11 00:09:57 DEBUG PackageRelationshipCollection:307 - Parsing relationship: /xl/_rels/workbook.xml.rels
2026-05-11 00:09:57 DEBUG PackageRelationshipCollection:307 - Parsing relationship: /_rels/.rels
2026-05-11 00:09:57 DEBUG PackageRelationshipCollection:307 - Parsing relationship: /xl/_rels/workbook.xml.rels
2026-05-11 00:09:57 DEBUG PackageRelationshipCollection:307 - Parsing relationship: /_rels/.rels
2026-05-11 00:09:57 DEBUG PackageRelationshipCollection:307 - Parsing relationship: /xl/_rels/workbook.xml.rels
2026-05-11 00:09:57 DEBUG PackageRelationshipCollection:307 - Parsing relationship: /_rels/.rels
2026-05-11 00:09:57 DEBUG PackageRelationshipCollection:307 - Parsing relationship: /xl/_rels/workbook.xml.rels
2026-05-11 00:09:57 DEBUG PackageRelationshipCollection:307 - Parsing relationship: /_rels/.rels
2026-05-11 00:09:57 DEBUG PackageRelationshipCollection:307 - Parsing relationship: /xl/_rels/workbook.xml.rels
2026-05-11 00:09:57 DEBUG PackageRelationshipCollection:307 - Parsing relationship: /_rels/.rels
2026-05-11 00:09:57 DEBUG PackageRelationshipCollection:307 - Parsing relationship: /xl/_rels/workbook.xml.rels
2026-05-11 00:09:57 DEBUG PackageRelationshipCollection:307 - Parsing relationship: /_rels/.rels
2026-05-11 00:09:57 DEBUG PackageRelationshipCollection:307 - Parsing relationship: /xl/_rels/workbook.xml.rels
2026-05-11 00:09:57 DEBUG PackageRelationshipCollection:307 - Parsing relationship: /_rels/.rels
2026-05-11 00:09:57 DEBUG PackageRelationshipCollection:307 - Parsing relationship: /xl/_rels/workbook.xml.rels
2026-05-11 00:09:57 DEBUG PackageRelationshipCollection:307 - Parsing relationship: /_rels/.rels
2026-05-11 00:09:57 DEBUG DDAuthTests:31 - ------------Debuging--------------
2026-05-11 00:09:57 INFO  DDAuthTests:32 - ===== Setup Data Started =====
2026-05-11 00:09:58 INFO  DDAuthTests:38 - ************* Login User ***************
2026-05-11 00:10:01 INFO  DDAuthTests:46 - Request sent for user login
2026-05-11 00:10:01 INFO  DDAuthTests:49 - Validating response for user login.
2026-05-11 00:10:01 INFO  DDAuthTests:54 - ************* User logged  Successfully and token successfully.***************
2026-05-11 00:10:02 DEBUG DDAuthTests:31 - ------------Debuging--------------
2026-05-11 00:10:02 INFO  DDAuthTests:32 - ===== Setup Data Started =====
2026-05-11 00:10:02 INFO  DDAuthTests:38 - ************* Login User ***************
2026-05-11 00:10:03 INFO  DDAuthTests:46 - Request sent for user login
2026-05-11 00:10:03 INFO  DDAuthTests:49 - Validating response for user login.
2026-05-11 00:10:03 INFO  DDAuthTests:54 - ************* User logged  Successfully and token successfully.***************
2026-05-11 00:10:03 DEBUG DDAuthTests:31 - ------------Debuging--------------
2026-05-11 00:10:03 INFO  DDAuthTests:32 - ===== Setup Data Started =====
2026-05-11 00:10:03 INFO  DDAuthTests:38 - ************* Login User ***************
2026-05-11 00:10:05 INFO  DDAuthTests:46 - Request sent for user login
2026-05-11 00:10:05 INFO  DDAuthTests:49 - Validating response for user login.
2026-05-11 00:10:05 INFO  DDAuthTests:54 - ************* User logged  Successfully and token successfully.***************
2026-05-11 00:10:05 DEBUG DDAuthTests:31 - ------------Debuging--------------
2026-05-11 00:10:05 INFO  DDAuthTests:32 - ===== Setup Data Started =====
2026-05-11 00:10:05 INFO  DDAuthTests:38 - ************* Login User ***************
2026-05-11 00:10:06 INFO  DDAuthTests:46 - Request sent for user login
2026-05-11 00:10:06 INFO  DDAuthTests:49 - Validating response for user login.
2026-05-11 00:10:06 INFO  DDAuthTests:54 - ************* User logged  Successfully and token successfully.***************
2026-05-11 00:10:06 DEBUG DDAuthTests:31 - ------------Debuging--------------
2026-05-11 00:10:06 INFO  DDAuthTests:32 - ===== Setup Data Started =====
2026-05-11 00:10:06 INFO  DDAuthTests:38 - ************* Login User ***************
2026-05-11 00:10:08 INFO  DDAuthTests:46 - Request sent for user login
2026-05-11 00:10:08 INFO  DDAuthTests:49 - Validating response for user login.
2026-05-11 00:10:08 INFO  DDAuthTests:54 - ************* User logged  Successfully and token successfully.***************
2026-05-11 00:10:08 DEBUG DDAuthTests:31 - ------------Debuging--------------
2026-05-11 00:10:08 INFO  DDAuthTests:32 - ===== Setup Data Started =====
2026-05-11 00:10:08 INFO  DDAuthTests:38 - ************* Login User ***************
2026-05-11 00:10:09 INFO  DDAuthTests:46 - Request sent for user login
2026-05-11 00:10:09 INFO  DDAuthTests:49 - Validating response for user login.
2026-05-11 00:10:09 INFO  DDAuthTests:54 - ************* User logged  Successfully and token successfully.***************
2026-05-11 00:10:09 DEBUG DDAuthTests:31 - ------------Debuging--------------
2026-05-11 00:10:09 INFO  DDAuthTests:32 - ===== Setup Data Started =====
2026-05-11 00:10:09 INFO  DDAuthTests:38 - ************* Login User ***************
2026-05-11 00:10:11 INFO  DDAuthTests:46 - Request sent for user login
2026-05-11 00:10:11 INFO  DDAuthTests:49 - Validating response for user login.
2026-05-11 00:10:11 INFO  DDAuthTests:54 - ************* User logged  Successfully and token successfully.***************
2026-05-11 00:10:11 DEBUG DDAuthTests:31 - ------------Debuging--------------
2026-05-11 00:10:11 INFO  DDAuthTests:32 - ===== Setup Data Started =====
2026-05-11 00:10:11 INFO  DDAuthTests:38 - ************* Login User ***************
2026-05-11 00:10:13 INFO  DDAuthTests:46 - Request sent for user login
2026-05-11 00:10:13 INFO  DDAuthTests:49 - Validating response for user login.
2026-05-11 00:10:13 INFO  DDAuthTests:54 - ************* User logged  Successfully and token successfully.***************
2026-05-11 00:10:13 DEBUG DDAuthTests:31 - ------------Debuging--------------
2026-05-11 00:10:13 INFO  DDAuthTests:32 - ===== Setup Data Started =====
2026-05-11 00:10:13 INFO  DDAuthTests:38 - ************* Login User ***************
2026-05-11 00:10:14 INFO  DDAuthTests:46 - Request sent for user login
2026-05-11 00:10:14 INFO  DDAuthTests:49 - Validating response for user login.
2026-05-11 00:10:14 INFO  DDAuthTests:54 - ************* User logged  Successfully and token successfully.***************
2026-05-11 00:10:14 DEBUG DDAuthTests:31 - ------------Debuging--------------
2026-05-11 00:10:14 INFO  DDAuthTests:32 - ===== Setup Data Started =====
2026-05-11 00:10:14 INFO  DDAuthTests:38 - ************* Login User ***************
2026-05-11 00:10:16 INFO  DDAuthTests:46 - Request sent for user login
2026-05-11 00:10:16 INFO  DDAuthTests:49 - Validating response for user login.
2026-05-11 00:10:16 INFO  DDAuthTests:54 - ************* User logged  Successfully and token successfully.***************
2026-05-11 00:10:16 DEBUG DDAuthTests:31 - ------------Debuging--------------
2026-05-11 00:10:16 INFO  DDAuthTests:32 - ===== Setup Data Started =====
2026-05-11 00:10:16 INFO  DDAuthTests:38 - ************* Login User ***************
2026-05-11 00:10:17 INFO  DDAuthTests:46 - Request sent for user login
2026-05-11 00:10:17 INFO  DDAuthTests:49 - Validating response for user login.
2026-05-11 00:10:17 INFO  DDAuthTests:54 - ************* User logged  Successfully and token successfully.***************
2026-05-11 00:10:17 DEBUG DDAuthTests:31 - ------------Debuging--------------
2026-05-11 00:10:17 INFO  DDAuthTests:32 - ===== Setup Data Started =====
2026-05-11 00:10:17 INFO  DDAuthTests:38 - ************* Login User ***************
2026-05-11 00:10:19 INFO  DDAuthTests:46 - Request sent for user login
2026-05-11 00:10:19 INFO  DDAuthTests:49 - Validating response for user login.
2026-05-11 00:10:19 INFO  DDAuthTests:54 - ************* User logged  Successfully and token successfully.***************
2026-05-11 00:10:19 DEBUG DDAuthTests:31 - ------------Debuging--------------
2026-05-11 00:10:19 INFO  DDAuthTests:32 - ===== Setup Data Started =====
2026-05-11 00:10:19 INFO  DDAuthTests:38 - ************* Login User ***************
2026-05-11 00:10:21 INFO  DDAuthTests:46 - Request sent for user login
2026-05-11 00:10:21 INFO  DDAuthTests:49 - Validating response for user login.
2026-05-11 00:10:21 INFO  DDAuthTests:54 - ************* User logged  Successfully and token successfully.***************
2026-05-11 00:10:21 DEBUG DDAuthTests:31 - ------------Debuging--------------
2026-05-11 00:10:21 INFO  DDAuthTests:32 - ===== Setup Data Started =====
2026-05-11 00:10:21 INFO  DDAuthTests:38 - ************* Login User ***************
2026-05-11 00:10:22 INFO  DDAuthTests:46 - Request sent for user login
2026-05-11 00:10:22 INFO  DDAuthTests:49 - Validating response for user login.
2026-05-11 00:10:22 INFO  DDAuthTests:54 - ************* User logged  Successfully and token successfully.***************
2026-05-11 00:10:22 DEBUG DDAuthTests:31 - ------------Debuging--------------
2026-05-11 00:10:22 INFO  DDAuthTests:32 - ===== Setup Data Started =====
2026-05-11 00:10:22 INFO  DDAuthTests:38 - ************* Login User ***************
2026-05-11 00:10:24 INFO  DDAuthTests:46 - Request sent for user login
2026-05-11 00:10:24 INFO  DDAuthTests:49 - Validating response for user login.
2026-05-11 00:10:24 INFO  DDAuthTests:54 - ************* User logged  Successfully and token successfully.***************
2026-05-11 00:10:24 DEBUG DDAuthTests:31 - ------------Debuging--------------
2026-05-11 00:10:24 INFO  DDAuthTests:32 - ===== Setup Data Started =====
2026-05-11 00:10:24 INFO  DDAuthTests:38 - ************* Login User ***************
2026-05-11 00:10:26 INFO  DDAuthTests:46 - Request sent for user login
2026-05-11 00:10:26 INFO  DDAuthTests:49 - Validating response for user login.
2026-05-11 00:10:26 INFO  DDAuthTests:54 - ************* User logged  Successfully and token successfully.***************
2026-05-11 00:10:26 DEBUG DDAuthTests:31 - ------------Debuging--------------
2026-05-11 00:10:26 INFO  DDAuthTests:32 - ===== Setup Data Started =====
2026-05-11 00:10:26 INFO  DDAuthTests:38 - ************* Login User ***************
2026-05-11 00:10:27 INFO  DDAuthTests:46 - Request sent for user login
2026-05-11 00:10:27 INFO  DDAuthTests:49 - Validating response for user login.
2026-05-11 00:10:27 INFO  DDAuthTests:54 - ************* User logged  Successfully and token successfully.***************
2026-05-11 00:10:27 DEBUG DDAuthTests:31 - ------------Debuging--------------
2026-05-11 00:10:27 INFO  DDAuthTests:32 - ===== Setup Data Started =====
2026-05-11 00:10:27 INFO  DDAuthTests:38 - ************* Login User ***************
2026-05-11 00:10:29 INFO  DDAuthTests:46 - Request sent for user login
2026-05-11 00:10:29 INFO  DDAuthTests:49 - Validating response for user login.
2026-05-11 00:10:29 INFO  DDAuthTests:54 - ************* User logged  Successfully and token successfully.***************
2026-05-11 00:10:29 DEBUG DDAuthTests:31 - ------------Debuging--------------
2026-05-11 00:10:29 INFO  DDAuthTests:32 - ===== Setup Data Started =====
2026-05-11 00:10:29 INFO  DDAuthTests:38 - ************* Login User ***************
2026-05-11 00:10:30 INFO  DDAuthTests:46 - Request sent for user login
2026-05-11 00:10:30 INFO  DDAuthTests:49 - Validating response for user login.
2026-05-11 00:10:30 INFO  DDAuthTests:54 - ************* User logged  Successfully and token successfully.***************
2026-05-11 00:10:30 DEBUG DDAuthTests:31 - ------------Debuging--------------
2026-05-11 00:10:30 INFO  DDAuthTests:32 - ===== Setup Data Started =====
2026-05-11 00:10:30 INFO  DDAuthTests:38 - ************* Login User ***************
2026-05-11 00:10:32 INFO  DDAuthTests:46 - Request sent for user login
2026-05-11 00:10:32 INFO  DDAuthTests:49 - Validating response for user login.
2026-05-11 00:10:32 INFO  DDAuthTests:54 - ************* User logged  Successfully and token successfully.***************
2026-05-11 00:10:32 DEBUG DDAuthTests:31 - ------------Debuging--------------
2026-05-11 00:10:32 INFO  DDAuthTests:32 - ===== Setup Data Started =====
2026-05-11 00:10:32 INFO  DDAuthTests:38 - ************* Login User ***************
2026-05-11 00:10:34 INFO  DDAuthTests:46 - Request sent for user login
2026-05-11 00:10:34 INFO  DDAuthTests:49 - Validating response for user login.
2026-05-11 00:10:34 INFO  DDAuthTests:54 - ************* User logged  Successfully and token successfully.***************
2026-05-11 00:10:34 DEBUG DDAuthTests:31 - ------------Debuging--------------
2026-05-11 00:10:34 INFO  DDAuthTests:32 - ===== Setup Data Started =====
2026-05-11 00:10:34 INFO  DDAuthTests:38 - ************* Login User ***************
2026-05-11 00:10:35 INFO  DDAuthTests:46 - Request sent for user login
2026-05-11 00:10:35 INFO  DDAuthTests:49 - Validating response for user login.
2026-05-11 00:10:35 INFO  DDAuthTests:54 - ************* User logged  Successfully and token successfully.***************
2026-05-11 00:10:35 INFO  DDAuthTests:61 - ************* Response Json validate successfully ***************
