2026-05-11 00:26:35 INFO  DDBookingTests:29 - ===== Booking Test Setup Started =====
2026-05-11 00:26:39 INFO  DDBookingTests:35 - Bearer Token Generated Successfully
2026-05-11 00:26:39 INFO  DDBookingTests:37 - ===== Booking Test Setup Completed =====
2026-05-11 00:26:39 DEBUG PackageRelationshipCollection:307 - Parsing relationship: /xl/_rels/workbook.xml.rels
2026-05-11 00:26:39 DEBUG PackageRelationshipCollection:307 - Parsing relationship: /_rels/.rels
2026-05-11 00:26:39 DEBUG PackageRelationshipCollection:307 - Parsing relationship: /xl/_rels/workbook.xml.rels
2026-05-11 00:26:39 DEBUG PackageRelationshipCollection:307 - Parsing relationship: /_rels/.rels
2026-05-11 00:26:39 DEBUG PackageRelationshipCollection:307 - Parsing relationship: /xl/_rels/workbook.xml.rels
2026-05-11 00:26:39 DEBUG PackageRelationshipCollection:307 - Parsing relationship: /_rels/.rels
2026-05-11 00:26:39 DEBUG PackageRelationshipCollection:307 - Parsing relationship: /xl/_rels/workbook.xml.rels
2026-05-11 00:26:39 DEBUG PackageRelationshipCollection:307 - Parsing relationship: /_rels/.rels
2026-05-11 00:26:39 DEBUG PackageRelationshipCollection:307 - Parsing relationship: /xl/_rels/workbook.xml.rels
2026-05-11 00:26:39 DEBUG PackageRelationshipCollection:307 - Parsing relationship: /_rels/.rels
2026-05-11 00:26:39 DEBUG PackageRelationshipCollection:307 - Parsing relationship: /xl/_rels/workbook.xml.rels
2026-05-11 00:26:39 DEBUG PackageRelationshipCollection:307 - Parsing relationship: /_rels/.rels
2026-05-11 00:26:39 DEBUG PackageRelationshipCollection:307 - Parsing relationship: /xl/_rels/workbook.xml.rels
2026-05-11 00:26:39 DEBUG PackageRelationshipCollection:307 - Parsing relationship: /_rels/.rels
2026-05-11 00:26:39 DEBUG PackageRelationshipCollection:307 - Parsing relationship: /xl/_rels/workbook.xml.rels
2026-05-11 00:26:39 DEBUG PackageRelationshipCollection:307 - Parsing relationship: /_rels/.rels
2026-05-11 00:26:39 DEBUG PackageRelationshipCollection:307 - Parsing relationship: /xl/_rels/workbook.xml.rels
2026-05-11 00:26:39 DEBUG PackageRelationshipCollection:307 - Parsing relationship: /_rels/.rels
2026-05-11 00:26:39 DEBUG PackageRelationshipCollection:307 - Parsing relationship: /xl/_rels/workbook.xml.rels
2026-05-11 00:26:39 DEBUG PackageRelationshipCollection:307 - Parsing relationship: /_rels/.rels
2026-05-11 00:26:39 DEBUG PackageRelationshipCollection:307 - Parsing relationship: /xl/_rels/workbook.xml.rels
2026-05-11 00:26:39 DEBUG PackageRelationshipCollection:307 - Parsing relationship: /_rels/.rels
2026-05-11 00:26:39 DEBUG PackageRelationshipCollection:307 - Parsing relationship: /xl/_rels/workbook.xml.rels
2026-05-11 00:26:39 DEBUG PackageRelationshipCollection:307 - Parsing relationship: /_rels/.rels
2026-05-11 00:26:39 DEBUG PackageRelationshipCollection:307 - Parsing relationship: /xl/_rels/workbook.xml.rels
2026-05-11 00:26:39 DEBUG PackageRelationshipCollection:307 - Parsing relationship: /_rels/.rels
2026-05-11 00:26:39 DEBUG PackageRelationshipCollection:307 - Parsing relationship: /xl/_rels/workbook.xml.rels
2026-05-11 00:26:39 DEBUG PackageRelationshipCollection:307 - Parsing relationship: /_rels/.rels
2026-05-11 00:26:39 DEBUG PackageRelationshipCollection:307 - Parsing relationship: /xl/_rels/workbook.xml.rels
2026-05-11 00:26:39 DEBUG PackageRelationshipCollection:307 - Parsing relationship: /_rels/.rels
2026-05-11 00:26:39 DEBUG PackageRelationshipCollection:307 - Parsing relationship: /xl/_rels/workbook.xml.rels
2026-05-11 00:26:39 DEBUG PackageRelationshipCollection:307 - Parsing relationship: /_rels/.rels
2026-05-11 00:26:40 DEBUG PackageRelationshipCollection:307 - Parsing relationship: /xl/_rels/workbook.xml.rels
2026-05-11 00:26:40 DEBUG PackageRelationshipCollection:307 - Parsing relationship: /_rels/.rels
2026-05-11 00:26:40 DEBUG PackageRelationshipCollection:307 - Parsing relationship: /xl/_rels/workbook.xml.rels
2026-05-11 00:26:40 DEBUG PackageRelationshipCollection:307 - Parsing relationship: /_rels/.rels
2026-05-11 00:26:40 DEBUG PackageRelationshipCollection:307 - Parsing relationship: /xl/_rels/workbook.xml.rels
2026-05-11 00:26:40 DEBUG PackageRelationshipCollection:307 - Parsing relationship: /_rels/.rels
2026-05-11 00:26:40 DEBUG PackageRelationshipCollection:307 - Parsing relationship: /xl/_rels/workbook.xml.rels
2026-05-11 00:26:40 DEBUG PackageRelationshipCollection:307 - Parsing relationship: /_rels/.rels
2026-05-11 00:26:40 DEBUG PackageRelationshipCollection:307 - Parsing relationship: /xl/_rels/workbook.xml.rels
2026-05-11 00:26:40 DEBUG PackageRelationshipCollection:307 - Parsing relationship: /_rels/.rels
2026-05-11 00:26:40 DEBUG PackageRelationshipCollection:307 - Parsing relationship: /xl/_rels/workbook.xml.rels
2026-05-11 00:26:40 DEBUG PackageRelationshipCollection:307 - Parsing relationship: /_rels/.rels
2026-05-11 00:26:40 DEBUG PackageRelationshipCollection:307 - Parsing relationship: /xl/_rels/workbook.xml.rels
2026-05-11 00:26:40 DEBUG PackageRelationshipCollection:307 - Parsing relationship: /_rels/.rels
2026-05-11 00:26:40 DEBUG PackageRelationshipCollection:307 - Parsing relationship: /xl/_rels/workbook.xml.rels
2026-05-11 00:26:40 DEBUG PackageRelationshipCollection:307 - Parsing relationship: /_rels/.rels
2026-05-11 00:26:40 DEBUG PackageRelationshipCollection:307 - Parsing relationship: /xl/_rels/workbook.xml.rels
2026-05-11 00:26:40 DEBUG PackageRelationshipCollection:307 - Parsing relationship: /_rels/.rels
2026-05-11 00:26:40 DEBUG PackageRelationshipCollection:307 - Parsing relationship: /xl/_rels/workbook.xml.rels
2026-05-11 00:26:40 DEBUG PackageRelationshipCollection:307 - Parsing relationship: /_rels/.rels
2026-05-11 00:26:40 DEBUG PackageRelationshipCollection:307 - Parsing relationship: /xl/_rels/workbook.xml.rels
2026-05-11 00:26:40 DEBUG PackageRelationshipCollection:307 - Parsing relationship: /_rels/.rels
2026-05-11 00:26:40 DEBUG PackageRelationshipCollection:307 - Parsing relationship: /xl/_rels/workbook.xml.rels
2026-05-11 00:26:40 DEBUG PackageRelationshipCollection:307 - Parsing relationship: /_rels/.rels
2026-05-11 00:26:40 DEBUG PackageRelationshipCollection:307 - Parsing relationship: /xl/_rels/workbook.xml.rels
2026-05-11 00:26:40 DEBUG PackageRelationshipCollection:307 - Parsing relationship: /_rels/.rels
2026-05-11 00:26:40 DEBUG PackageRelationshipCollection:307 - Parsing relationship: /xl/_rels/workbook.xml.rels
2026-05-11 00:26:40 DEBUG PackageRelationshipCollection:307 - Parsing relationship: /_rels/.rels
2026-05-11 00:26:40 DEBUG PackageRelationshipCollection:307 - Parsing relationship: /xl/_rels/workbook.xml.rels
2026-05-11 00:26:40 DEBUG PackageRelationshipCollection:307 - Parsing relationship: /_rels/.rels
2026-05-11 00:26:40 DEBUG PackageRelationshipCollection:307 - Parsing relationship: /xl/_rels/workbook.xml.rels
2026-05-11 00:26:40 DEBUG PackageRelationshipCollection:307 - Parsing relationship: /_rels/.rels
2026-05-11 00:26:40 DEBUG PackageRelationshipCollection:307 - Parsing relationship: /xl/_rels/workbook.xml.rels
2026-05-11 00:26:40 DEBUG PackageRelationshipCollection:307 - Parsing relationship: /_rels/.rels
2026-05-11 00:26:40 DEBUG PackageRelationshipCollection:307 - Parsing relationship: /xl/_rels/workbook.xml.rels
2026-05-11 00:26:40 DEBUG PackageRelationshipCollection:307 - Parsing relationship: /_rels/.rels
2026-05-11 00:26:40 DEBUG PackageRelationshipCollection:307 - Parsing relationship: /xl/_rels/workbook.xml.rels
2026-05-11 00:26:40 DEBUG PackageRelationshipCollection:307 - Parsing relationship: /_rels/.rels
2026-05-11 00:26:40 DEBUG PackageRelationshipCollection:307 - Parsing relationship: /xl/_rels/workbook.xml.rels
2026-05-11 00:26:40 DEBUG PackageRelationshipCollection:307 - Parsing relationship: /_rels/.rels
2026-05-11 00:26:40 DEBUG PackageRelationshipCollection:307 - Parsing relationship: /xl/_rels/workbook.xml.rels
2026-05-11 00:26:40 DEBUG PackageRelationshipCollection:307 - Parsing relationship: /_rels/.rels
